<?xml version="1.0" encoding="UTF-8"?>
<testsuite xmlns:xsi="http://www.w3.org/2001/XMLSchema-instance" xsi:noNamespaceSchemaLocation="https://maven.apache.org/surefire/maven-surefire-plugin/xsd/surefire-test-report.xsd" name="com.example.awsimageupload.MainTests" time="8.504" tests="1" errors="1" skipped="0" failures="0">
  <properties>
    <property name="java.specification.version" value="18"/>
    <property name="sun.cpu.isalist" value="amd64"/>
    <property name="sun.jnu.encoding" value="Cp1253"/>
    <property name="java.class.path" value="D:\Users\GaD.Alex\Projects\aws-image-upload\target\test-classes;D:\Users\GaD.Alex\Projects\aws-image-upload\target\classes;C:\Users\GaD.Alex\.m2\repository\org\springframework\boot\spring-boot-starter-web\2.7.3\spring-boot-starter-web-2.7.3.jar;C:\Users\GaD.Alex\.m2\repository\org\springframework\boot\spring-boot-starter\2.7.3\spring-boot-starter-2.7.3.jar;C:\Users\GaD.Alex\.m2\repository\org\springframework\boot\spring-boot\2.7.3\spring-boot-2.7.3.jar;C:\Users\GaD.Alex\.m2\repository\org\springframework\boot\spring-boot-autoconfigure\2.7.3\spring-boot-autoconfigure-2.7.3.jar;C:\Users\GaD.Alex\.m2\repository\org\springframework\boot\spring-boot-starter-logging\2.7.3\spring-boot-starter-logging-2.7.3.jar;C:\Users\GaD.Alex\.m2\repository\ch\qos\logback\logback-classic\1.2.11\logback-classic-1.2.11.jar;C:\Users\GaD.Alex\.m2\repository\ch\qos\logback\logback-core\1.2.11\logback-core-1.2.11.jar;C:\Users\GaD.Alex\.m2\repository\org\apache\logging\log4j\log4j-to-slf4j\2.17.2\log4j-to-slf4j-2.17.2.jar;C:\Users\GaD.Alex\.m2\repository\org\apache\logging\log4j\log4j-api\2.17.2\log4j-api-2.17.2.jar;C:\Users\GaD.Alex\.m2\repository\org\slf4j\jul-to-slf4j\1.7.36\jul-to-slf4j-1.7.36.jar;C:\Users\GaD.Alex\.m2\repository\jakarta\annotation\jakarta.annotation-api\1.3.5\jakarta.annotation-api-1.3.5.jar;C:\Users\GaD.Alex\.m2\repository\org\yaml\snakeyaml\1.30\snakeyaml-1.30.jar;C:\Users\GaD.Alex\.m2\repository\org\springframework\boot\spring-boot-starter-json\2.7.3\spring-boot-starter-json-2.7.3.jar;C:\Users\GaD.Alex\.m2\repository\com\fasterxml\jackson\core\jackson-databind\2.13.3\jackson-databind-2.13.3.jar;C:\Users\GaD.Alex\.m2\repository\com\fasterxml\jackson\core\jackson-annotations\2.13.3\jackson-annotations-2.13.3.jar;C:\Users\GaD.Alex\.m2\repository\com\fasterxml\jackson\core\jackson-core\2.13.3\jackson-core-2.13.3.jar;C:\Users\GaD.Alex\.m2\repository\com\fasterxml\jackson\datatype\jackson-datatype-jdk8\2.13.3\jackson-datatype-jdk8-2.13.3.jar;C:\Users\GaD.Alex\.m2\repository\com\fasterxml\jackson\datatype\jackson-datatype-jsr310\2.13.3\jackson-datatype-jsr310-2.13.3.jar;C:\Users\GaD.Alex\.m2\repository\com\fasterxml\jackson\module\jackson-module-parameter-names\2.13.3\jackson-module-parameter-names-2.13.3.jar;C:\Users\GaD.Alex\.m2\repository\org\springframework\boot\spring-boot-starter-tomcat\2.7.3\spring-boot-starter-tomcat-2.7.3.jar;C:\Users\GaD.Alex\.m2\repository\org\apache\tomcat\embed\tomcat-embed-core\9.0.65\tomcat-embed-core-9.0.65.jar;C:\Users\GaD.Alex\.m2\repository\org\apache\tomcat\embed\tomcat-embed-el\9.0.65\tomcat-embed-el-9.0.65.jar;C:\Users\GaD.Alex\.m2\repository\org\apache\tomcat\embed\tomcat-embed-websocket\9.0.65\tomcat-embed-websocket-9.0.65.jar;C:\Users\GaD.Alex\.m2\repository\org\springframework\spring-web\5.3.22\spring-web-5.3.22.jar;C:\Users\GaD.Alex\.m2\repository\org\springframework\spring-beans\5.3.22\spring-beans-5.3.22.jar;C:\Users\GaD.Alex\.m2\repository\org\springframework\spring-webmvc\5.3.22\spring-webmvc-5.3.22.jar;C:\Users\GaD.Alex\.m2\repository\org\springframework\spring-aop\5.3.22\spring-aop-5.3.22.jar;C:\Users\GaD.Alex\.m2\repository\org\springframework\spring-context\5.3.22\spring-context-5.3.22.jar;C:\Users\GaD.Alex\.m2\repository\org\springframework\spring-expression\5.3.22\spring-expression-5.3.22.jar;C:\Users\GaD.Alex\.m2\repository\org\springframework\boot\spring-boot-starter-data-jpa\2.7.3\spring-boot-starter-data-jpa-2.7.3.jar;C:\Users\GaD.Alex\.m2\repository\org\springframework\boot\spring-boot-starter-aop\2.7.3\spring-boot-starter-aop-2.7.3.jar;C:\Users\GaD.Alex\.m2\repository\org\aspectj\aspectjweaver\1.9.7\aspectjweaver-1.9.7.jar;C:\Users\GaD.Alex\.m2\repository\jakarta\transaction\jakarta.transaction-api\1.3.3\jakarta.transaction-api-1.3.3.jar;C:\Users\GaD.Alex\.m2\repository\jakarta\persistence\jakarta.persistence-api\2.2.3\jakarta.persistence-api-2.2.3.jar;C:\Users\GaD.Alex\.m2\repository\org\hibernate\hibernate-core\5.6.10.Final\hibernate-core-5.6.10.Final.jar;C:\Users\GaD.Alex\.m2\repository\org\jboss\logging\jboss-logging\3.4.3.Final\jboss-logging-3.4.3.Final.jar;C:\Users\GaD.Alex\.m2\repository\net\bytebuddy\byte-buddy\1.12.13\byte-buddy-1.12.13.jar;C:\Users\GaD.Alex\.m2\repository\antlr\antlr\2.7.7\antlr-2.7.7.jar;C:\Users\GaD.Alex\.m2\repository\org\jboss\jandex\2.4.2.Final\jandex-2.4.2.Final.jar;C:\Users\GaD.Alex\.m2\repository\com\fasterxml\classmate\1.5.1\classmate-1.5.1.jar;C:\Users\GaD.Alex\.m2\repository\org\hibernate\common\hibernate-commons-annotations\5.1.2.Final\hibernate-commons-annotations-5.1.2.Final.jar;C:\Users\GaD.Alex\.m2\repository\org\glassfish\jaxb\jaxb-runtime\2.3.6\jaxb-runtime-2.3.6.jar;C:\Users\GaD.Alex\.m2\repository\org\glassfish\jaxb\txw2\2.3.6\txw2-2.3.6.jar;C:\Users\GaD.Alex\.m2\repository\com\sun\istack\istack-commons-runtime\3.0.12\istack-commons-runtime-3.0.12.jar;C:\Users\GaD.Alex\.m2\repository\com\sun\activation\jakarta.activation\1.2.2\jakarta.activation-1.2.2.jar;C:\Users\GaD.Alex\.m2\repository\org\springframework\data\spring-data-jpa\2.7.2\spring-data-jpa-2.7.2.jar;C:\Users\GaD.Alex\.m2\repository\org\springframework\data\spring-data-commons\2.7.2\spring-data-commons-2.7.2.jar;C:\Users\GaD.Alex\.m2\repository\org\springframework\spring-orm\5.3.22\spring-orm-5.3.22.jar;C:\Users\GaD.Alex\.m2\repository\org\springframework\spring-tx\5.3.22\spring-tx-5.3.22.jar;C:\Users\GaD.Alex\.m2\repository\org\slf4j\slf4j-api\1.7.36\slf4j-api-1.7.36.jar;C:\Users\GaD.Alex\.m2\repository\org\springframework\spring-aspects\5.3.22\spring-aspects-5.3.22.jar;C:\Users\GaD.Alex\.m2\repository\org\springframework\boot\spring-boot-starter-test\2.7.3\spring-boot-starter-test-2.7.3.jar;C:\Users\GaD.Alex\.m2\repository\org\springframework\boot\spring-boot-test\2.7.3\spring-boot-test-2.7.3.jar;C:\Users\GaD.Alex\.m2\repository\org\springframework\boot\spring-boot-test-autoconfigure\2.7.3\spring-boot-test-autoconfigure-2.7.3.jar;C:\Users\GaD.Alex\.m2\repository\com\jayway\jsonpath\json-path\2.7.0\json-path-2.7.0.jar;C:\Users\GaD.Alex\.m2\repository\net\minidev\json-smart\2.4.8\json-smart-2.4.8.jar;C:\Users\GaD.Alex\.m2\repository\net\minidev\accessors-smart\2.4.8\accessors-smart-2.4.8.jar;C:\Users\GaD.Alex\.m2\repository\org\ow2\asm\asm\9.1\asm-9.1.jar;C:\Users\GaD.Alex\.m2\repository\jakarta\xml\bind\jakarta.xml.bind-api\2.3.3\jakarta.xml.bind-api-2.3.3.jar;C:\Users\GaD.Alex\.m2\repository\jakarta\activation\jakarta.activation-api\1.2.2\jakarta.activation-api-1.2.2.jar;C:\Users\GaD.Alex\.m2\repository\org\assertj\assertj-core\3.22.0\assertj-core-3.22.0.jar;C:\Users\GaD.Alex\.m2\repository\org\hamcrest\hamcrest\2.2\hamcrest-2.2.jar;C:\Users\GaD.Alex\.m2\repository\org\junit\jupiter\junit-jupiter\5.8.2\junit-jupiter-5.8.2.jar;C:\Users\GaD.Alex\.m2\repository\org\junit\jupiter\junit-jupiter-api\5.8.2\junit-jupiter-api-5.8.2.jar;C:\Users\GaD.Alex\.m2\repository\org\opentest4j\opentest4j\1.2.0\opentest4j-1.2.0.jar;C:\Users\GaD.Alex\.m2\repository\org\junit\platform\junit-platform-commons\1.8.2\junit-platform-commons-1.8.2.jar;C:\Users\GaD.Alex\.m2\repository\org\apiguardian\apiguardian-api\1.1.2\apiguardian-api-1.1.2.jar;C:\Users\GaD.Alex\.m2\repository\org\junit\jupiter\junit-jupiter-params\5.8.2\junit-jupiter-params-5.8.2.jar;C:\Users\GaD.Alex\.m2\repository\org\junit\jupiter\junit-jupiter-engine\5.8.2\junit-jupiter-engine-5.8.2.jar;C:\Users\GaD.Alex\.m2\repository\org\junit\platform\junit-platform-engine\1.8.2\junit-platform-engine-1.8.2.jar;C:\Users\GaD.Alex\.m2\repository\org\mockito\mockito-core\4.5.1\mockito-core-4.5.1.jar;C:\Users\GaD.Alex\.m2\repository\net\bytebuddy\byte-buddy-agent\1.12.13\byte-buddy-agent-1.12.13.jar;C:\Users\GaD.Alex\.m2\repository\org\objenesis\objenesis\3.2\objenesis-3.2.jar;C:\Users\GaD.Alex\.m2\repository\org\mockito\mockito-junit-jupiter\4.5.1\mockito-junit-jupiter-4.5.1.jar;C:\Users\GaD.Alex\.m2\repository\org\skyscreamer\jsonassert\1.5.1\jsonassert-1.5.1.jar;C:\Users\GaD.Alex\.m2\repository\com\vaadin\external\google\android-json\0.0.20131108.vaadin1\android-json-0.0.20131108.vaadin1.jar;C:\Users\GaD.Alex\.m2\repository\org\springframework\spring-core\5.3.22\spring-core-5.3.22.jar;C:\Users\GaD.Alex\.m2\repository\org\springframework\spring-jcl\5.3.22\spring-jcl-5.3.22.jar;C:\Users\GaD.Alex\.m2\repository\org\springframework\spring-test\5.3.22\spring-test-5.3.22.jar;C:\Users\GaD.Alex\.m2\repository\org\xmlunit\xmlunit-core\2.9.0\xmlunit-core-2.9.0.jar;C:\Users\GaD.Alex\.m2\repository\com\amazonaws\aws-java-sdk\1.12.279\aws-java-sdk-1.12.279.jar;C:\Users\GaD.Alex\.m2\repository\com\amazonaws\aws-java-sdk-licensemanagerusersubscriptions\1.12.279\aws-java-sdk-licensemanagerusersubscriptions-1.12.279.jar;C:\Users\GaD.Alex\.m2\repository\com\amazonaws\jmespath-java\1.12.279\jmespath-java-1.12.279.jar;C:\Users\GaD.Alex\.m2\repository\com\amazonaws\aws-java-sdk-iamrolesanywhere\1.12.279\aws-java-sdk-iamrolesanywhere-1.12.279.jar;C:\Users\GaD.Alex\.m2\repository\com\amazonaws\aws-java-sdk-redshiftserverless\1.12.279\aws-java-sdk-redshiftserverless-1.12.279.jar;C:\Users\GaD.Alex\.m2\repository\com\amazonaws\aws-java-sdk-connectcampaign\1.12.279\aws-java-sdk-connectcampaign-1.12.279.jar;C:\Users\GaD.Alex\.m2\repository\com\amazonaws\aws-java-sdk-mainframemodernization\1.12.279\aws-java-sdk-mainframemodernization-1.12.279.jar;C:\Users\GaD.Alex\.m2\repository\com\amazonaws\aws-java-sdk-emrserverless\1.12.279\aws-java-sdk-emrserverless-1.12.279.jar;C:\Users\GaD.Alex\.m2\repository\com\amazonaws\aws-java-sdk-chimesdkmediapipelines\1.12.279\aws-java-sdk-chimesdkmediapipelines-1.12.279.jar;C:\Users\GaD.Alex\.m2\repository\com\amazonaws\aws-java-sdk-ivschat\1.12.279\aws-java-sdk-ivschat-1.12.279.jar;C:\Users\GaD.Alex\.m2\repository\com\amazonaws\aws-java-sdk-pinpointsmsvoicev2\1.12.279\aws-java-sdk-pinpointsmsvoicev2-1.12.279.jar;C:\Users\GaD.Alex\.m2\repository\com\amazonaws\aws-java-sdk-gamesparks\1.12.279\aws-java-sdk-gamesparks-1.12.279.jar;C:\Users\GaD.Alex\.m2\repository\com\amazonaws\aws-java-sdk-billingconductor\1.12.279\aws-java-sdk-billingconductor-1.12.279.jar;C:\Users\GaD.Alex\.m2\repository\com\amazonaws\aws-java-sdk-keyspaces\1.12.279\aws-java-sdk-keyspaces-1.12.279.jar;C:\Users\GaD.Alex\.m2\repository\com\amazonaws\aws-java-sdk-amplifyuibuilder\1.12.279\aws-java-sdk-amplifyuibuilder-1.12.279.jar;C:\Users\GaD.Alex\.m2\repository\com\amazonaws\aws-java-sdk-backupgateway\1.12.279\aws-java-sdk-backupgateway-1.12.279.jar;C:\Users\GaD.Alex\.m2\repository\com\amazonaws\aws-java-sdk-workspacesweb\1.12.279\aws-java-sdk-workspacesweb-1.12.279.jar;C:\Users\GaD.Alex\.m2\repository\com\amazonaws\aws-java-sdk-iottwinmaker\1.12.279\aws-java-sdk-iottwinmaker-1.12.279.jar;C:\Users\GaD.Alex\.m2\repository\com\amazonaws\aws-java-sdk-recyclebin\1.12.279\aws-java-sdk-recyclebin-1.12.279.jar;C:\Users\GaD.Alex\.m2\repository\com\amazonaws\aws-java-sdk-cloudwatchrum\1.12.279\aws-java-sdk-cloudwatchrum-1.12.279.jar;C:\Users\GaD.Alex\.m2\repository\com\amazonaws\aws-java-sdk-cloudwatchevidently\1.12.279\aws-java-sdk-cloudwatchevidently-1.12.279.jar;C:\Users\GaD.Alex\.m2\repository\com\amazonaws\aws-java-sdk-inspector2\1.12.279\aws-java-sdk-inspector2-1.12.279.jar;C:\Users\GaD.Alex\.m2\repository\com\amazonaws\aws-java-sdk-migrationhubrefactorspaces\1.12.279\aws-java-sdk-migrationhubrefactorspaces-1.12.279.jar;C:\Users\GaD.Alex\.m2\repository\com\amazonaws\aws-java-sdk-appconfigdata\1.12.279\aws-java-sdk-appconfigdata-1.12.279.jar;C:\Users\GaD.Alex\.m2\repository\com\amazonaws\aws-java-sdk-drs\1.12.279\aws-java-sdk-drs-1.12.279.jar;C:\Users\GaD.Alex\.m2\repository\com\amazonaws\aws-java-sdk-migrationhubstrategyrecommendations\1.12.279\aws-java-sdk-migrationhubstrategyrecommendations-1.12.279.jar;C:\Users\GaD.Alex\.m2\repository\com\amazonaws\aws-java-sdk-resiliencehub\1.12.279\aws-java-sdk-resiliencehub-1.12.279.jar;C:\Users\GaD.Alex\.m2\repository\com\amazonaws\aws-java-sdk-chimesdkmeetings\1.12.279\aws-java-sdk-chimesdkmeetings-1.12.279.jar;C:\Users\GaD.Alex\.m2\repository\com\amazonaws\aws-java-sdk-panorama\1.12.279\aws-java-sdk-panorama-1.12.279.jar;C:\Users\GaD.Alex\.m2\repository\com\amazonaws\aws-java-sdk-managedgrafana\1.12.279\aws-java-sdk-managedgrafana-1.12.279.jar;C:\Users\GaD.Alex\.m2\repository\com\amazonaws\aws-java-sdk-cloudcontrolapi\1.12.279\aws-java-sdk-cloudcontrolapi-1.12.279.jar;C:\Users\GaD.Alex\.m2\repository\com\amazonaws\aws-java-sdk-account\1.12.279\aws-java-sdk-account-1.12.279.jar;C:\Users\GaD.Alex\.m2\repository\com\amazonaws\aws-java-sdk-voiceid\1.12.279\aws-java-sdk-voiceid-1.12.279.jar;C:\Users\GaD.Alex\.m2\repository\com\amazonaws\aws-java-sdk-connectwisdom\1.12.279\aws-java-sdk-connectwisdom-1.12.279.jar;C:\Users\GaD.Alex\.m2\repository\com\amazonaws\aws-java-sdk-kafkaconnect\1.12.279\aws-java-sdk-kafkaconnect-1.12.279.jar;C:\Users\GaD.Alex\.m2\repository\com\amazonaws\aws-java-sdk-opensearch\1.12.279\aws-java-sdk-opensearch-1.12.279.jar;C:\Users\GaD.Alex\.m2\repository\com\amazonaws\aws-java-sdk-memorydb\1.12.279\aws-java-sdk-memorydb-1.12.279.jar;C:\Users\GaD.Alex\.m2\repository\com\amazonaws\aws-java-sdk-snowdevicemanagement\1.12.279\aws-java-sdk-snowdevicemanagement-1.12.279.jar;C:\Users\GaD.Alex\.m2\repository\com\amazonaws\aws-java-sdk-chimesdkidentity\1.12.279\aws-java-sdk-chimesdkidentity-1.12.279.jar;C:\Users\GaD.Alex\.m2\repository\com\amazonaws\aws-java-sdk-chimesdkmessaging\1.12.279\aws-java-sdk-chimesdkmessaging-1.12.279.jar;C:\Users\GaD.Alex\.m2\repository\com\amazonaws\aws-java-sdk-route53recoverycluster\1.12.279\aws-java-sdk-route53recoverycluster-1.12.279.jar;C:\Users\GaD.Alex\.m2\repository\com\amazonaws\aws-java-sdk-route53recoverycontrolconfig\1.12.279\aws-java-sdk-route53recoverycontrolconfig-1.12.279.jar;C:\Users\GaD.Alex\.m2\repository\com\amazonaws\aws-java-sdk-route53recoveryreadiness\1.12.279\aws-java-sdk-route53recoveryreadiness-1.12.279.jar;C:\Users\GaD.Alex\.m2\repository\com\amazonaws\aws-java-sdk-proton\1.12.279\aws-java-sdk-proton-1.12.279.jar;C:\Users\GaD.Alex\.m2\repository\com\amazonaws\aws-java-sdk-apprunner\1.12.279\aws-java-sdk-apprunner-1.12.279.jar;C:\Users\GaD.Alex\.m2\repository\com\amazonaws\aws-java-sdk-applicationcostprofiler\1.12.279\aws-java-sdk-applicationcostprofiler-1.12.279.jar;C:\Users\GaD.Alex\.m2\repository\com\amazonaws\aws-java-sdk-ssmcontacts\1.12.279\aws-java-sdk-ssmcontacts-1.12.279.jar;C:\Users\GaD.Alex\.m2\repository\com\amazonaws\aws-java-sdk-ssmincidents\1.12.279\aws-java-sdk-ssmincidents-1.12.279.jar;C:\Users\GaD.Alex\.m2\repository\com\amazonaws\aws-java-sdk-finspacedata\1.12.279\aws-java-sdk-finspacedata-1.12.279.jar;C:\Users\GaD.Alex\.m2\repository\com\amazonaws\aws-java-sdk-finspace\1.12.279\aws-java-sdk-finspace-1.12.279.jar;C:\Users\GaD.Alex\.m2\repository\com\amazonaws\aws-java-sdk-nimblestudio\1.12.279\aws-java-sdk-nimblestudio-1.12.279.jar;C:\Users\GaD.Alex\.m2\repository\com\amazonaws\aws-java-sdk-lookoutequipment\1.12.279\aws-java-sdk-lookoutequipment-1.12.279.jar;C:\Users\GaD.Alex\.m2\repository\com\amazonaws\aws-java-sdk-mgn\1.12.279\aws-java-sdk-mgn-1.12.279.jar;C:\Users\GaD.Alex\.m2\repository\com\amazonaws\aws-java-sdk-lookoutmetrics\1.12.279\aws-java-sdk-lookoutmetrics-1.12.279.jar;C:\Users\GaD.Alex\.m2\repository\com\amazonaws\aws-java-sdk-fis\1.12.279\aws-java-sdk-fis-1.12.279.jar;C:\Users\GaD.Alex\.m2\repository\com\amazonaws\aws-java-sdk-lexmodelsv2\1.12.279\aws-java-sdk-lexmodelsv2-1.12.279.jar;C:\Users\GaD.Alex\.m2\repository\com\amazonaws\aws-java-sdk-lexruntimev2\1.12.279\aws-java-sdk-lexruntimev2-1.12.279.jar;C:\Users\GaD.Alex\.m2\repository\com\amazonaws\aws-java-sdk-wellarchitected\1.12.279\aws-java-sdk-wellarchitected-1.12.279.jar;C:\Users\GaD.Alex\.m2\repository\com\amazonaws\aws-java-sdk-location\1.12.279\aws-java-sdk-location-1.12.279.jar;C:\Users\GaD.Alex\.m2\repository\com\amazonaws\aws-java-sdk-iotdeviceadvisor\1.12.279\aws-java-sdk-iotdeviceadvisor-1.12.279.jar;C:\Users\GaD.Alex\.m2\repository\com\amazonaws\aws-java-sdk-iotfleethub\1.12.279\aws-java-sdk-iotfleethub-1.12.279.jar;C:\Users\GaD.Alex\.m2\repository\com\amazonaws\aws-java-sdk-iotwireless\1.12.279\aws-java-sdk-iotwireless-1.12.279.jar;C:\Users\GaD.Alex\.m2\repository\com\amazonaws\aws-java-sdk-greengrassv2\1.12.279\aws-java-sdk-greengrassv2-1.12.279.jar;C:\Users\GaD.Alex\.m2\repository\com\amazonaws\aws-java-sdk-prometheus\1.12.279\aws-java-sdk-prometheus-1.12.279.jar;C:\Users\GaD.Alex\.m2\repository\com\amazonaws\aws-java-sdk-auditmanager\1.12.279\aws-java-sdk-auditmanager-1.12.279.jar;C:\Users\GaD.Alex\.m2\repository\com\amazonaws\aws-java-sdk-healthlake\1.12.279\aws-java-sdk-healthlake-1.12.279.jar;C:\Users\GaD.Alex\.m2\repository\com\amazonaws\aws-java-sdk-sagemakeredgemanager\1.12.279\aws-java-sdk-sagemakeredgemanager-1.12.279.jar;C:\Users\GaD.Alex\.m2\repository\com\amazonaws\aws-java-sdk-emrcontainers\1.12.279\aws-java-sdk-emrcontainers-1.12.279.jar;C:\Users\GaD.Alex\.m2\repository\com\amazonaws\aws-java-sdk-customerprofiles\1.12.279\aws-java-sdk-customerprofiles-1.12.279.jar;C:\Users\GaD.Alex\.m2\repository\com\amazonaws\aws-java-sdk-lookoutforvision\1.12.279\aws-java-sdk-lookoutforvision-1.12.279.jar;C:\Users\GaD.Alex\.m2\repository\com\amazonaws\aws-java-sdk-connectcontactlens\1.12.279\aws-java-sdk-connectcontactlens-1.12.279.jar;C:\Users\GaD.Alex\.m2\repository\com\amazonaws\aws-java-sdk-amplifybackend\1.12.279\aws-java-sdk-amplifybackend-1.12.279.jar;C:\Users\GaD.Alex\.m2\repository\com\amazonaws\aws-java-sdk-ecrpublic\1.12.279\aws-java-sdk-ecrpublic-1.12.279.jar;C:\Users\GaD.Alex\.m2\repository\com\amazonaws\aws-java-sdk-appintegrations\1.12.279\aws-java-sdk-appintegrations-1.12.279.jar;C:\Users\GaD.Alex\.m2\repository\com\amazonaws\aws-java-sdk-sagemakerfeaturestoreruntime\1.12.279\aws-java-sdk-sagemakerfeaturestoreruntime-1.12.279.jar;C:\Users\GaD.Alex\.m2\repository\com\amazonaws\aws-java-sdk-devopsguru\1.12.279\aws-java-sdk-devopsguru-1.12.279.jar;C:\Users\GaD.Alex\.m2\repository\com\amazonaws\aws-java-sdk-mwaa\1.12.279\aws-java-sdk-mwaa-1.12.279.jar;C:\Users\GaD.Alex\.m2\repository\com\amazonaws\aws-java-sdk-networkfirewall\1.12.279\aws-java-sdk-networkfirewall-1.12.279.jar;C:\Users\GaD.Alex\.m2\repository\com\amazonaws\aws-java-sdk-appregistry\1.12.279\aws-java-sdk-appregistry-1.12.279.jar;C:\Users\GaD.Alex\.m2\repository\com\amazonaws\aws-java-sdk-gluedatabrew\1.12.279\aws-java-sdk-gluedatabrew-1.12.279.jar;C:\Users\GaD.Alex\.m2\repository\com\amazonaws\aws-java-sdk-s3outposts\1.12.279\aws-java-sdk-s3outposts-1.12.279.jar;C:\Users\GaD.Alex\.m2\repository\com\amazonaws\aws-java-sdk-timestreamquery\1.12.279\aws-java-sdk-timestreamquery-1.12.279.jar;C:\Users\GaD.Alex\.m2\repository\com\amazonaws\aws-java-sdk-timestreamwrite\1.12.279\aws-java-sdk-timestreamwrite-1.12.279.jar;C:\Users\GaD.Alex\.m2\repository\com\amazonaws\aws-java-sdk-ssoadmin\1.12.279\aws-java-sdk-ssoadmin-1.12.279.jar;C:\Users\GaD.Alex\.m2\repository\com\amazonaws\aws-java-sdk-redshiftdataapi\1.12.279\aws-java-sdk-redshiftdataapi-1.12.279.jar;C:\Users\GaD.Alex\.m2\repository\com\amazonaws\aws-java-sdk-appflow\1.12.279\aws-java-sdk-appflow-1.12.279.jar;C:\Users\GaD.Alex\.m2\repository\com\amazonaws\aws-java-sdk-identitystore\1.12.279\aws-java-sdk-identitystore-1.12.279.jar;C:\Users\GaD.Alex\.m2\repository\com\amazonaws\aws-java-sdk-braket\1.12.279\aws-java-sdk-braket-1.12.279.jar;C:\Users\GaD.Alex\.m2\repository\com\amazonaws\aws-java-sdk-ivs\1.12.279\aws-java-sdk-ivs-1.12.279.jar;C:\Users\GaD.Alex\.m2\repository\com\amazonaws\aws-java-sdk-honeycode\1.12.279\aws-java-sdk-honeycode-1.12.279.jar;C:\Users\GaD.Alex\.m2\repository\com\amazonaws\aws-java-sdk-codeartifact\1.12.279\aws-java-sdk-codeartifact-1.12.279.jar;C:\Users\GaD.Alex\.m2\repository\com\amazonaws\aws-java-sdk-macie2\1.12.279\aws-java-sdk-macie2-1.12.279.jar;C:\Users\GaD.Alex\.m2\repository\com\amazonaws\aws-java-sdk-iotsitewise\1.12.279\aws-java-sdk-iotsitewise-1.12.279.jar;C:\Users\GaD.Alex\.m2\repository\com\amazonaws\aws-java-sdk-synthetics\1.12.279\aws-java-sdk-synthetics-1.12.279.jar;C:\Users\GaD.Alex\.m2\repository\com\amazonaws\aws-java-sdk-codestarconnections\1.12.279\aws-java-sdk-codestarconnections-1.12.279.jar;C:\Users\GaD.Alex\.m2\repository\com\amazonaws\aws-java-sdk-detective\1.12.279\aws-java-sdk-detective-1.12.279.jar;C:\Users\GaD.Alex\.m2\repository\com\amazonaws\aws-java-sdk-kinesisvideosignalingchannels\1.12.279\aws-java-sdk-kinesisvideosignalingchannels-1.12.279.jar;C:\Users\GaD.Alex\.m2\repository\com\amazonaws\aws-java-sdk-ebs\1.12.279\aws-java-sdk-ebs-1.12.279.jar;C:\Users\GaD.Alex\.m2\repository\com\amazonaws\aws-java-sdk-augmentedairuntime\1.12.279\aws-java-sdk-augmentedairuntime-1.12.279.jar;C:\Users\GaD.Alex\.m2\repository\com\amazonaws\aws-java-sdk-outposts\1.12.279\aws-java-sdk-outposts-1.12.279.jar;C:\Users\GaD.Alex\.m2\repository\com\amazonaws\aws-java-sdk-codeguruprofiler\1.12.279\aws-java-sdk-codeguruprofiler-1.12.279.jar;C:\Users\GaD.Alex\.m2\repository\com\amazonaws\aws-java-sdk-codegurureviewer\1.12.279\aws-java-sdk-codegurureviewer-1.12.279.jar;C:\Users\GaD.Alex\.m2\repository\com\amazonaws\aws-java-sdk-frauddetector\1.12.279\aws-java-sdk-frauddetector-1.12.279.jar;C:\Users\GaD.Alex\.m2\repository\com\amazonaws\aws-java-sdk-kendra\1.12.279\aws-java-sdk-kendra-1.12.279.jar;C:\Users\GaD.Alex\.m2\repository\com\amazonaws\aws-java-sdk-networkmanager\1.12.279\aws-java-sdk-networkmanager-1.12.279.jar;C:\Users\GaD.Alex\.m2\repository\com\amazonaws\aws-java-sdk-computeoptimizer\1.12.279\aws-java-sdk-computeoptimizer-1.12.279.jar;C:\Users\GaD.Alex\.m2\repository\com\amazonaws\aws-java-sdk-accessanalyzer\1.12.279\aws-java-sdk-accessanalyzer-1.12.279.jar;C:\Users\GaD.Alex\.m2\repository\com\amazonaws\aws-java-sdk-schemas\1.12.279\aws-java-sdk-schemas-1.12.279.jar;C:\Users\GaD.Alex\.m2\repository\com\amazonaws\aws-java-sdk-imagebuilder\1.12.279\aws-java-sdk-imagebuilder-1.12.279.jar;C:\Users\GaD.Alex\.m2\repository\com\amazonaws\aws-java-sdk-elasticinference\1.12.279\aws-java-sdk-elasticinference-1.12.279.jar;C:\Users\GaD.Alex\.m2\repository\com\amazonaws\aws-java-sdk-iotsecuretunneling\1.12.279\aws-java-sdk-iotsecuretunneling-1.12.279.jar;C:\Users\GaD.Alex\.m2\repository\com\amazonaws\aws-java-sdk-appconfig\1.12.279\aws-java-sdk-appconfig-1.12.279.jar;C:\Users\GaD.Alex\.m2\repository\com\amazonaws\aws-java-sdk-wafv2\1.12.279\aws-java-sdk-wafv2-1.12.279.jar;C:\Users\GaD.Alex\.m2\repository\com\amazonaws\aws-java-sdk-connectparticipant\1.12.279\aws-java-sdk-connectparticipant-1.12.279.jar;C:\Users\GaD.Alex\.m2\repository\com\amazonaws\aws-java-sdk-migrationhubconfig\1.12.279\aws-java-sdk-migrationhubconfig-1.12.279.jar;C:\Users\GaD.Alex\.m2\repository\com\amazonaws\aws-java-sdk-dataexchange\1.12.279\aws-java-sdk-dataexchange-1.12.279.jar;C:\Users\GaD.Alex\.m2\repository\com\amazonaws\aws-java-sdk-sesv2\1.12.279\aws-java-sdk-sesv2-1.12.279.jar;C:\Users\GaD.Alex\.m2\repository\com\amazonaws\aws-java-sdk-marketplacecatalog\1.12.279\aws-java-sdk-marketplacecatalog-1.12.279.jar;C:\Users\GaD.Alex\.m2\repository\com\amazonaws\aws-java-sdk-ssooidc\1.12.279\aws-java-sdk-ssooidc-1.12.279.jar;C:\Users\GaD.Alex\.m2\repository\com\amazonaws\aws-java-sdk-sso\1.12.279\aws-java-sdk-sso-1.12.279.jar;C:\Users\GaD.Alex\.m2\repository\com\amazonaws\aws-java-sdk-savingsplans\1.12.279\aws-java-sdk-savingsplans-1.12.279.jar;C:\Users\GaD.Alex\.m2\repository\com\amazonaws\aws-java-sdk-codestarnotifications\1.12.279\aws-java-sdk-codestarnotifications-1.12.279.jar;C:\Users\GaD.Alex\.m2\repository\com\amazonaws\aws-java-sdk-workmailmessageflow\1.12.279\aws-java-sdk-workmailmessageflow-1.12.279.jar;C:\Users\GaD.Alex\.m2\repository\com\amazonaws\aws-java-sdk-qldbsession\1.12.279\aws-java-sdk-qldbsession-1.12.279.jar;C:\Users\GaD.Alex\.m2\repository\com\amazonaws\aws-java-sdk-qldb\1.12.279\aws-java-sdk-qldb-1.12.279.jar;C:\Users\GaD.Alex\.m2\repository\com\amazonaws\aws-java-sdk-forecastquery\1.12.279\aws-java-sdk-forecastquery-1.12.279.jar;C:\Users\GaD.Alex\.m2\repository\com\amazonaws\aws-java-sdk-forecast\1.12.279\aws-java-sdk-forecast-1.12.279.jar;C:\Users\GaD.Alex\.m2\repository\com\amazonaws\aws-java-sdk-lakeformation\1.12.279\aws-java-sdk-lakeformation-1.12.279.jar;C:\Users\GaD.Alex\.m2\repository\com\amazonaws\aws-java-sdk-eventbridge\1.12.279\aws-java-sdk-eventbridge-1.12.279.jar;C:\Users\GaD.Alex\.m2\repository\com\amazonaws\aws-java-sdk-ec2instanceconnect\1.12.279\aws-java-sdk-ec2instanceconnect-1.12.279.jar;C:\Users\GaD.Alex\.m2\repository\com\amazonaws\aws-java-sdk-applicationinsights\1.12.279\aws-java-sdk-applicationinsights-1.12.279.jar;C:\Users\GaD.Alex\.m2\repository\com\amazonaws\aws-java-sdk-servicequotas\1.12.279\aws-java-sdk-servicequotas-1.12.279.jar;C:\Users\GaD.Alex\.m2\repository\com\amazonaws\aws-java-sdk-personalizeevents\1.12.279\aws-java-sdk-personalizeevents-1.12.279.jar;C:\Users\GaD.Alex\.m2\repository\com\amazonaws\aws-java-sdk-personalize\1.12.279\aws-java-sdk-personalize-1.12.279.jar;C:\Users\GaD.Alex\.m2\repository\com\amazonaws\aws-java-sdk-personalizeruntime\1.12.279\aws-java-sdk-personalizeruntime-1.12.279.jar;C:\Users\GaD.Alex\.m2\repository\com\amazonaws\aws-java-sdk-ioteventsdata\1.12.279\aws-java-sdk-ioteventsdata-1.12.279.jar;C:\Users\GaD.Alex\.m2\repository\com\amazonaws\aws-java-sdk-iotevents\1.12.279\aws-java-sdk-iotevents-1.12.279.jar;C:\Users\GaD.Alex\.m2\repository\com\amazonaws\aws-java-sdk-iotthingsgraph\1.12.279\aws-java-sdk-iotthingsgraph-1.12.279.jar;C:\Users\GaD.Alex\.m2\repository\com\amazonaws\aws-java-sdk-groundstation\1.12.279\aws-java-sdk-groundstation-1.12.279.jar;C:\Users\GaD.Alex\.m2\repository\com\amazonaws\aws-java-sdk-mediapackagevod\1.12.279\aws-java-sdk-mediapackagevod-1.12.279.jar;C:\Users\GaD.Alex\.m2\repository\com\amazonaws\aws-java-sdk-managedblockchain\1.12.279\aws-java-sdk-managedblockchain-1.12.279.jar;C:\Users\GaD.Alex\.m2\repository\com\amazonaws\aws-java-sdk-textract\1.12.279\aws-java-sdk-textract-1.12.279.jar;C:\Users\GaD.Alex\.m2\repository\com\amazonaws\aws-java-sdk-worklink\1.12.279\aws-java-sdk-worklink-1.12.279.jar;C:\Users\GaD.Alex\.m2\repository\com\amazonaws\aws-java-sdk-backup\1.12.279\aws-java-sdk-backup-1.12.279.jar;C:\Users\GaD.Alex\.m2\repository\com\amazonaws\aws-java-sdk-docdb\1.12.279\aws-java-sdk-docdb-1.12.279.jar;C:\Users\GaD.Alex\.m2\repository\com\amazonaws\aws-java-sdk-apigatewayv2\1.12.279\aws-java-sdk-apigatewayv2-1.12.279.jar;C:\Users\GaD.Alex\.m2\repository\com\amazonaws\aws-java-sdk-apigatewaymanagementapi\1.12.279\aws-java-sdk-apigatewaymanagementapi-1.12.279.jar;C:\Users\GaD.Alex\.m2\repository\com\amazonaws\aws-java-sdk-kafka\1.12.279\aws-java-sdk-kafka-1.12.279.jar;C:\Users\GaD.Alex\.m2\repository\com\amazonaws\aws-java-sdk-appmesh\1.12.279\aws-java-sdk-appmesh-1.12.279.jar;C:\Users\GaD.Alex\.m2\repository\com\amazonaws\aws-java-sdk-licensemanager\1.12.279\aws-java-sdk-licensemanager-1.12.279.jar;C:\Users\GaD.Alex\.m2\repository\com\amazonaws\aws-java-sdk-securityhub\1.12.279\aws-java-sdk-securityhub-1.12.279.jar;C:\Users\GaD.Alex\.m2\repository\com\amazonaws\aws-java-sdk-fsx\1.12.279\aws-java-sdk-fsx-1.12.279.jar;C:\Users\GaD.Alex\.m2\repository\com\amazonaws\aws-java-sdk-mediaconnect\1.12.279\aws-java-sdk-mediaconnect-1.12.279.jar;C:\Users\GaD.Alex\.m2\repository\com\amazonaws\aws-java-sdk-kinesisanalyticsv2\1.12.279\aws-java-sdk-kinesisanalyticsv2-1.12.279.jar;C:\Users\GaD.Alex\.m2\repository\com\amazonaws\aws-java-sdk-comprehendmedical\1.12.279\aws-java-sdk-comprehendmedical-1.12.279.jar;C:\Users\GaD.Alex\.m2\repository\com\amazonaws\aws-java-sdk-globalaccelerator\1.12.279\aws-java-sdk-globalaccelerator-1.12.279.jar;C:\Users\GaD.Alex\.m2\repository\com\amazonaws\aws-java-sdk-transfer\1.12.279\aws-java-sdk-transfer-1.12.279.jar;C:\Users\GaD.Alex\.m2\repository\com\amazonaws\aws-java-sdk-datasync\1.12.279\aws-java-sdk-datasync-1.12.279.jar;C:\Users\GaD.Alex\.m2\repository\com\amazonaws\aws-java-sdk-robomaker\1.12.279\aws-java-sdk-robomaker-1.12.279.jar;C:\Users\GaD.Alex\.m2\repository\com\amazonaws\aws-java-sdk-amplify\1.12.279\aws-java-sdk-amplify-1.12.279.jar;C:\Users\GaD.Alex\.m2\repository\com\amazonaws\aws-java-sdk-quicksight\1.12.279\aws-java-sdk-quicksight-1.12.279.jar;C:\Users\GaD.Alex\.m2\repository\com\amazonaws\aws-java-sdk-rdsdata\1.12.279\aws-java-sdk-rdsdata-1.12.279.jar;C:\Users\GaD.Alex\.m2\repository\com\amazonaws\aws-java-sdk-route53resolver\1.12.279\aws-java-sdk-route53resolver-1.12.279.jar;C:\Users\GaD.Alex\.m2\repository\com\amazonaws\aws-java-sdk-ram\1.12.279\aws-java-sdk-ram-1.12.279.jar;C:\Users\GaD.Alex\.m2\repository\com\amazonaws\aws-java-sdk-s3control\1.12.279\aws-java-sdk-s3control-1.12.279.jar;C:\Users\GaD.Alex\.m2\repository\com\amazonaws\aws-java-sdk-pinpointsmsvoice\1.12.279\aws-java-sdk-pinpointsmsvoice-1.12.279.jar;C:\Users\GaD.Alex\.m2\repository\com\amazonaws\aws-java-sdk-pinpointemail\1.12.279\aws-java-sdk-pinpointemail-1.12.279.jar;C:\Users\GaD.Alex\.m2\repository\com\amazonaws\aws-java-sdk-chime\1.12.279\aws-java-sdk-chime-1.12.279.jar;C:\Users\GaD.Alex\.m2\repository\com\amazonaws\aws-java-sdk-signer\1.12.279\aws-java-sdk-signer-1.12.279.jar;C:\Users\GaD.Alex\.m2\repository\com\amazonaws\aws-java-sdk-dlm\1.12.279\aws-java-sdk-dlm-1.12.279.jar;C:\Users\GaD.Alex\.m2\repository\com\amazonaws\aws-java-sdk-macie\1.12.279\aws-java-sdk-macie-1.12.279.jar;C:\Users\GaD.Alex\.m2\repository\com\amazonaws\aws-java-sdk-eks\1.12.279\aws-java-sdk-eks-1.12.279.jar;C:\Users\GaD.Alex\.m2\repository\com\amazonaws\aws-java-sdk-mediatailor\1.12.279\aws-java-sdk-mediatailor-1.12.279.jar;C:\Users\GaD.Alex\.m2\repository\com\amazonaws\aws-java-sdk-neptune\1.12.279\aws-java-sdk-neptune-1.12.279.jar;C:\Users\GaD.Alex\.m2\repository\com\amazonaws\aws-java-sdk-pi\1.12.279\aws-java-sdk-pi-1.12.279.jar;C:\Users\GaD.Alex\.m2\repository\com\amazonaws\aws-java-sdk-iot1clickprojects\1.12.279\aws-java-sdk-iot1clickprojects-1.12.279.jar;C:\Users\GaD.Alex\.m2\repository\com\amazonaws\aws-java-sdk-iot1clickdevices\1.12.279\aws-java-sdk-iot1clickdevices-1.12.279.jar;C:\Users\GaD.Alex\.m2\repository\com\amazonaws\aws-java-sdk-iotanalytics\1.12.279\aws-java-sdk-iotanalytics-1.12.279.jar;C:\Users\GaD.Alex\.m2\repository\com\amazonaws\aws-java-sdk-acmpca\1.12.279\aws-java-sdk-acmpca-1.12.279.jar;C:\Users\GaD.Alex\.m2\repository\com\amazonaws\aws-java-sdk-secretsmanager\1.12.279\aws-java-sdk-secretsmanager-1.12.279.jar;C:\Users\GaD.Alex\.m2\repository\com\amazonaws\aws-java-sdk-fms\1.12.279\aws-java-sdk-fms-1.12.279.jar;C:\Users\GaD.Alex\.m2\repository\com\amazonaws\aws-java-sdk-connect\1.12.279\aws-java-sdk-connect-1.12.279.jar;C:\Users\GaD.Alex\.m2\repository\com\amazonaws\aws-java-sdk-transcribe\1.12.279\aws-java-sdk-transcribe-1.12.279.jar;C:\Users\GaD.Alex\.m2\repository\com\amazonaws\aws-java-sdk-autoscalingplans\1.12.279\aws-java-sdk-autoscalingplans-1.12.279.jar;C:\Users\GaD.Alex\.m2\repository\com\amazonaws\aws-java-sdk-workmail\1.12.279\aws-java-sdk-workmail-1.12.279.jar;C:\Users\GaD.Alex\.m2\repository\com\amazonaws\aws-java-sdk-servicediscovery\1.12.279\aws-java-sdk-servicediscovery-1.12.279.jar;C:\Users\GaD.Alex\.m2\repository\com\amazonaws\aws-java-sdk-cloud9\1.12.279\aws-java-sdk-cloud9-1.12.279.jar;C:\Users\GaD.Alex\.m2\repository\com\amazonaws\aws-java-sdk-serverlessapplicationrepository\1.12.279\aws-java-sdk-serverlessapplicationrepository-1.12.279.jar;C:\Users\GaD.Alex\.m2\repository\com\amazonaws\aws-java-sdk-alexaforbusiness\1.12.279\aws-java-sdk-alexaforbusiness-1.12.279.jar;C:\Users\GaD.Alex\.m2\repository\com\amazonaws\aws-java-sdk-resourcegroups\1.12.279\aws-java-sdk-resourcegroups-1.12.279.jar;C:\Users\GaD.Alex\.m2\repository\com\amazonaws\aws-java-sdk-comprehend\1.12.279\aws-java-sdk-comprehend-1.12.279.jar;C:\Users\GaD.Alex\.m2\repository\com\amazonaws\aws-java-sdk-translate\1.12.279\aws-java-sdk-translate-1.12.279.jar;C:\Users\GaD.Alex\.m2\repository\com\amazonaws\aws-java-sdk-sagemaker\1.12.279\aws-java-sdk-sagemaker-1.12.279.jar;C:\Users\GaD.Alex\.m2\repository\com\amazonaws\aws-java-sdk-iotjobsdataplane\1.12.279\aws-java-sdk-iotjobsdataplane-1.12.279.jar;C:\Users\GaD.Alex\.m2\repository\com\amazonaws\aws-java-sdk-sagemakerruntime\1.12.279\aws-java-sdk-sagemakerruntime-1.12.279.jar;C:\Users\GaD.Alex\.m2\repository\com\amazonaws\aws-java-sdk-kinesisvideo\1.12.279\aws-java-sdk-kinesisvideo-1.12.279.jar;C:\Users\GaD.Alex\.m2\repository\io\netty\netty-codec-http\4.1.79.Final\netty-codec-http-4.1.79.Final.jar;C:\Users\GaD.Alex\.m2\repository\io\netty\netty-common\4.1.79.Final\netty-common-4.1.79.Final.jar;C:\Users\GaD.Alex\.m2\repository\io\netty\netty-buffer\4.1.79.Final\netty-buffer-4.1.79.Final.jar;C:\Users\GaD.Alex\.m2\repository\io\netty\netty-transport\4.1.79.Final\netty-transport-4.1.79.Final.jar;C:\Users\GaD.Alex\.m2\repository\io\netty\netty-codec\4.1.79.Final\netty-codec-4.1.79.Final.jar;C:\Users\GaD.Alex\.m2\repository\io\netty\netty-handler\4.1.79.Final\netty-handler-4.1.79.Final.jar;C:\Users\GaD.Alex\.m2\repository\io\netty\netty-resolver\4.1.79.Final\netty-resolver-4.1.79.Final.jar;C:\Users\GaD.Alex\.m2\repository\io\netty\netty-transport-native-unix-common\4.1.79.Final\netty-transport-native-unix-common-4.1.79.Final.jar;C:\Users\GaD.Alex\.m2\repository\com\amazonaws\aws-java-sdk-appsync\1.12.279\aws-java-sdk-appsync-1.12.279.jar;C:\Users\GaD.Alex\.m2\repository\com\amazonaws\aws-java-sdk-guardduty\1.12.279\aws-java-sdk-guardduty-1.12.279.jar;C:\Users\GaD.Alex\.m2\repository\com\amazonaws\aws-java-sdk-mq\1.12.279\aws-java-sdk-mq-1.12.279.jar;C:\Users\GaD.Alex\.m2\repository\com\amazonaws\aws-java-sdk-mediaconvert\1.12.279\aws-java-sdk-mediaconvert-1.12.279.jar;C:\Users\GaD.Alex\.m2\repository\com\amazonaws\aws-java-sdk-mediastore\1.12.279\aws-java-sdk-mediastore-1.12.279.jar;C:\Users\GaD.Alex\.m2\repository\com\amazonaws\aws-java-sdk-mediastoredata\1.12.279\aws-java-sdk-mediastoredata-1.12.279.jar;C:\Users\GaD.Alex\.m2\repository\com\amazonaws\aws-java-sdk-medialive\1.12.279\aws-java-sdk-medialive-1.12.279.jar;C:\Users\GaD.Alex\.m2\repository\com\amazonaws\aws-java-sdk-mediapackage\1.12.279\aws-java-sdk-mediapackage-1.12.279.jar;C:\Users\GaD.Alex\.m2\repository\com\amazonaws\aws-java-sdk-costexplorer\1.12.279\aws-java-sdk-costexplorer-1.12.279.jar;C:\Users\GaD.Alex\.m2\repository\com\amazonaws\aws-java-sdk-pricing\1.12.279\aws-java-sdk-pricing-1.12.279.jar;C:\Users\GaD.Alex\.m2\repository\com\amazonaws\aws-java-sdk-mobile\1.12.279\aws-java-sdk-mobile-1.12.279.jar;C:\Users\GaD.Alex\.m2\repository\com\amazonaws\aws-java-sdk-cloudhsmv2\1.12.279\aws-java-sdk-cloudhsmv2-1.12.279.jar;C:\Users\GaD.Alex\.m2\repository\com\amazonaws\aws-java-sdk-glue\1.12.279\aws-java-sdk-glue-1.12.279.jar;C:\Users\GaD.Alex\.m2\repository\com\amazonaws\aws-java-sdk-migrationhub\1.12.279\aws-java-sdk-migrationhub-1.12.279.jar;C:\Users\GaD.Alex\.m2\repository\com\amazonaws\aws-java-sdk-dax\1.12.279\aws-java-sdk-dax-1.12.279.jar;C:\Users\GaD.Alex\.m2\repository\com\amazonaws\aws-java-sdk-greengrass\1.12.279\aws-java-sdk-greengrass-1.12.279.jar;C:\Users\GaD.Alex\.m2\repository\com\amazonaws\aws-java-sdk-athena\1.12.279\aws-java-sdk-athena-1.12.279.jar;C:\Users\GaD.Alex\.m2\repository\com\amazonaws\aws-java-sdk-marketplaceentitlement\1.12.279\aws-java-sdk-marketplaceentitlement-1.12.279.jar;C:\Users\GaD.Alex\.m2\repository\com\amazonaws\aws-java-sdk-codestar\1.12.279\aws-java-sdk-codestar-1.12.279.jar;C:\Users\GaD.Alex\.m2\repository\com\amazonaws\aws-java-sdk-lexmodelbuilding\1.12.279\aws-java-sdk-lexmodelbuilding-1.12.279.jar;C:\Users\GaD.Alex\.m2\repository\com\amazonaws\aws-java-sdk-resourcegroupstaggingapi\1.12.279\aws-java-sdk-resourcegroupstaggingapi-1.12.279.jar;C:\Users\GaD.Alex\.m2\repository\com\amazonaws\aws-java-sdk-pinpoint\1.12.279\aws-java-sdk-pinpoint-1.12.279.jar;C:\Users\GaD.Alex\.m2\repository\com\amazonaws\aws-java-sdk-xray\1.12.279\aws-java-sdk-xray-1.12.279.jar;C:\Users\GaD.Alex\.m2\repository\com\amazonaws\aws-java-sdk-opsworkscm\1.12.279\aws-java-sdk-opsworkscm-1.12.279.jar;C:\Users\GaD.Alex\.m2\repository\com\amazonaws\aws-java-sdk-support\1.12.279\aws-java-sdk-support-1.12.279.jar;C:\Users\GaD.Alex\.m2\repository\com\amazonaws\aws-java-sdk-simpledb\1.12.279\aws-java-sdk-simpledb-1.12.279.jar;C:\Users\GaD.Alex\.m2\repository\com\amazonaws\aws-java-sdk-servicecatalog\1.12.279\aws-java-sdk-servicecatalog-1.12.279.jar;C:\Users\GaD.Alex\.m2\repository\com\amazonaws\aws-java-sdk-servermigration\1.12.279\aws-java-sdk-servermigration-1.12.279.jar;C:\Users\GaD.Alex\.m2\repository\com\amazonaws\aws-java-sdk-simpleworkflow\1.12.279\aws-java-sdk-simpleworkflow-1.12.279.jar;C:\Users\GaD.Alex\.m2\repository\com\amazonaws\aws-java-sdk-storagegateway\1.12.279\aws-java-sdk-storagegateway-1.12.279.jar;C:\Users\GaD.Alex\.m2\repository\com\amazonaws\aws-java-sdk-route53\1.12.279\aws-java-sdk-route53-1.12.279.jar;C:\Users\GaD.Alex\.m2\repository\com\amazonaws\aws-java-sdk-s3\1.12.279\aws-java-sdk-s3-1.12.279.jar;C:\Users\GaD.Alex\.m2\repository\com\amazonaws\aws-java-sdk-importexport\1.12.279\aws-java-sdk-importexport-1.12.279.jar;C:\Users\GaD.Alex\.m2\repository\com\amazonaws\aws-java-sdk-sts\1.12.279\aws-java-sdk-sts-1.12.279.jar;C:\Users\GaD.Alex\.m2\repository\com\amazonaws\aws-java-sdk-sqs\1.12.279\aws-java-sdk-sqs-1.12.279.jar;C:\Users\GaD.Alex\.m2\repository\com\amazonaws\aws-java-sdk-rds\1.12.279\aws-java-sdk-rds-1.12.279.jar;C:\Users\GaD.Alex\.m2\repository\com\amazonaws\aws-java-sdk-redshift\1.12.279\aws-java-sdk-redshift-1.12.279.jar;C:\Users\GaD.Alex\.m2\repository\com\amazonaws\aws-java-sdk-elasticbeanstalk\1.12.279\aws-java-sdk-elasticbeanstalk-1.12.279.jar;C:\Users\GaD.Alex\.m2\repository\com\amazonaws\aws-java-sdk-glacier\1.12.279\aws-java-sdk-glacier-1.12.279.jar;C:\Users\GaD.Alex\.m2\repository\com\amazonaws\aws-java-sdk-iam\1.12.279\aws-java-sdk-iam-1.12.279.jar;C:\Users\GaD.Alex\.m2\repository\com\amazonaws\aws-java-sdk-datapipeline\1.12.279\aws-java-sdk-datapipeline-1.12.279.jar;C:\Users\GaD.Alex\.m2\repository\com\amazonaws\aws-java-sdk-elasticloadbalancing\1.12.279\aws-java-sdk-elasticloadbalancing-1.12.279.jar;C:\Users\GaD.Alex\.m2\repository\com\amazonaws\aws-java-sdk-elasticloadbalancingv2\1.12.279\aws-java-sdk-elasticloadbalancingv2-1.12.279.jar;C:\Users\GaD.Alex\.m2\repository\com\amazonaws\aws-java-sdk-emr\1.12.279\aws-java-sdk-emr-1.12.279.jar;C:\Users\GaD.Alex\.m2\repository\com\amazonaws\aws-java-sdk-elasticache\1.12.279\aws-java-sdk-elasticache-1.12.279.jar;C:\Users\GaD.Alex\.m2\repository\com\amazonaws\aws-java-sdk-elastictranscoder\1.12.279\aws-java-sdk-elastictranscoder-1.12.279.jar;C:\Users\GaD.Alex\.m2\repository\com\amazonaws\aws-java-sdk-ec2\1.12.279\aws-java-sdk-ec2-1.12.279.jar;C:\Users\GaD.Alex\.m2\repository\com\amazonaws\aws-java-sdk-dynamodb\1.12.279\aws-java-sdk-dynamodb-1.12.279.jar;C:\Users\GaD.Alex\.m2\repository\com\amazonaws\aws-java-sdk-sns\1.12.279\aws-java-sdk-sns-1.12.279.jar;C:\Users\GaD.Alex\.m2\repository\com\amazonaws\aws-java-sdk-budgets\1.12.279\aws-java-sdk-budgets-1.12.279.jar;C:\Users\GaD.Alex\.m2\repository\com\amazonaws\aws-java-sdk-cloudtrail\1.12.279\aws-java-sdk-cloudtrail-1.12.279.jar;C:\Users\GaD.Alex\.m2\repository\com\amazonaws\aws-java-sdk-cloudwatch\1.12.279\aws-java-sdk-cloudwatch-1.12.279.jar;C:\Users\GaD.Alex\.m2\repository\com\amazonaws\aws-java-sdk-logs\1.12.279\aws-java-sdk-logs-1.12.279.jar;C:\Users\GaD.Alex\.m2\repository\com\amazonaws\aws-java-sdk-events\1.12.279\aws-java-sdk-events-1.12.279.jar;C:\Users\GaD.Alex\.m2\repository\com\amazonaws\aws-java-sdk-cognitoidentity\1.12.279\aws-java-sdk-cognitoidentity-1.12.279.jar;C:\Users\GaD.Alex\.m2\repository\com\amazonaws\aws-java-sdk-cognitosync\1.12.279\aws-java-sdk-cognitosync-1.12.279.jar;C:\Users\GaD.Alex\.m2\repository\com\amazonaws\aws-java-sdk-directconnect\1.12.279\aws-java-sdk-directconnect-1.12.279.jar;C:\Users\GaD.Alex\.m2\repository\com\amazonaws\aws-java-sdk-cloudformation\1.12.279\aws-java-sdk-cloudformation-1.12.279.jar;C:\Users\GaD.Alex\.m2\repository\com\amazonaws\aws-java-sdk-cloudfront\1.12.279\aws-java-sdk-cloudfront-1.12.279.jar;C:\Users\GaD.Alex\.m2\repository\com\amazonaws\aws-java-sdk-clouddirectory\1.12.279\aws-java-sdk-clouddirectory-1.12.279.jar;C:\Users\GaD.Alex\.m2\repository\com\amazonaws\aws-java-sdk-kinesis\1.12.279\aws-java-sdk-kinesis-1.12.279.jar;C:\Users\GaD.Alex\.m2\repository\com\amazonaws\aws-java-sdk-opsworks\1.12.279\aws-java-sdk-opsworks-1.12.279.jar;C:\Users\GaD.Alex\.m2\repository\com\amazonaws\aws-java-sdk-ses\1.12.279\aws-java-sdk-ses-1.12.279.jar;C:\Users\GaD.Alex\.m2\repository\com\amazonaws\aws-java-sdk-autoscaling\1.12.279\aws-java-sdk-autoscaling-1.12.279.jar;C:\Users\GaD.Alex\.m2\repository\com\amazonaws\aws-java-sdk-cloudsearch\1.12.279\aws-java-sdk-cloudsearch-1.12.279.jar;C:\Users\GaD.Alex\.m2\repository\com\amazonaws\aws-java-sdk-cloudwatchmetrics\1.12.279\aws-java-sdk-cloudwatchmetrics-1.12.279.jar;C:\Users\GaD.Alex\.m2\repository\com\amazonaws\aws-java-sdk-codedeploy\1.12.279\aws-java-sdk-codedeploy-1.12.279.jar;C:\Users\GaD.Alex\.m2\repository\com\amazonaws\aws-java-sdk-codepipeline\1.12.279\aws-java-sdk-codepipeline-1.12.279.jar;C:\Users\GaD.Alex\.m2\repository\com\amazonaws\aws-java-sdk-kms\1.12.279\aws-java-sdk-kms-1.12.279.jar;C:\Users\GaD.Alex\.m2\repository\com\amazonaws\aws-java-sdk-config\1.12.279\aws-java-sdk-config-1.12.279.jar;C:\Users\GaD.Alex\.m2\repository\com\amazonaws\aws-java-sdk-lambda\1.12.279\aws-java-sdk-lambda-1.12.279.jar;C:\Users\GaD.Alex\.m2\repository\com\amazonaws\aws-java-sdk-ecs\1.12.279\aws-java-sdk-ecs-1.12.279.jar;C:\Users\GaD.Alex\.m2\repository\com\amazonaws\aws-java-sdk-ecr\1.12.279\aws-java-sdk-ecr-1.12.279.jar;C:\Users\GaD.Alex\.m2\repository\com\amazonaws\aws-java-sdk-cloudhsm\1.12.279\aws-java-sdk-cloudhsm-1.12.279.jar;C:\Users\GaD.Alex\.m2\repository\com\amazonaws\aws-java-sdk-ssm\1.12.279\aws-java-sdk-ssm-1.12.279.jar;C:\Users\GaD.Alex\.m2\repository\com\amazonaws\aws-java-sdk-workspaces\1.12.279\aws-java-sdk-workspaces-1.12.279.jar;C:\Users\GaD.Alex\.m2\repository\com\amazonaws\aws-java-sdk-machinelearning\1.12.279\aws-java-sdk-machinelearning-1.12.279.jar;C:\Users\GaD.Alex\.m2\repository\com\amazonaws\aws-java-sdk-directory\1.12.279\aws-java-sdk-directory-1.12.279.jar;C:\Users\GaD.Alex\.m2\repository\com\amazonaws\aws-java-sdk-efs\1.12.279\aws-java-sdk-efs-1.12.279.jar;C:\Users\GaD.Alex\.m2\repository\com\amazonaws\aws-java-sdk-codecommit\1.12.279\aws-java-sdk-codecommit-1.12.279.jar;C:\Users\GaD.Alex\.m2\repository\com\amazonaws\aws-java-sdk-devicefarm\1.12.279\aws-java-sdk-devicefarm-1.12.279.jar;C:\Users\GaD.Alex\.m2\repository\com\amazonaws\aws-java-sdk-elasticsearch\1.12.279\aws-java-sdk-elasticsearch-1.12.279.jar;C:\Users\GaD.Alex\.m2\repository\com\amazonaws\aws-java-sdk-waf\1.12.279\aws-java-sdk-waf-1.12.279.jar;C:\Users\GaD.Alex\.m2\repository\com\amazonaws\aws-java-sdk-marketplacecommerceanalytics\1.12.279\aws-java-sdk-marketplacecommerceanalytics-1.12.279.jar;C:\Users\GaD.Alex\.m2\repository\com\amazonaws\aws-java-sdk-inspector\1.12.279\aws-java-sdk-inspector-1.12.279.jar;C:\Users\GaD.Alex\.m2\repository\com\amazonaws\aws-java-sdk-iot\1.12.279\aws-java-sdk-iot-1.12.279.jar;C:\Users\GaD.Alex\.m2\repository\com\amazonaws\aws-java-sdk-api-gateway\1.12.279\aws-java-sdk-api-gateway-1.12.279.jar;C:\Users\GaD.Alex\.m2\repository\com\amazonaws\aws-java-sdk-acm\1.12.279\aws-java-sdk-acm-1.12.279.jar;C:\Users\GaD.Alex\.m2\repository\com\amazonaws\aws-java-sdk-gamelift\1.12.279\aws-java-sdk-gamelift-1.12.279.jar;C:\Users\GaD.Alex\.m2\repository\com\amazonaws\aws-java-sdk-dms\1.12.279\aws-java-sdk-dms-1.12.279.jar;C:\Users\GaD.Alex\.m2\repository\com\amazonaws\aws-java-sdk-marketplacemeteringservice\1.12.279\aws-java-sdk-marketplacemeteringservice-1.12.279.jar;C:\Users\GaD.Alex\.m2\repository\com\amazonaws\aws-java-sdk-cognitoidp\1.12.279\aws-java-sdk-cognitoidp-1.12.279.jar;C:\Users\GaD.Alex\.m2\repository\com\amazonaws\aws-java-sdk-discovery\1.12.279\aws-java-sdk-discovery-1.12.279.jar;C:\Users\GaD.Alex\.m2\repository\com\amazonaws\aws-java-sdk-applicationautoscaling\1.12.279\aws-java-sdk-applicationautoscaling-1.12.279.jar;C:\Users\GaD.Alex\.m2\repository\com\amazonaws\aws-java-sdk-snowball\1.12.279\aws-java-sdk-snowball-1.12.279.jar;C:\Users\GaD.Alex\.m2\repository\com\amazonaws\aws-java-sdk-rekognition\1.12.279\aws-java-sdk-rekognition-1.12.279.jar;C:\Users\GaD.Alex\.m2\repository\com\amazonaws\aws-java-sdk-polly\1.12.279\aws-java-sdk-polly-1.12.279.jar;C:\Users\GaD.Alex\.m2\repository\com\amazonaws\aws-java-sdk-lightsail\1.12.279\aws-java-sdk-lightsail-1.12.279.jar;C:\Users\GaD.Alex\.m2\repository\com\amazonaws\aws-java-sdk-stepfunctions\1.12.279\aws-java-sdk-stepfunctions-1.12.279.jar;C:\Users\GaD.Alex\.m2\repository\com\amazonaws\aws-java-sdk-health\1.12.279\aws-java-sdk-health-1.12.279.jar;C:\Users\GaD.Alex\.m2\repository\com\amazonaws\aws-java-sdk-costandusagereport\1.12.279\aws-java-sdk-costandusagereport-1.12.279.jar;C:\Users\GaD.Alex\.m2\repository\com\amazonaws\aws-java-sdk-codebuild\1.12.279\aws-java-sdk-codebuild-1.12.279.jar;C:\Users\GaD.Alex\.m2\repository\com\amazonaws\aws-java-sdk-appstream\1.12.279\aws-java-sdk-appstream-1.12.279.jar;C:\Users\GaD.Alex\.m2\repository\com\amazonaws\aws-java-sdk-shield\1.12.279\aws-java-sdk-shield-1.12.279.jar;C:\Users\GaD.Alex\.m2\repository\com\amazonaws\aws-java-sdk-batch\1.12.279\aws-java-sdk-batch-1.12.279.jar;C:\Users\GaD.Alex\.m2\repository\com\amazonaws\aws-java-sdk-lex\1.12.279\aws-java-sdk-lex-1.12.279.jar;C:\Users\GaD.Alex\.m2\repository\com\amazonaws\aws-java-sdk-mechanicalturkrequester\1.12.279\aws-java-sdk-mechanicalturkrequester-1.12.279.jar;C:\Users\GaD.Alex\.m2\repository\com\amazonaws\aws-java-sdk-organizations\1.12.279\aws-java-sdk-organizations-1.12.279.jar;C:\Users\GaD.Alex\.m2\repository\com\amazonaws\aws-java-sdk-workdocs\1.12.279\aws-java-sdk-workdocs-1.12.279.jar;C:\Users\GaD.Alex\.m2\repository\com\amazonaws\aws-java-sdk-core\1.12.279\aws-java-sdk-core-1.12.279.jar;C:\Users\GaD.Alex\.m2\repository\commons-logging\commons-logging\1.1.3\commons-logging-1.1.3.jar;C:\Users\GaD.Alex\.m2\repository\commons-codec\commons-codec\1.15\commons-codec-1.15.jar;C:\Users\GaD.Alex\.m2\repository\org\apache\httpcomponents\httpclient\4.5.13\httpclient-4.5.13.jar;C:\Users\GaD.Alex\.m2\repository\org\apache\httpcomponents\httpcore\4.4.15\httpcore-4.4.15.jar;C:\Users\GaD.Alex\.m2\repository\software\amazon\ion\ion-java\1.0.2\ion-java-1.0.2.jar;C:\Users\GaD.Alex\.m2\repository\com\fasterxml\jackson\dataformat\jackson-dataformat-cbor\2.13.3\jackson-dataformat-cbor-2.13.3.jar;C:\Users\GaD.Alex\.m2\repository\joda-time\joda-time\2.8.1\joda-time-2.8.1.jar;C:\Users\GaD.Alex\.m2\repository\com\amazonaws\aws-java-sdk-models\1.12.279\aws-java-sdk-models-1.12.279.jar;C:\Users\GaD.Alex\.m2\repository\com\amazonaws\aws-java-sdk-swf-libraries\1.11.22\aws-java-sdk-swf-libraries-1.11.22.jar;C:\Users\GaD.Alex\.m2\repository\org\springframework\boot\spring-boot-starter-jdbc\2.7.3\spring-boot-starter-jdbc-2.7.3.jar;C:\Users\GaD.Alex\.m2\repository\com\zaxxer\HikariCP\4.0.3\HikariCP-4.0.3.jar;C:\Users\GaD.Alex\.m2\repository\org\springframework\spring-jdbc\5.3.22\spring-jdbc-5.3.22.jar;C:\Users\GaD.Alex\.m2\repository\org\springframework\boot\spring-boot-starter-data-mongodb\2.7.3\spring-boot-starter-data-mongodb-2.7.3.jar;C:\Users\GaD.Alex\.m2\repository\org\mongodb\mongodb-driver-sync\4.6.1\mongodb-driver-sync-4.6.1.jar;C:\Users\GaD.Alex\.m2\repository\org\mongodb\bson\4.6.1\bson-4.6.1.jar;C:\Users\GaD.Alex\.m2\repository\org\mongodb\mongodb-driver-core\4.6.1\mongodb-driver-core-4.6.1.jar;C:\Users\GaD.Alex\.m2\repository\org\mongodb\bson-record-codec\4.6.1\bson-record-codec-4.6.1.jar;C:\Users\GaD.Alex\.m2\repository\org\springframework\data\spring-data-mongodb\3.4.2\spring-data-mongodb-3.4.2.jar;C:\Users\GaD.Alex\.m2\repository\org\projectlombok\lombok\1.18.24\lombok-1.18.24.jar;"/>
    <property name="java.vm.vendor" value="Oracle Corporation"/>
    <property name="sun.arch.data.model" value="64"/>
    <property name="user.variant" value=""/>
    <property name="java.vendor.url" value="https://java.oracle.com/"/>
    <property name="user.timezone" value="Europe/Moscow"/>
    <property name="user.country.format" value="GR"/>
    <property name="os.name" value="Windows 10"/>
    <property name="java.vm.specification.version" value="18"/>
    <property name="sun.java.launcher" value="SUN_STANDARD"/>
    <property name="user.country" value="US"/>
    <property name="sun.boot.library.path" value="C:\Program Files\Java\jdk-18.0.2\bin"/>
    <property name="sun.java.command" value="C:\Users\GAD~1.ALE\AppData\Local\Temp\surefire3949272983667253028\surefirebooter15331467540358610959.jar C:\Users\GaD.Alex\AppData\Local\Temp\surefire3949272983667253028 2022-09-19T21-44-59_928-jvmRun1 surefire14982498185261233641tmp surefire_010432905651005394476tmp"/>
    <property name="jdk.debug" value="release"/>
    <property name="surefire.test.class.path" value="D:\Users\GaD.Alex\Projects\aws-image-upload\target\test-classes;D:\Users\GaD.Alex\Projects\aws-image-upload\target\classes;C:\Users\GaD.Alex\.m2\repository\org\springframework\boot\spring-boot-starter-web\2.7.3\spring-boot-starter-web-2.7.3.jar;C:\Users\GaD.Alex\.m2\repository\org\springframework\boot\spring-boot-starter\2.7.3\spring-boot-starter-2.7.3.jar;C:\Users\GaD.Alex\.m2\repository\org\springframework\boot\spring-boot\2.7.3\spring-boot-2.7.3.jar;C:\Users\GaD.Alex\.m2\repository\org\springframework\boot\spring-boot-autoconfigure\2.7.3\spring-boot-autoconfigure-2.7.3.jar;C:\Users\GaD.Alex\.m2\repository\org\springframework\boot\spring-boot-starter-logging\2.7.3\spring-boot-starter-logging-2.7.3.jar;C:\Users\GaD.Alex\.m2\repository\ch\qos\logback\logback-classic\1.2.11\logback-classic-1.2.11.jar;C:\Users\GaD.Alex\.m2\repository\ch\qos\logback\logback-core\1.2.11\logback-core-1.2.11.jar;C:\Users\GaD.Alex\.m2\repository\org\apache\logging\log4j\log4j-to-slf4j\2.17.2\log4j-to-slf4j-2.17.2.jar;C:\Users\GaD.Alex\.m2\repository\org\apache\logging\log4j\log4j-api\2.17.2\log4j-api-2.17.2.jar;C:\Users\GaD.Alex\.m2\repository\org\slf4j\jul-to-slf4j\1.7.36\jul-to-slf4j-1.7.36.jar;C:\Users\GaD.Alex\.m2\repository\jakarta\annotation\jakarta.annotation-api\1.3.5\jakarta.annotation-api-1.3.5.jar;C:\Users\GaD.Alex\.m2\repository\org\yaml\snakeyaml\1.30\snakeyaml-1.30.jar;C:\Users\GaD.Alex\.m2\repository\org\springframework\boot\spring-boot-starter-json\2.7.3\spring-boot-starter-json-2.7.3.jar;C:\Users\GaD.Alex\.m2\repository\com\fasterxml\jackson\core\jackson-databind\2.13.3\jackson-databind-2.13.3.jar;C:\Users\GaD.Alex\.m2\repository\com\fasterxml\jackson\core\jackson-annotations\2.13.3\jackson-annotations-2.13.3.jar;C:\Users\GaD.Alex\.m2\repository\com\fasterxml\jackson\core\jackson-core\2.13.3\jackson-core-2.13.3.jar;C:\Users\GaD.Alex\.m2\repository\com\fasterxml\jackson\datatype\jackson-datatype-jdk8\2.13.3\jackson-datatype-jdk8-2.13.3.jar;C:\Users\GaD.Alex\.m2\repository\com\fasterxml\jackson\datatype\jackson-datatype-jsr310\2.13.3\jackson-datatype-jsr310-2.13.3.jar;C:\Users\GaD.Alex\.m2\repository\com\fasterxml\jackson\module\jackson-module-parameter-names\2.13.3\jackson-module-parameter-names-2.13.3.jar;C:\Users\GaD.Alex\.m2\repository\org\springframework\boot\spring-boot-starter-tomcat\2.7.3\spring-boot-starter-tomcat-2.7.3.jar;C:\Users\GaD.Alex\.m2\repository\org\apache\tomcat\embed\tomcat-embed-core\9.0.65\tomcat-embed-core-9.0.65.jar;C:\Users\GaD.Alex\.m2\repository\org\apache\tomcat\embed\tomcat-embed-el\9.0.65\tomcat-embed-el-9.0.65.jar;C:\Users\GaD.Alex\.m2\repository\org\apache\tomcat\embed\tomcat-embed-websocket\9.0.65\tomcat-embed-websocket-9.0.65.jar;C:\Users\GaD.Alex\.m2\repository\org\springframework\spring-web\5.3.22\spring-web-5.3.22.jar;C:\Users\GaD.Alex\.m2\repository\org\springframework\spring-beans\5.3.22\spring-beans-5.3.22.jar;C:\Users\GaD.Alex\.m2\repository\org\springframework\spring-webmvc\5.3.22\spring-webmvc-5.3.22.jar;C:\Users\GaD.Alex\.m2\repository\org\springframework\spring-aop\5.3.22\spring-aop-5.3.22.jar;C:\Users\GaD.Alex\.m2\repository\org\springframework\spring-context\5.3.22\spring-context-5.3.22.jar;C:\Users\GaD.Alex\.m2\repository\org\springframework\spring-expression\5.3.22\spring-expression-5.3.22.jar;C:\Users\GaD.Alex\.m2\repository\org\springframework\boot\spring-boot-starter-data-jpa\2.7.3\spring-boot-starter-data-jpa-2.7.3.jar;C:\Users\GaD.Alex\.m2\repository\org\springframework\boot\spring-boot-starter-aop\2.7.3\spring-boot-starter-aop-2.7.3.jar;C:\Users\GaD.Alex\.m2\repository\org\aspectj\aspectjweaver\1.9.7\aspectjweaver-1.9.7.jar;C:\Users\GaD.Alex\.m2\repository\jakarta\transaction\jakarta.transaction-api\1.3.3\jakarta.transaction-api-1.3.3.jar;C:\Users\GaD.Alex\.m2\repository\jakarta\persistence\jakarta.persistence-api\2.2.3\jakarta.persistence-api-2.2.3.jar;C:\Users\GaD.Alex\.m2\repository\org\hibernate\hibernate-core\5.6.10.Final\hibernate-core-5.6.10.Final.jar;C:\Users\GaD.Alex\.m2\repository\org\jboss\logging\jboss-logging\3.4.3.Final\jboss-logging-3.4.3.Final.jar;C:\Users\GaD.Alex\.m2\repository\net\bytebuddy\byte-buddy\1.12.13\byte-buddy-1.12.13.jar;C:\Users\GaD.Alex\.m2\repository\antlr\antlr\2.7.7\antlr-2.7.7.jar;C:\Users\GaD.Alex\.m2\repository\org\jboss\jandex\2.4.2.Final\jandex-2.4.2.Final.jar;C:\Users\GaD.Alex\.m2\repository\com\fasterxml\classmate\1.5.1\classmate-1.5.1.jar;C:\Users\GaD.Alex\.m2\repository\org\hibernate\common\hibernate-commons-annotations\5.1.2.Final\hibernate-commons-annotations-5.1.2.Final.jar;C:\Users\GaD.Alex\.m2\repository\org\glassfish\jaxb\jaxb-runtime\2.3.6\jaxb-runtime-2.3.6.jar;C:\Users\GaD.Alex\.m2\repository\org\glassfish\jaxb\txw2\2.3.6\txw2-2.3.6.jar;C:\Users\GaD.Alex\.m2\repository\com\sun\istack\istack-commons-runtime\3.0.12\istack-commons-runtime-3.0.12.jar;C:\Users\GaD.Alex\.m2\repository\com\sun\activation\jakarta.activation\1.2.2\jakarta.activation-1.2.2.jar;C:\Users\GaD.Alex\.m2\repository\org\springframework\data\spring-data-jpa\2.7.2\spring-data-jpa-2.7.2.jar;C:\Users\GaD.Alex\.m2\repository\org\springframework\data\spring-data-commons\2.7.2\spring-data-commons-2.7.2.jar;C:\Users\GaD.Alex\.m2\repository\org\springframework\spring-orm\5.3.22\spring-orm-5.3.22.jar;C:\Users\GaD.Alex\.m2\repository\org\springframework\spring-tx\5.3.22\spring-tx-5.3.22.jar;C:\Users\GaD.Alex\.m2\repository\org\slf4j\slf4j-api\1.7.36\slf4j-api-1.7.36.jar;C:\Users\GaD.Alex\.m2\repository\org\springframework\spring-aspects\5.3.22\spring-aspects-5.3.22.jar;C:\Users\GaD.Alex\.m2\repository\org\springframework\boot\spring-boot-starter-test\2.7.3\spring-boot-starter-test-2.7.3.jar;C:\Users\GaD.Alex\.m2\repository\org\springframework\boot\spring-boot-test\2.7.3\spring-boot-test-2.7.3.jar;C:\Users\GaD.Alex\.m2\repository\org\springframework\boot\spring-boot-test-autoconfigure\2.7.3\spring-boot-test-autoconfigure-2.7.3.jar;C:\Users\GaD.Alex\.m2\repository\com\jayway\jsonpath\json-path\2.7.0\json-path-2.7.0.jar;C:\Users\GaD.Alex\.m2\repository\net\minidev\json-smart\2.4.8\json-smart-2.4.8.jar;C:\Users\GaD.Alex\.m2\repository\net\minidev\accessors-smart\2.4.8\accessors-smart-2.4.8.jar;C:\Users\GaD.Alex\.m2\repository\org\ow2\asm\asm\9.1\asm-9.1.jar;C:\Users\GaD.Alex\.m2\repository\jakarta\xml\bind\jakarta.xml.bind-api\2.3.3\jakarta.xml.bind-api-2.3.3.jar;C:\Users\GaD.Alex\.m2\repository\jakarta\activation\jakarta.activation-api\1.2.2\jakarta.activation-api-1.2.2.jar;C:\Users\GaD.Alex\.m2\repository\org\assertj\assertj-core\3.22.0\assertj-core-3.22.0.jar;C:\Users\GaD.Alex\.m2\repository\org\hamcrest\hamcrest\2.2\hamcrest-2.2.jar;C:\Users\GaD.Alex\.m2\repository\org\junit\jupiter\junit-jupiter\5.8.2\junit-jupiter-5.8.2.jar;C:\Users\GaD.Alex\.m2\repository\org\junit\jupiter\junit-jupiter-api\5.8.2\junit-jupiter-api-5.8.2.jar;C:\Users\GaD.Alex\.m2\repository\org\opentest4j\opentest4j\1.2.0\opentest4j-1.2.0.jar;C:\Users\GaD.Alex\.m2\repository\org\junit\platform\junit-platform-commons\1.8.2\junit-platform-commons-1.8.2.jar;C:\Users\GaD.Alex\.m2\repository\org\apiguardian\apiguardian-api\1.1.2\apiguardian-api-1.1.2.jar;C:\Users\GaD.Alex\.m2\repository\org\junit\jupiter\junit-jupiter-params\5.8.2\junit-jupiter-params-5.8.2.jar;C:\Users\GaD.Alex\.m2\repository\org\junit\jupiter\junit-jupiter-engine\5.8.2\junit-jupiter-engine-5.8.2.jar;C:\Users\GaD.Alex\.m2\repository\org\junit\platform\junit-platform-engine\1.8.2\junit-platform-engine-1.8.2.jar;C:\Users\GaD.Alex\.m2\repository\org\mockito\mockito-core\4.5.1\mockito-core-4.5.1.jar;C:\Users\GaD.Alex\.m2\repository\net\bytebuddy\byte-buddy-agent\1.12.13\byte-buddy-agent-1.12.13.jar;C:\Users\GaD.Alex\.m2\repository\org\objenesis\objenesis\3.2\objenesis-3.2.jar;C:\Users\GaD.Alex\.m2\repository\org\mockito\mockito-junit-jupiter\4.5.1\mockito-junit-jupiter-4.5.1.jar;C:\Users\GaD.Alex\.m2\repository\org\skyscreamer\jsonassert\1.5.1\jsonassert-1.5.1.jar;C:\Users\GaD.Alex\.m2\repository\com\vaadin\external\google\android-json\0.0.20131108.vaadin1\android-json-0.0.20131108.vaadin1.jar;C:\Users\GaD.Alex\.m2\repository\org\springframework\spring-core\5.3.22\spring-core-5.3.22.jar;C:\Users\GaD.Alex\.m2\repository\org\springframework\spring-jcl\5.3.22\spring-jcl-5.3.22.jar;C:\Users\GaD.Alex\.m2\repository\org\springframework\spring-test\5.3.22\spring-test-5.3.22.jar;C:\Users\GaD.Alex\.m2\repository\org\xmlunit\xmlunit-core\2.9.0\xmlunit-core-2.9.0.jar;C:\Users\GaD.Alex\.m2\repository\com\amazonaws\aws-java-sdk\1.12.279\aws-java-sdk-1.12.279.jar;C:\Users\GaD.Alex\.m2\repository\com\amazonaws\aws-java-sdk-licensemanagerusersubscriptions\1.12.279\aws-java-sdk-licensemanagerusersubscriptions-1.12.279.jar;C:\Users\GaD.Alex\.m2\repository\com\amazonaws\jmespath-java\1.12.279\jmespath-java-1.12.279.jar;C:\Users\GaD.Alex\.m2\repository\com\amazonaws\aws-java-sdk-iamrolesanywhere\1.12.279\aws-java-sdk-iamrolesanywhere-1.12.279.jar;C:\Users\GaD.Alex\.m2\repository\com\amazonaws\aws-java-sdk-redshiftserverless\1.12.279\aws-java-sdk-redshiftserverless-1.12.279.jar;C:\Users\GaD.Alex\.m2\repository\com\amazonaws\aws-java-sdk-connectcampaign\1.12.279\aws-java-sdk-connectcampaign-1.12.279.jar;C:\Users\GaD.Alex\.m2\repository\com\amazonaws\aws-java-sdk-mainframemodernization\1.12.279\aws-java-sdk-mainframemodernization-1.12.279.jar;C:\Users\GaD.Alex\.m2\repository\com\amazonaws\aws-java-sdk-emrserverless\1.12.279\aws-java-sdk-emrserverless-1.12.279.jar;C:\Users\GaD.Alex\.m2\repository\com\amazonaws\aws-java-sdk-chimesdkmediapipelines\1.12.279\aws-java-sdk-chimesdkmediapipelines-1.12.279.jar;C:\Users\GaD.Alex\.m2\repository\com\amazonaws\aws-java-sdk-ivschat\1.12.279\aws-java-sdk-ivschat-1.12.279.jar;C:\Users\GaD.Alex\.m2\repository\com\amazonaws\aws-java-sdk-pinpointsmsvoicev2\1.12.279\aws-java-sdk-pinpointsmsvoicev2-1.12.279.jar;C:\Users\GaD.Alex\.m2\repository\com\amazonaws\aws-java-sdk-gamesparks\1.12.279\aws-java-sdk-gamesparks-1.12.279.jar;C:\Users\GaD.Alex\.m2\repository\com\amazonaws\aws-java-sdk-billingconductor\1.12.279\aws-java-sdk-billingconductor-1.12.279.jar;C:\Users\GaD.Alex\.m2\repository\com\amazonaws\aws-java-sdk-keyspaces\1.12.279\aws-java-sdk-keyspaces-1.12.279.jar;C:\Users\GaD.Alex\.m2\repository\com\amazonaws\aws-java-sdk-amplifyuibuilder\1.12.279\aws-java-sdk-amplifyuibuilder-1.12.279.jar;C:\Users\GaD.Alex\.m2\repository\com\amazonaws\aws-java-sdk-backupgateway\1.12.279\aws-java-sdk-backupgateway-1.12.279.jar;C:\Users\GaD.Alex\.m2\repository\com\amazonaws\aws-java-sdk-workspacesweb\1.12.279\aws-java-sdk-workspacesweb-1.12.279.jar;C:\Users\GaD.Alex\.m2\repository\com\amazonaws\aws-java-sdk-iottwinmaker\1.12.279\aws-java-sdk-iottwinmaker-1.12.279.jar;C:\Users\GaD.Alex\.m2\repository\com\amazonaws\aws-java-sdk-recyclebin\1.12.279\aws-java-sdk-recyclebin-1.12.279.jar;C:\Users\GaD.Alex\.m2\repository\com\amazonaws\aws-java-sdk-cloudwatchrum\1.12.279\aws-java-sdk-cloudwatchrum-1.12.279.jar;C:\Users\GaD.Alex\.m2\repository\com\amazonaws\aws-java-sdk-cloudwatchevidently\1.12.279\aws-java-sdk-cloudwatchevidently-1.12.279.jar;C:\Users\GaD.Alex\.m2\repository\com\amazonaws\aws-java-sdk-inspector2\1.12.279\aws-java-sdk-inspector2-1.12.279.jar;C:\Users\GaD.Alex\.m2\repository\com\amazonaws\aws-java-sdk-migrationhubrefactorspaces\1.12.279\aws-java-sdk-migrationhubrefactorspaces-1.12.279.jar;C:\Users\GaD.Alex\.m2\repository\com\amazonaws\aws-java-sdk-appconfigdata\1.12.279\aws-java-sdk-appconfigdata-1.12.279.jar;C:\Users\GaD.Alex\.m2\repository\com\amazonaws\aws-java-sdk-drs\1.12.279\aws-java-sdk-drs-1.12.279.jar;C:\Users\GaD.Alex\.m2\repository\com\amazonaws\aws-java-sdk-migrationhubstrategyrecommendations\1.12.279\aws-java-sdk-migrationhubstrategyrecommendations-1.12.279.jar;C:\Users\GaD.Alex\.m2\repository\com\amazonaws\aws-java-sdk-resiliencehub\1.12.279\aws-java-sdk-resiliencehub-1.12.279.jar;C:\Users\GaD.Alex\.m2\repository\com\amazonaws\aws-java-sdk-chimesdkmeetings\1.12.279\aws-java-sdk-chimesdkmeetings-1.12.279.jar;C:\Users\GaD.Alex\.m2\repository\com\amazonaws\aws-java-sdk-panorama\1.12.279\aws-java-sdk-panorama-1.12.279.jar;C:\Users\GaD.Alex\.m2\repository\com\amazonaws\aws-java-sdk-managedgrafana\1.12.279\aws-java-sdk-managedgrafana-1.12.279.jar;C:\Users\GaD.Alex\.m2\repository\com\amazonaws\aws-java-sdk-cloudcontrolapi\1.12.279\aws-java-sdk-cloudcontrolapi-1.12.279.jar;C:\Users\GaD.Alex\.m2\repository\com\amazonaws\aws-java-sdk-account\1.12.279\aws-java-sdk-account-1.12.279.jar;C:\Users\GaD.Alex\.m2\repository\com\amazonaws\aws-java-sdk-voiceid\1.12.279\aws-java-sdk-voiceid-1.12.279.jar;C:\Users\GaD.Alex\.m2\repository\com\amazonaws\aws-java-sdk-connectwisdom\1.12.279\aws-java-sdk-connectwisdom-1.12.279.jar;C:\Users\GaD.Alex\.m2\repository\com\amazonaws\aws-java-sdk-kafkaconnect\1.12.279\aws-java-sdk-kafkaconnect-1.12.279.jar;C:\Users\GaD.Alex\.m2\repository\com\amazonaws\aws-java-sdk-opensearch\1.12.279\aws-java-sdk-opensearch-1.12.279.jar;C:\Users\GaD.Alex\.m2\repository\com\amazonaws\aws-java-sdk-memorydb\1.12.279\aws-java-sdk-memorydb-1.12.279.jar;C:\Users\GaD.Alex\.m2\repository\com\amazonaws\aws-java-sdk-snowdevicemanagement\1.12.279\aws-java-sdk-snowdevicemanagement-1.12.279.jar;C:\Users\GaD.Alex\.m2\repository\com\amazonaws\aws-java-sdk-chimesdkidentity\1.12.279\aws-java-sdk-chimesdkidentity-1.12.279.jar;C:\Users\GaD.Alex\.m2\repository\com\amazonaws\aws-java-sdk-chimesdkmessaging\1.12.279\aws-java-sdk-chimesdkmessaging-1.12.279.jar;C:\Users\GaD.Alex\.m2\repository\com\amazonaws\aws-java-sdk-route53recoverycluster\1.12.279\aws-java-sdk-route53recoverycluster-1.12.279.jar;C:\Users\GaD.Alex\.m2\repository\com\amazonaws\aws-java-sdk-route53recoverycontrolconfig\1.12.279\aws-java-sdk-route53recoverycontrolconfig-1.12.279.jar;C:\Users\GaD.Alex\.m2\repository\com\amazonaws\aws-java-sdk-route53recoveryreadiness\1.12.279\aws-java-sdk-route53recoveryreadiness-1.12.279.jar;C:\Users\GaD.Alex\.m2\repository\com\amazonaws\aws-java-sdk-proton\1.12.279\aws-java-sdk-proton-1.12.279.jar;C:\Users\GaD.Alex\.m2\repository\com\amazonaws\aws-java-sdk-apprunner\1.12.279\aws-java-sdk-apprunner-1.12.279.jar;C:\Users\GaD.Alex\.m2\repository\com\amazonaws\aws-java-sdk-applicationcostprofiler\1.12.279\aws-java-sdk-applicationcostprofiler-1.12.279.jar;C:\Users\GaD.Alex\.m2\repository\com\amazonaws\aws-java-sdk-ssmcontacts\1.12.279\aws-java-sdk-ssmcontacts-1.12.279.jar;C:\Users\GaD.Alex\.m2\repository\com\amazonaws\aws-java-sdk-ssmincidents\1.12.279\aws-java-sdk-ssmincidents-1.12.279.jar;C:\Users\GaD.Alex\.m2\repository\com\amazonaws\aws-java-sdk-finspacedata\1.12.279\aws-java-sdk-finspacedata-1.12.279.jar;C:\Users\GaD.Alex\.m2\repository\com\amazonaws\aws-java-sdk-finspace\1.12.279\aws-java-sdk-finspace-1.12.279.jar;C:\Users\GaD.Alex\.m2\repository\com\amazonaws\aws-java-sdk-nimblestudio\1.12.279\aws-java-sdk-nimblestudio-1.12.279.jar;C:\Users\GaD.Alex\.m2\repository\com\amazonaws\aws-java-sdk-lookoutequipment\1.12.279\aws-java-sdk-lookoutequipment-1.12.279.jar;C:\Users\GaD.Alex\.m2\repository\com\amazonaws\aws-java-sdk-mgn\1.12.279\aws-java-sdk-mgn-1.12.279.jar;C:\Users\GaD.Alex\.m2\repository\com\amazonaws\aws-java-sdk-lookoutmetrics\1.12.279\aws-java-sdk-lookoutmetrics-1.12.279.jar;C:\Users\GaD.Alex\.m2\repository\com\amazonaws\aws-java-sdk-fis\1.12.279\aws-java-sdk-fis-1.12.279.jar;C:\Users\GaD.Alex\.m2\repository\com\amazonaws\aws-java-sdk-lexmodelsv2\1.12.279\aws-java-sdk-lexmodelsv2-1.12.279.jar;C:\Users\GaD.Alex\.m2\repository\com\amazonaws\aws-java-sdk-lexruntimev2\1.12.279\aws-java-sdk-lexruntimev2-1.12.279.jar;C:\Users\GaD.Alex\.m2\repository\com\amazonaws\aws-java-sdk-wellarchitected\1.12.279\aws-java-sdk-wellarchitected-1.12.279.jar;C:\Users\GaD.Alex\.m2\repository\com\amazonaws\aws-java-sdk-location\1.12.279\aws-java-sdk-location-1.12.279.jar;C:\Users\GaD.Alex\.m2\repository\com\amazonaws\aws-java-sdk-iotdeviceadvisor\1.12.279\aws-java-sdk-iotdeviceadvisor-1.12.279.jar;C:\Users\GaD.Alex\.m2\repository\com\amazonaws\aws-java-sdk-iotfleethub\1.12.279\aws-java-sdk-iotfleethub-1.12.279.jar;C:\Users\GaD.Alex\.m2\repository\com\amazonaws\aws-java-sdk-iotwireless\1.12.279\aws-java-sdk-iotwireless-1.12.279.jar;C:\Users\GaD.Alex\.m2\repository\com\amazonaws\aws-java-sdk-greengrassv2\1.12.279\aws-java-sdk-greengrassv2-1.12.279.jar;C:\Users\GaD.Alex\.m2\repository\com\amazonaws\aws-java-sdk-prometheus\1.12.279\aws-java-sdk-prometheus-1.12.279.jar;C:\Users\GaD.Alex\.m2\repository\com\amazonaws\aws-java-sdk-auditmanager\1.12.279\aws-java-sdk-auditmanager-1.12.279.jar;C:\Users\GaD.Alex\.m2\repository\com\amazonaws\aws-java-sdk-healthlake\1.12.279\aws-java-sdk-healthlake-1.12.279.jar;C:\Users\GaD.Alex\.m2\repository\com\amazonaws\aws-java-sdk-sagemakeredgemanager\1.12.279\aws-java-sdk-sagemakeredgemanager-1.12.279.jar;C:\Users\GaD.Alex\.m2\repository\com\amazonaws\aws-java-sdk-emrcontainers\1.12.279\aws-java-sdk-emrcontainers-1.12.279.jar;C:\Users\GaD.Alex\.m2\repository\com\amazonaws\aws-java-sdk-customerprofiles\1.12.279\aws-java-sdk-customerprofiles-1.12.279.jar;C:\Users\GaD.Alex\.m2\repository\com\amazonaws\aws-java-sdk-lookoutforvision\1.12.279\aws-java-sdk-lookoutforvision-1.12.279.jar;C:\Users\GaD.Alex\.m2\repository\com\amazonaws\aws-java-sdk-connectcontactlens\1.12.279\aws-java-sdk-connectcontactlens-1.12.279.jar;C:\Users\GaD.Alex\.m2\repository\com\amazonaws\aws-java-sdk-amplifybackend\1.12.279\aws-java-sdk-amplifybackend-1.12.279.jar;C:\Users\GaD.Alex\.m2\repository\com\amazonaws\aws-java-sdk-ecrpublic\1.12.279\aws-java-sdk-ecrpublic-1.12.279.jar;C:\Users\GaD.Alex\.m2\repository\com\amazonaws\aws-java-sdk-appintegrations\1.12.279\aws-java-sdk-appintegrations-1.12.279.jar;C:\Users\GaD.Alex\.m2\repository\com\amazonaws\aws-java-sdk-sagemakerfeaturestoreruntime\1.12.279\aws-java-sdk-sagemakerfeaturestoreruntime-1.12.279.jar;C:\Users\GaD.Alex\.m2\repository\com\amazonaws\aws-java-sdk-devopsguru\1.12.279\aws-java-sdk-devopsguru-1.12.279.jar;C:\Users\GaD.Alex\.m2\repository\com\amazonaws\aws-java-sdk-mwaa\1.12.279\aws-java-sdk-mwaa-1.12.279.jar;C:\Users\GaD.Alex\.m2\repository\com\amazonaws\aws-java-sdk-networkfirewall\1.12.279\aws-java-sdk-networkfirewall-1.12.279.jar;C:\Users\GaD.Alex\.m2\repository\com\amazonaws\aws-java-sdk-appregistry\1.12.279\aws-java-sdk-appregistry-1.12.279.jar;C:\Users\GaD.Alex\.m2\repository\com\amazonaws\aws-java-sdk-gluedatabrew\1.12.279\aws-java-sdk-gluedatabrew-1.12.279.jar;C:\Users\GaD.Alex\.m2\repository\com\amazonaws\aws-java-sdk-s3outposts\1.12.279\aws-java-sdk-s3outposts-1.12.279.jar;C:\Users\GaD.Alex\.m2\repository\com\amazonaws\aws-java-sdk-timestreamquery\1.12.279\aws-java-sdk-timestreamquery-1.12.279.jar;C:\Users\GaD.Alex\.m2\repository\com\amazonaws\aws-java-sdk-timestreamwrite\1.12.279\aws-java-sdk-timestreamwrite-1.12.279.jar;C:\Users\GaD.Alex\.m2\repository\com\amazonaws\aws-java-sdk-ssoadmin\1.12.279\aws-java-sdk-ssoadmin-1.12.279.jar;C:\Users\GaD.Alex\.m2\repository\com\amazonaws\aws-java-sdk-redshiftdataapi\1.12.279\aws-java-sdk-redshiftdataapi-1.12.279.jar;C:\Users\GaD.Alex\.m2\repository\com\amazonaws\aws-java-sdk-appflow\1.12.279\aws-java-sdk-appflow-1.12.279.jar;C:\Users\GaD.Alex\.m2\repository\com\amazonaws\aws-java-sdk-identitystore\1.12.279\aws-java-sdk-identitystore-1.12.279.jar;C:\Users\GaD.Alex\.m2\repository\com\amazonaws\aws-java-sdk-braket\1.12.279\aws-java-sdk-braket-1.12.279.jar;C:\Users\GaD.Alex\.m2\repository\com\amazonaws\aws-java-sdk-ivs\1.12.279\aws-java-sdk-ivs-1.12.279.jar;C:\Users\GaD.Alex\.m2\repository\com\amazonaws\aws-java-sdk-honeycode\1.12.279\aws-java-sdk-honeycode-1.12.279.jar;C:\Users\GaD.Alex\.m2\repository\com\amazonaws\aws-java-sdk-codeartifact\1.12.279\aws-java-sdk-codeartifact-1.12.279.jar;C:\Users\GaD.Alex\.m2\repository\com\amazonaws\aws-java-sdk-macie2\1.12.279\aws-java-sdk-macie2-1.12.279.jar;C:\Users\GaD.Alex\.m2\repository\com\amazonaws\aws-java-sdk-iotsitewise\1.12.279\aws-java-sdk-iotsitewise-1.12.279.jar;C:\Users\GaD.Alex\.m2\repository\com\amazonaws\aws-java-sdk-synthetics\1.12.279\aws-java-sdk-synthetics-1.12.279.jar;C:\Users\GaD.Alex\.m2\repository\com\amazonaws\aws-java-sdk-codestarconnections\1.12.279\aws-java-sdk-codestarconnections-1.12.279.jar;C:\Users\GaD.Alex\.m2\repository\com\amazonaws\aws-java-sdk-detective\1.12.279\aws-java-sdk-detective-1.12.279.jar;C:\Users\GaD.Alex\.m2\repository\com\amazonaws\aws-java-sdk-kinesisvideosignalingchannels\1.12.279\aws-java-sdk-kinesisvideosignalingchannels-1.12.279.jar;C:\Users\GaD.Alex\.m2\repository\com\amazonaws\aws-java-sdk-ebs\1.12.279\aws-java-sdk-ebs-1.12.279.jar;C:\Users\GaD.Alex\.m2\repository\com\amazonaws\aws-java-sdk-augmentedairuntime\1.12.279\aws-java-sdk-augmentedairuntime-1.12.279.jar;C:\Users\GaD.Alex\.m2\repository\com\amazonaws\aws-java-sdk-outposts\1.12.279\aws-java-sdk-outposts-1.12.279.jar;C:\Users\GaD.Alex\.m2\repository\com\amazonaws\aws-java-sdk-codeguruprofiler\1.12.279\aws-java-sdk-codeguruprofiler-1.12.279.jar;C:\Users\GaD.Alex\.m2\repository\com\amazonaws\aws-java-sdk-codegurureviewer\1.12.279\aws-java-sdk-codegurureviewer-1.12.279.jar;C:\Users\GaD.Alex\.m2\repository\com\amazonaws\aws-java-sdk-frauddetector\1.12.279\aws-java-sdk-frauddetector-1.12.279.jar;C:\Users\GaD.Alex\.m2\repository\com\amazonaws\aws-java-sdk-kendra\1.12.279\aws-java-sdk-kendra-1.12.279.jar;C:\Users\GaD.Alex\.m2\repository\com\amazonaws\aws-java-sdk-networkmanager\1.12.279\aws-java-sdk-networkmanager-1.12.279.jar;C:\Users\GaD.Alex\.m2\repository\com\amazonaws\aws-java-sdk-computeoptimizer\1.12.279\aws-java-sdk-computeoptimizer-1.12.279.jar;C:\Users\GaD.Alex\.m2\repository\com\amazonaws\aws-java-sdk-accessanalyzer\1.12.279\aws-java-sdk-accessanalyzer-1.12.279.jar;C:\Users\GaD.Alex\.m2\repository\com\amazonaws\aws-java-sdk-schemas\1.12.279\aws-java-sdk-schemas-1.12.279.jar;C:\Users\GaD.Alex\.m2\repository\com\amazonaws\aws-java-sdk-imagebuilder\1.12.279\aws-java-sdk-imagebuilder-1.12.279.jar;C:\Users\GaD.Alex\.m2\repository\com\amazonaws\aws-java-sdk-elasticinference\1.12.279\aws-java-sdk-elasticinference-1.12.279.jar;C:\Users\GaD.Alex\.m2\repository\com\amazonaws\aws-java-sdk-iotsecuretunneling\1.12.279\aws-java-sdk-iotsecuretunneling-1.12.279.jar;C:\Users\GaD.Alex\.m2\repository\com\amazonaws\aws-java-sdk-appconfig\1.12.279\aws-java-sdk-appconfig-1.12.279.jar;C:\Users\GaD.Alex\.m2\repository\com\amazonaws\aws-java-sdk-wafv2\1.12.279\aws-java-sdk-wafv2-1.12.279.jar;C:\Users\GaD.Alex\.m2\repository\com\amazonaws\aws-java-sdk-connectparticipant\1.12.279\aws-java-sdk-connectparticipant-1.12.279.jar;C:\Users\GaD.Alex\.m2\repository\com\amazonaws\aws-java-sdk-migrationhubconfig\1.12.279\aws-java-sdk-migrationhubconfig-1.12.279.jar;C:\Users\GaD.Alex\.m2\repository\com\amazonaws\aws-java-sdk-dataexchange\1.12.279\aws-java-sdk-dataexchange-1.12.279.jar;C:\Users\GaD.Alex\.m2\repository\com\amazonaws\aws-java-sdk-sesv2\1.12.279\aws-java-sdk-sesv2-1.12.279.jar;C:\Users\GaD.Alex\.m2\repository\com\amazonaws\aws-java-sdk-marketplacecatalog\1.12.279\aws-java-sdk-marketplacecatalog-1.12.279.jar;C:\Users\GaD.Alex\.m2\repository\com\amazonaws\aws-java-sdk-ssooidc\1.12.279\aws-java-sdk-ssooidc-1.12.279.jar;C:\Users\GaD.Alex\.m2\repository\com\amazonaws\aws-java-sdk-sso\1.12.279\aws-java-sdk-sso-1.12.279.jar;C:\Users\GaD.Alex\.m2\repository\com\amazonaws\aws-java-sdk-savingsplans\1.12.279\aws-java-sdk-savingsplans-1.12.279.jar;C:\Users\GaD.Alex\.m2\repository\com\amazonaws\aws-java-sdk-codestarnotifications\1.12.279\aws-java-sdk-codestarnotifications-1.12.279.jar;C:\Users\GaD.Alex\.m2\repository\com\amazonaws\aws-java-sdk-workmailmessageflow\1.12.279\aws-java-sdk-workmailmessageflow-1.12.279.jar;C:\Users\GaD.Alex\.m2\repository\com\amazonaws\aws-java-sdk-qldbsession\1.12.279\aws-java-sdk-qldbsession-1.12.279.jar;C:\Users\GaD.Alex\.m2\repository\com\amazonaws\aws-java-sdk-qldb\1.12.279\aws-java-sdk-qldb-1.12.279.jar;C:\Users\GaD.Alex\.m2\repository\com\amazonaws\aws-java-sdk-forecastquery\1.12.279\aws-java-sdk-forecastquery-1.12.279.jar;C:\Users\GaD.Alex\.m2\repository\com\amazonaws\aws-java-sdk-forecast\1.12.279\aws-java-sdk-forecast-1.12.279.jar;C:\Users\GaD.Alex\.m2\repository\com\amazonaws\aws-java-sdk-lakeformation\1.12.279\aws-java-sdk-lakeformation-1.12.279.jar;C:\Users\GaD.Alex\.m2\repository\com\amazonaws\aws-java-sdk-eventbridge\1.12.279\aws-java-sdk-eventbridge-1.12.279.jar;C:\Users\GaD.Alex\.m2\repository\com\amazonaws\aws-java-sdk-ec2instanceconnect\1.12.279\aws-java-sdk-ec2instanceconnect-1.12.279.jar;C:\Users\GaD.Alex\.m2\repository\com\amazonaws\aws-java-sdk-applicationinsights\1.12.279\aws-java-sdk-applicationinsights-1.12.279.jar;C:\Users\GaD.Alex\.m2\repository\com\amazonaws\aws-java-sdk-servicequotas\1.12.279\aws-java-sdk-servicequotas-1.12.279.jar;C:\Users\GaD.Alex\.m2\repository\com\amazonaws\aws-java-sdk-personalizeevents\1.12.279\aws-java-sdk-personalizeevents-1.12.279.jar;C:\Users\GaD.Alex\.m2\repository\com\amazonaws\aws-java-sdk-personalize\1.12.279\aws-java-sdk-personalize-1.12.279.jar;C:\Users\GaD.Alex\.m2\repository\com\amazonaws\aws-java-sdk-personalizeruntime\1.12.279\aws-java-sdk-personalizeruntime-1.12.279.jar;C:\Users\GaD.Alex\.m2\repository\com\amazonaws\aws-java-sdk-ioteventsdata\1.12.279\aws-java-sdk-ioteventsdata-1.12.279.jar;C:\Users\GaD.Alex\.m2\repository\com\amazonaws\aws-java-sdk-iotevents\1.12.279\aws-java-sdk-iotevents-1.12.279.jar;C:\Users\GaD.Alex\.m2\repository\com\amazonaws\aws-java-sdk-iotthingsgraph\1.12.279\aws-java-sdk-iotthingsgraph-1.12.279.jar;C:\Users\GaD.Alex\.m2\repository\com\amazonaws\aws-java-sdk-groundstation\1.12.279\aws-java-sdk-groundstation-1.12.279.jar;C:\Users\GaD.Alex\.m2\repository\com\amazonaws\aws-java-sdk-mediapackagevod\1.12.279\aws-java-sdk-mediapackagevod-1.12.279.jar;C:\Users\GaD.Alex\.m2\repository\com\amazonaws\aws-java-sdk-managedblockchain\1.12.279\aws-java-sdk-managedblockchain-1.12.279.jar;C:\Users\GaD.Alex\.m2\repository\com\amazonaws\aws-java-sdk-textract\1.12.279\aws-java-sdk-textract-1.12.279.jar;C:\Users\GaD.Alex\.m2\repository\com\amazonaws\aws-java-sdk-worklink\1.12.279\aws-java-sdk-worklink-1.12.279.jar;C:\Users\GaD.Alex\.m2\repository\com\amazonaws\aws-java-sdk-backup\1.12.279\aws-java-sdk-backup-1.12.279.jar;C:\Users\GaD.Alex\.m2\repository\com\amazonaws\aws-java-sdk-docdb\1.12.279\aws-java-sdk-docdb-1.12.279.jar;C:\Users\GaD.Alex\.m2\repository\com\amazonaws\aws-java-sdk-apigatewayv2\1.12.279\aws-java-sdk-apigatewayv2-1.12.279.jar;C:\Users\GaD.Alex\.m2\repository\com\amazonaws\aws-java-sdk-apigatewaymanagementapi\1.12.279\aws-java-sdk-apigatewaymanagementapi-1.12.279.jar;C:\Users\GaD.Alex\.m2\repository\com\amazonaws\aws-java-sdk-kafka\1.12.279\aws-java-sdk-kafka-1.12.279.jar;C:\Users\GaD.Alex\.m2\repository\com\amazonaws\aws-java-sdk-appmesh\1.12.279\aws-java-sdk-appmesh-1.12.279.jar;C:\Users\GaD.Alex\.m2\repository\com\amazonaws\aws-java-sdk-licensemanager\1.12.279\aws-java-sdk-licensemanager-1.12.279.jar;C:\Users\GaD.Alex\.m2\repository\com\amazonaws\aws-java-sdk-securityhub\1.12.279\aws-java-sdk-securityhub-1.12.279.jar;C:\Users\GaD.Alex\.m2\repository\com\amazonaws\aws-java-sdk-fsx\1.12.279\aws-java-sdk-fsx-1.12.279.jar;C:\Users\GaD.Alex\.m2\repository\com\amazonaws\aws-java-sdk-mediaconnect\1.12.279\aws-java-sdk-mediaconnect-1.12.279.jar;C:\Users\GaD.Alex\.m2\repository\com\amazonaws\aws-java-sdk-kinesisanalyticsv2\1.12.279\aws-java-sdk-kinesisanalyticsv2-1.12.279.jar;C:\Users\GaD.Alex\.m2\repository\com\amazonaws\aws-java-sdk-comprehendmedical\1.12.279\aws-java-sdk-comprehendmedical-1.12.279.jar;C:\Users\GaD.Alex\.m2\repository\com\amazonaws\aws-java-sdk-globalaccelerator\1.12.279\aws-java-sdk-globalaccelerator-1.12.279.jar;C:\Users\GaD.Alex\.m2\repository\com\amazonaws\aws-java-sdk-transfer\1.12.279\aws-java-sdk-transfer-1.12.279.jar;C:\Users\GaD.Alex\.m2\repository\com\amazonaws\aws-java-sdk-datasync\1.12.279\aws-java-sdk-datasync-1.12.279.jar;C:\Users\GaD.Alex\.m2\repository\com\amazonaws\aws-java-sdk-robomaker\1.12.279\aws-java-sdk-robomaker-1.12.279.jar;C:\Users\GaD.Alex\.m2\repository\com\amazonaws\aws-java-sdk-amplify\1.12.279\aws-java-sdk-amplify-1.12.279.jar;C:\Users\GaD.Alex\.m2\repository\com\amazonaws\aws-java-sdk-quicksight\1.12.279\aws-java-sdk-quicksight-1.12.279.jar;C:\Users\GaD.Alex\.m2\repository\com\amazonaws\aws-java-sdk-rdsdata\1.12.279\aws-java-sdk-rdsdata-1.12.279.jar;C:\Users\GaD.Alex\.m2\repository\com\amazonaws\aws-java-sdk-route53resolver\1.12.279\aws-java-sdk-route53resolver-1.12.279.jar;C:\Users\GaD.Alex\.m2\repository\com\amazonaws\aws-java-sdk-ram\1.12.279\aws-java-sdk-ram-1.12.279.jar;C:\Users\GaD.Alex\.m2\repository\com\amazonaws\aws-java-sdk-s3control\1.12.279\aws-java-sdk-s3control-1.12.279.jar;C:\Users\GaD.Alex\.m2\repository\com\amazonaws\aws-java-sdk-pinpointsmsvoice\1.12.279\aws-java-sdk-pinpointsmsvoice-1.12.279.jar;C:\Users\GaD.Alex\.m2\repository\com\amazonaws\aws-java-sdk-pinpointemail\1.12.279\aws-java-sdk-pinpointemail-1.12.279.jar;C:\Users\GaD.Alex\.m2\repository\com\amazonaws\aws-java-sdk-chime\1.12.279\aws-java-sdk-chime-1.12.279.jar;C:\Users\GaD.Alex\.m2\repository\com\amazonaws\aws-java-sdk-signer\1.12.279\aws-java-sdk-signer-1.12.279.jar;C:\Users\GaD.Alex\.m2\repository\com\amazonaws\aws-java-sdk-dlm\1.12.279\aws-java-sdk-dlm-1.12.279.jar;C:\Users\GaD.Alex\.m2\repository\com\amazonaws\aws-java-sdk-macie\1.12.279\aws-java-sdk-macie-1.12.279.jar;C:\Users\GaD.Alex\.m2\repository\com\amazonaws\aws-java-sdk-eks\1.12.279\aws-java-sdk-eks-1.12.279.jar;C:\Users\GaD.Alex\.m2\repository\com\amazonaws\aws-java-sdk-mediatailor\1.12.279\aws-java-sdk-mediatailor-1.12.279.jar;C:\Users\GaD.Alex\.m2\repository\com\amazonaws\aws-java-sdk-neptune\1.12.279\aws-java-sdk-neptune-1.12.279.jar;C:\Users\GaD.Alex\.m2\repository\com\amazonaws\aws-java-sdk-pi\1.12.279\aws-java-sdk-pi-1.12.279.jar;C:\Users\GaD.Alex\.m2\repository\com\amazonaws\aws-java-sdk-iot1clickprojects\1.12.279\aws-java-sdk-iot1clickprojects-1.12.279.jar;C:\Users\GaD.Alex\.m2\repository\com\amazonaws\aws-java-sdk-iot1clickdevices\1.12.279\aws-java-sdk-iot1clickdevices-1.12.279.jar;C:\Users\GaD.Alex\.m2\repository\com\amazonaws\aws-java-sdk-iotanalytics\1.12.279\aws-java-sdk-iotanalytics-1.12.279.jar;C:\Users\GaD.Alex\.m2\repository\com\amazonaws\aws-java-sdk-acmpca\1.12.279\aws-java-sdk-acmpca-1.12.279.jar;C:\Users\GaD.Alex\.m2\repository\com\amazonaws\aws-java-sdk-secretsmanager\1.12.279\aws-java-sdk-secretsmanager-1.12.279.jar;C:\Users\GaD.Alex\.m2\repository\com\amazonaws\aws-java-sdk-fms\1.12.279\aws-java-sdk-fms-1.12.279.jar;C:\Users\GaD.Alex\.m2\repository\com\amazonaws\aws-java-sdk-connect\1.12.279\aws-java-sdk-connect-1.12.279.jar;C:\Users\GaD.Alex\.m2\repository\com\amazonaws\aws-java-sdk-transcribe\1.12.279\aws-java-sdk-transcribe-1.12.279.jar;C:\Users\GaD.Alex\.m2\repository\com\amazonaws\aws-java-sdk-autoscalingplans\1.12.279\aws-java-sdk-autoscalingplans-1.12.279.jar;C:\Users\GaD.Alex\.m2\repository\com\amazonaws\aws-java-sdk-workmail\1.12.279\aws-java-sdk-workmail-1.12.279.jar;C:\Users\GaD.Alex\.m2\repository\com\amazonaws\aws-java-sdk-servicediscovery\1.12.279\aws-java-sdk-servicediscovery-1.12.279.jar;C:\Users\GaD.Alex\.m2\repository\com\amazonaws\aws-java-sdk-cloud9\1.12.279\aws-java-sdk-cloud9-1.12.279.jar;C:\Users\GaD.Alex\.m2\repository\com\amazonaws\aws-java-sdk-serverlessapplicationrepository\1.12.279\aws-java-sdk-serverlessapplicationrepository-1.12.279.jar;C:\Users\GaD.Alex\.m2\repository\com\amazonaws\aws-java-sdk-alexaforbusiness\1.12.279\aws-java-sdk-alexaforbusiness-1.12.279.jar;C:\Users\GaD.Alex\.m2\repository\com\amazonaws\aws-java-sdk-resourcegroups\1.12.279\aws-java-sdk-resourcegroups-1.12.279.jar;C:\Users\GaD.Alex\.m2\repository\com\amazonaws\aws-java-sdk-comprehend\1.12.279\aws-java-sdk-comprehend-1.12.279.jar;C:\Users\GaD.Alex\.m2\repository\com\amazonaws\aws-java-sdk-translate\1.12.279\aws-java-sdk-translate-1.12.279.jar;C:\Users\GaD.Alex\.m2\repository\com\amazonaws\aws-java-sdk-sagemaker\1.12.279\aws-java-sdk-sagemaker-1.12.279.jar;C:\Users\GaD.Alex\.m2\repository\com\amazonaws\aws-java-sdk-iotjobsdataplane\1.12.279\aws-java-sdk-iotjobsdataplane-1.12.279.jar;C:\Users\GaD.Alex\.m2\repository\com\amazonaws\aws-java-sdk-sagemakerruntime\1.12.279\aws-java-sdk-sagemakerruntime-1.12.279.jar;C:\Users\GaD.Alex\.m2\repository\com\amazonaws\aws-java-sdk-kinesisvideo\1.12.279\aws-java-sdk-kinesisvideo-1.12.279.jar;C:\Users\GaD.Alex\.m2\repository\io\netty\netty-codec-http\4.1.79.Final\netty-codec-http-4.1.79.Final.jar;C:\Users\GaD.Alex\.m2\repository\io\netty\netty-common\4.1.79.Final\netty-common-4.1.79.Final.jar;C:\Users\GaD.Alex\.m2\repository\io\netty\netty-buffer\4.1.79.Final\netty-buffer-4.1.79.Final.jar;C:\Users\GaD.Alex\.m2\repository\io\netty\netty-transport\4.1.79.Final\netty-transport-4.1.79.Final.jar;C:\Users\GaD.Alex\.m2\repository\io\netty\netty-codec\4.1.79.Final\netty-codec-4.1.79.Final.jar;C:\Users\GaD.Alex\.m2\repository\io\netty\netty-handler\4.1.79.Final\netty-handler-4.1.79.Final.jar;C:\Users\GaD.Alex\.m2\repository\io\netty\netty-resolver\4.1.79.Final\netty-resolver-4.1.79.Final.jar;C:\Users\GaD.Alex\.m2\repository\io\netty\netty-transport-native-unix-common\4.1.79.Final\netty-transport-native-unix-common-4.1.79.Final.jar;C:\Users\GaD.Alex\.m2\repository\com\amazonaws\aws-java-sdk-appsync\1.12.279\aws-java-sdk-appsync-1.12.279.jar;C:\Users\GaD.Alex\.m2\repository\com\amazonaws\aws-java-sdk-guardduty\1.12.279\aws-java-sdk-guardduty-1.12.279.jar;C:\Users\GaD.Alex\.m2\repository\com\amazonaws\aws-java-sdk-mq\1.12.279\aws-java-sdk-mq-1.12.279.jar;C:\Users\GaD.Alex\.m2\repository\com\amazonaws\aws-java-sdk-mediaconvert\1.12.279\aws-java-sdk-mediaconvert-1.12.279.jar;C:\Users\GaD.Alex\.m2\repository\com\amazonaws\aws-java-sdk-mediastore\1.12.279\aws-java-sdk-mediastore-1.12.279.jar;C:\Users\GaD.Alex\.m2\repository\com\amazonaws\aws-java-sdk-mediastoredata\1.12.279\aws-java-sdk-mediastoredata-1.12.279.jar;C:\Users\GaD.Alex\.m2\repository\com\amazonaws\aws-java-sdk-medialive\1.12.279\aws-java-sdk-medialive-1.12.279.jar;C:\Users\GaD.Alex\.m2\repository\com\amazonaws\aws-java-sdk-mediapackage\1.12.279\aws-java-sdk-mediapackage-1.12.279.jar;C:\Users\GaD.Alex\.m2\repository\com\amazonaws\aws-java-sdk-costexplorer\1.12.279\aws-java-sdk-costexplorer-1.12.279.jar;C:\Users\GaD.Alex\.m2\repository\com\amazonaws\aws-java-sdk-pricing\1.12.279\aws-java-sdk-pricing-1.12.279.jar;C:\Users\GaD.Alex\.m2\repository\com\amazonaws\aws-java-sdk-mobile\1.12.279\aws-java-sdk-mobile-1.12.279.jar;C:\Users\GaD.Alex\.m2\repository\com\amazonaws\aws-java-sdk-cloudhsmv2\1.12.279\aws-java-sdk-cloudhsmv2-1.12.279.jar;C:\Users\GaD.Alex\.m2\repository\com\amazonaws\aws-java-sdk-glue\1.12.279\aws-java-sdk-glue-1.12.279.jar;C:\Users\GaD.Alex\.m2\repository\com\amazonaws\aws-java-sdk-migrationhub\1.12.279\aws-java-sdk-migrationhub-1.12.279.jar;C:\Users\GaD.Alex\.m2\repository\com\amazonaws\aws-java-sdk-dax\1.12.279\aws-java-sdk-dax-1.12.279.jar;C:\Users\GaD.Alex\.m2\repository\com\amazonaws\aws-java-sdk-greengrass\1.12.279\aws-java-sdk-greengrass-1.12.279.jar;C:\Users\GaD.Alex\.m2\repository\com\amazonaws\aws-java-sdk-athena\1.12.279\aws-java-sdk-athena-1.12.279.jar;C:\Users\GaD.Alex\.m2\repository\com\amazonaws\aws-java-sdk-marketplaceentitlement\1.12.279\aws-java-sdk-marketplaceentitlement-1.12.279.jar;C:\Users\GaD.Alex\.m2\repository\com\amazonaws\aws-java-sdk-codestar\1.12.279\aws-java-sdk-codestar-1.12.279.jar;C:\Users\GaD.Alex\.m2\repository\com\amazonaws\aws-java-sdk-lexmodelbuilding\1.12.279\aws-java-sdk-lexmodelbuilding-1.12.279.jar;C:\Users\GaD.Alex\.m2\repository\com\amazonaws\aws-java-sdk-resourcegroupstaggingapi\1.12.279\aws-java-sdk-resourcegroupstaggingapi-1.12.279.jar;C:\Users\GaD.Alex\.m2\repository\com\amazonaws\aws-java-sdk-pinpoint\1.12.279\aws-java-sdk-pinpoint-1.12.279.jar;C:\Users\GaD.Alex\.m2\repository\com\amazonaws\aws-java-sdk-xray\1.12.279\aws-java-sdk-xray-1.12.279.jar;C:\Users\GaD.Alex\.m2\repository\com\amazonaws\aws-java-sdk-opsworkscm\1.12.279\aws-java-sdk-opsworkscm-1.12.279.jar;C:\Users\GaD.Alex\.m2\repository\com\amazonaws\aws-java-sdk-support\1.12.279\aws-java-sdk-support-1.12.279.jar;C:\Users\GaD.Alex\.m2\repository\com\amazonaws\aws-java-sdk-simpledb\1.12.279\aws-java-sdk-simpledb-1.12.279.jar;C:\Users\GaD.Alex\.m2\repository\com\amazonaws\aws-java-sdk-servicecatalog\1.12.279\aws-java-sdk-servicecatalog-1.12.279.jar;C:\Users\GaD.Alex\.m2\repository\com\amazonaws\aws-java-sdk-servermigration\1.12.279\aws-java-sdk-servermigration-1.12.279.jar;C:\Users\GaD.Alex\.m2\repository\com\amazonaws\aws-java-sdk-simpleworkflow\1.12.279\aws-java-sdk-simpleworkflow-1.12.279.jar;C:\Users\GaD.Alex\.m2\repository\com\amazonaws\aws-java-sdk-storagegateway\1.12.279\aws-java-sdk-storagegateway-1.12.279.jar;C:\Users\GaD.Alex\.m2\repository\com\amazonaws\aws-java-sdk-route53\1.12.279\aws-java-sdk-route53-1.12.279.jar;C:\Users\GaD.Alex\.m2\repository\com\amazonaws\aws-java-sdk-s3\1.12.279\aws-java-sdk-s3-1.12.279.jar;C:\Users\GaD.Alex\.m2\repository\com\amazonaws\aws-java-sdk-importexport\1.12.279\aws-java-sdk-importexport-1.12.279.jar;C:\Users\GaD.Alex\.m2\repository\com\amazonaws\aws-java-sdk-sts\1.12.279\aws-java-sdk-sts-1.12.279.jar;C:\Users\GaD.Alex\.m2\repository\com\amazonaws\aws-java-sdk-sqs\1.12.279\aws-java-sdk-sqs-1.12.279.jar;C:\Users\GaD.Alex\.m2\repository\com\amazonaws\aws-java-sdk-rds\1.12.279\aws-java-sdk-rds-1.12.279.jar;C:\Users\GaD.Alex\.m2\repository\com\amazonaws\aws-java-sdk-redshift\1.12.279\aws-java-sdk-redshift-1.12.279.jar;C:\Users\GaD.Alex\.m2\repository\com\amazonaws\aws-java-sdk-elasticbeanstalk\1.12.279\aws-java-sdk-elasticbeanstalk-1.12.279.jar;C:\Users\GaD.Alex\.m2\repository\com\amazonaws\aws-java-sdk-glacier\1.12.279\aws-java-sdk-glacier-1.12.279.jar;C:\Users\GaD.Alex\.m2\repository\com\amazonaws\aws-java-sdk-iam\1.12.279\aws-java-sdk-iam-1.12.279.jar;C:\Users\GaD.Alex\.m2\repository\com\amazonaws\aws-java-sdk-datapipeline\1.12.279\aws-java-sdk-datapipeline-1.12.279.jar;C:\Users\GaD.Alex\.m2\repository\com\amazonaws\aws-java-sdk-elasticloadbalancing\1.12.279\aws-java-sdk-elasticloadbalancing-1.12.279.jar;C:\Users\GaD.Alex\.m2\repository\com\amazonaws\aws-java-sdk-elasticloadbalancingv2\1.12.279\aws-java-sdk-elasticloadbalancingv2-1.12.279.jar;C:\Users\GaD.Alex\.m2\repository\com\amazonaws\aws-java-sdk-emr\1.12.279\aws-java-sdk-emr-1.12.279.jar;C:\Users\GaD.Alex\.m2\repository\com\amazonaws\aws-java-sdk-elasticache\1.12.279\aws-java-sdk-elasticache-1.12.279.jar;C:\Users\GaD.Alex\.m2\repository\com\amazonaws\aws-java-sdk-elastictranscoder\1.12.279\aws-java-sdk-elastictranscoder-1.12.279.jar;C:\Users\GaD.Alex\.m2\repository\com\amazonaws\aws-java-sdk-ec2\1.12.279\aws-java-sdk-ec2-1.12.279.jar;C:\Users\GaD.Alex\.m2\repository\com\amazonaws\aws-java-sdk-dynamodb\1.12.279\aws-java-sdk-dynamodb-1.12.279.jar;C:\Users\GaD.Alex\.m2\repository\com\amazonaws\aws-java-sdk-sns\1.12.279\aws-java-sdk-sns-1.12.279.jar;C:\Users\GaD.Alex\.m2\repository\com\amazonaws\aws-java-sdk-budgets\1.12.279\aws-java-sdk-budgets-1.12.279.jar;C:\Users\GaD.Alex\.m2\repository\com\amazonaws\aws-java-sdk-cloudtrail\1.12.279\aws-java-sdk-cloudtrail-1.12.279.jar;C:\Users\GaD.Alex\.m2\repository\com\amazonaws\aws-java-sdk-cloudwatch\1.12.279\aws-java-sdk-cloudwatch-1.12.279.jar;C:\Users\GaD.Alex\.m2\repository\com\amazonaws\aws-java-sdk-logs\1.12.279\aws-java-sdk-logs-1.12.279.jar;C:\Users\GaD.Alex\.m2\repository\com\amazonaws\aws-java-sdk-events\1.12.279\aws-java-sdk-events-1.12.279.jar;C:\Users\GaD.Alex\.m2\repository\com\amazonaws\aws-java-sdk-cognitoidentity\1.12.279\aws-java-sdk-cognitoidentity-1.12.279.jar;C:\Users\GaD.Alex\.m2\repository\com\amazonaws\aws-java-sdk-cognitosync\1.12.279\aws-java-sdk-cognitosync-1.12.279.jar;C:\Users\GaD.Alex\.m2\repository\com\amazonaws\aws-java-sdk-directconnect\1.12.279\aws-java-sdk-directconnect-1.12.279.jar;C:\Users\GaD.Alex\.m2\repository\com\amazonaws\aws-java-sdk-cloudformation\1.12.279\aws-java-sdk-cloudformation-1.12.279.jar;C:\Users\GaD.Alex\.m2\repository\com\amazonaws\aws-java-sdk-cloudfront\1.12.279\aws-java-sdk-cloudfront-1.12.279.jar;C:\Users\GaD.Alex\.m2\repository\com\amazonaws\aws-java-sdk-clouddirectory\1.12.279\aws-java-sdk-clouddirectory-1.12.279.jar;C:\Users\GaD.Alex\.m2\repository\com\amazonaws\aws-java-sdk-kinesis\1.12.279\aws-java-sdk-kinesis-1.12.279.jar;C:\Users\GaD.Alex\.m2\repository\com\amazonaws\aws-java-sdk-opsworks\1.12.279\aws-java-sdk-opsworks-1.12.279.jar;C:\Users\GaD.Alex\.m2\repository\com\amazonaws\aws-java-sdk-ses\1.12.279\aws-java-sdk-ses-1.12.279.jar;C:\Users\GaD.Alex\.m2\repository\com\amazonaws\aws-java-sdk-autoscaling\1.12.279\aws-java-sdk-autoscaling-1.12.279.jar;C:\Users\GaD.Alex\.m2\repository\com\amazonaws\aws-java-sdk-cloudsearch\1.12.279\aws-java-sdk-cloudsearch-1.12.279.jar;C:\Users\GaD.Alex\.m2\repository\com\amazonaws\aws-java-sdk-cloudwatchmetrics\1.12.279\aws-java-sdk-cloudwatchmetrics-1.12.279.jar;C:\Users\GaD.Alex\.m2\repository\com\amazonaws\aws-java-sdk-codedeploy\1.12.279\aws-java-sdk-codedeploy-1.12.279.jar;C:\Users\GaD.Alex\.m2\repository\com\amazonaws\aws-java-sdk-codepipeline\1.12.279\aws-java-sdk-codepipeline-1.12.279.jar;C:\Users\GaD.Alex\.m2\repository\com\amazonaws\aws-java-sdk-kms\1.12.279\aws-java-sdk-kms-1.12.279.jar;C:\Users\GaD.Alex\.m2\repository\com\amazonaws\aws-java-sdk-config\1.12.279\aws-java-sdk-config-1.12.279.jar;C:\Users\GaD.Alex\.m2\repository\com\amazonaws\aws-java-sdk-lambda\1.12.279\aws-java-sdk-lambda-1.12.279.jar;C:\Users\GaD.Alex\.m2\repository\com\amazonaws\aws-java-sdk-ecs\1.12.279\aws-java-sdk-ecs-1.12.279.jar;C:\Users\GaD.Alex\.m2\repository\com\amazonaws\aws-java-sdk-ecr\1.12.279\aws-java-sdk-ecr-1.12.279.jar;C:\Users\GaD.Alex\.m2\repository\com\amazonaws\aws-java-sdk-cloudhsm\1.12.279\aws-java-sdk-cloudhsm-1.12.279.jar;C:\Users\GaD.Alex\.m2\repository\com\amazonaws\aws-java-sdk-ssm\1.12.279\aws-java-sdk-ssm-1.12.279.jar;C:\Users\GaD.Alex\.m2\repository\com\amazonaws\aws-java-sdk-workspaces\1.12.279\aws-java-sdk-workspaces-1.12.279.jar;C:\Users\GaD.Alex\.m2\repository\com\amazonaws\aws-java-sdk-machinelearning\1.12.279\aws-java-sdk-machinelearning-1.12.279.jar;C:\Users\GaD.Alex\.m2\repository\com\amazonaws\aws-java-sdk-directory\1.12.279\aws-java-sdk-directory-1.12.279.jar;C:\Users\GaD.Alex\.m2\repository\com\amazonaws\aws-java-sdk-efs\1.12.279\aws-java-sdk-efs-1.12.279.jar;C:\Users\GaD.Alex\.m2\repository\com\amazonaws\aws-java-sdk-codecommit\1.12.279\aws-java-sdk-codecommit-1.12.279.jar;C:\Users\GaD.Alex\.m2\repository\com\amazonaws\aws-java-sdk-devicefarm\1.12.279\aws-java-sdk-devicefarm-1.12.279.jar;C:\Users\GaD.Alex\.m2\repository\com\amazonaws\aws-java-sdk-elasticsearch\1.12.279\aws-java-sdk-elasticsearch-1.12.279.jar;C:\Users\GaD.Alex\.m2\repository\com\amazonaws\aws-java-sdk-waf\1.12.279\aws-java-sdk-waf-1.12.279.jar;C:\Users\GaD.Alex\.m2\repository\com\amazonaws\aws-java-sdk-marketplacecommerceanalytics\1.12.279\aws-java-sdk-marketplacecommerceanalytics-1.12.279.jar;C:\Users\GaD.Alex\.m2\repository\com\amazonaws\aws-java-sdk-inspector\1.12.279\aws-java-sdk-inspector-1.12.279.jar;C:\Users\GaD.Alex\.m2\repository\com\amazonaws\aws-java-sdk-iot\1.12.279\aws-java-sdk-iot-1.12.279.jar;C:\Users\GaD.Alex\.m2\repository\com\amazonaws\aws-java-sdk-api-gateway\1.12.279\aws-java-sdk-api-gateway-1.12.279.jar;C:\Users\GaD.Alex\.m2\repository\com\amazonaws\aws-java-sdk-acm\1.12.279\aws-java-sdk-acm-1.12.279.jar;C:\Users\GaD.Alex\.m2\repository\com\amazonaws\aws-java-sdk-gamelift\1.12.279\aws-java-sdk-gamelift-1.12.279.jar;C:\Users\GaD.Alex\.m2\repository\com\amazonaws\aws-java-sdk-dms\1.12.279\aws-java-sdk-dms-1.12.279.jar;C:\Users\GaD.Alex\.m2\repository\com\amazonaws\aws-java-sdk-marketplacemeteringservice\1.12.279\aws-java-sdk-marketplacemeteringservice-1.12.279.jar;C:\Users\GaD.Alex\.m2\repository\com\amazonaws\aws-java-sdk-cognitoidp\1.12.279\aws-java-sdk-cognitoidp-1.12.279.jar;C:\Users\GaD.Alex\.m2\repository\com\amazonaws\aws-java-sdk-discovery\1.12.279\aws-java-sdk-discovery-1.12.279.jar;C:\Users\GaD.Alex\.m2\repository\com\amazonaws\aws-java-sdk-applicationautoscaling\1.12.279\aws-java-sdk-applicationautoscaling-1.12.279.jar;C:\Users\GaD.Alex\.m2\repository\com\amazonaws\aws-java-sdk-snowball\1.12.279\aws-java-sdk-snowball-1.12.279.jar;C:\Users\GaD.Alex\.m2\repository\com\amazonaws\aws-java-sdk-rekognition\1.12.279\aws-java-sdk-rekognition-1.12.279.jar;C:\Users\GaD.Alex\.m2\repository\com\amazonaws\aws-java-sdk-polly\1.12.279\aws-java-sdk-polly-1.12.279.jar;C:\Users\GaD.Alex\.m2\repository\com\amazonaws\aws-java-sdk-lightsail\1.12.279\aws-java-sdk-lightsail-1.12.279.jar;C:\Users\GaD.Alex\.m2\repository\com\amazonaws\aws-java-sdk-stepfunctions\1.12.279\aws-java-sdk-stepfunctions-1.12.279.jar;C:\Users\GaD.Alex\.m2\repository\com\amazonaws\aws-java-sdk-health\1.12.279\aws-java-sdk-health-1.12.279.jar;C:\Users\GaD.Alex\.m2\repository\com\amazonaws\aws-java-sdk-costandusagereport\1.12.279\aws-java-sdk-costandusagereport-1.12.279.jar;C:\Users\GaD.Alex\.m2\repository\com\amazonaws\aws-java-sdk-codebuild\1.12.279\aws-java-sdk-codebuild-1.12.279.jar;C:\Users\GaD.Alex\.m2\repository\com\amazonaws\aws-java-sdk-appstream\1.12.279\aws-java-sdk-appstream-1.12.279.jar;C:\Users\GaD.Alex\.m2\repository\com\amazonaws\aws-java-sdk-shield\1.12.279\aws-java-sdk-shield-1.12.279.jar;C:\Users\GaD.Alex\.m2\repository\com\amazonaws\aws-java-sdk-batch\1.12.279\aws-java-sdk-batch-1.12.279.jar;C:\Users\GaD.Alex\.m2\repository\com\amazonaws\aws-java-sdk-lex\1.12.279\aws-java-sdk-lex-1.12.279.jar;C:\Users\GaD.Alex\.m2\repository\com\amazonaws\aws-java-sdk-mechanicalturkrequester\1.12.279\aws-java-sdk-mechanicalturkrequester-1.12.279.jar;C:\Users\GaD.Alex\.m2\repository\com\amazonaws\aws-java-sdk-organizations\1.12.279\aws-java-sdk-organizations-1.12.279.jar;C:\Users\GaD.Alex\.m2\repository\com\amazonaws\aws-java-sdk-workdocs\1.12.279\aws-java-sdk-workdocs-1.12.279.jar;C:\Users\GaD.Alex\.m2\repository\com\amazonaws\aws-java-sdk-core\1.12.279\aws-java-sdk-core-1.12.279.jar;C:\Users\GaD.Alex\.m2\repository\commons-logging\commons-logging\1.1.3\commons-logging-1.1.3.jar;C:\Users\GaD.Alex\.m2\repository\commons-codec\commons-codec\1.15\commons-codec-1.15.jar;C:\Users\GaD.Alex\.m2\repository\org\apache\httpcomponents\httpclient\4.5.13\httpclient-4.5.13.jar;C:\Users\GaD.Alex\.m2\repository\org\apache\httpcomponents\httpcore\4.4.15\httpcore-4.4.15.jar;C:\Users\GaD.Alex\.m2\repository\software\amazon\ion\ion-java\1.0.2\ion-java-1.0.2.jar;C:\Users\GaD.Alex\.m2\repository\com\fasterxml\jackson\dataformat\jackson-dataformat-cbor\2.13.3\jackson-dataformat-cbor-2.13.3.jar;C:\Users\GaD.Alex\.m2\repository\joda-time\joda-time\2.8.1\joda-time-2.8.1.jar;C:\Users\GaD.Alex\.m2\repository\com\amazonaws\aws-java-sdk-models\1.12.279\aws-java-sdk-models-1.12.279.jar;C:\Users\GaD.Alex\.m2\repository\com\amazonaws\aws-java-sdk-swf-libraries\1.11.22\aws-java-sdk-swf-libraries-1.11.22.jar;C:\Users\GaD.Alex\.m2\repository\org\springframework\boot\spring-boot-starter-jdbc\2.7.3\spring-boot-starter-jdbc-2.7.3.jar;C:\Users\GaD.Alex\.m2\repository\com\zaxxer\HikariCP\4.0.3\HikariCP-4.0.3.jar;C:\Users\GaD.Alex\.m2\repository\org\springframework\spring-jdbc\5.3.22\spring-jdbc-5.3.22.jar;C:\Users\GaD.Alex\.m2\repository\org\springframework\boot\spring-boot-starter-data-mongodb\2.7.3\spring-boot-starter-data-mongodb-2.7.3.jar;C:\Users\GaD.Alex\.m2\repository\org\mongodb\mongodb-driver-sync\4.6.1\mongodb-driver-sync-4.6.1.jar;C:\Users\GaD.Alex\.m2\repository\org\mongodb\bson\4.6.1\bson-4.6.1.jar;C:\Users\GaD.Alex\.m2\repository\org\mongodb\mongodb-driver-core\4.6.1\mongodb-driver-core-4.6.1.jar;C:\Users\GaD.Alex\.m2\repository\org\mongodb\bson-record-codec\4.6.1\bson-record-codec-4.6.1.jar;C:\Users\GaD.Alex\.m2\repository\org\springframework\data\spring-data-mongodb\3.4.2\spring-data-mongodb-3.4.2.jar;C:\Users\GaD.Alex\.m2\repository\org\projectlombok\lombok\1.18.24\lombok-1.18.24.jar;"/>
    <property name="sun.cpu.endian" value="little"/>
    <property name="user.home" value="C:\Users\GaD.Alex"/>
    <property name="user.language" value="en"/>
    <property name="java.specification.vendor" value="Oracle Corporation"/>
    <property name="java.version.date" value="2022-07-19"/>
    <property name="java.home" value="C:\Program Files\Java\jdk-18.0.2"/>
    <property name="file.separator" value="\"/>
    <property name="basedir" value="D:\Users\GaD.Alex\Projects\aws-image-upload"/>
    <property name="java.vm.compressedOopsMode" value="32-bit"/>
    <property name="line.separator" value="&#10;"/>
    <property name="java.vm.specification.vendor" value="Oracle Corporation"/>
    <property name="java.specification.name" value="Java Platform API Specification"/>
    <property name="surefire.real.class.path" value="C:\Users\GAD~1.ALE\AppData\Local\Temp\surefire3949272983667253028\surefirebooter15331467540358610959.jar"/>
    <property name="user.script" value=""/>
    <property name="sun.management.compiler" value="HotSpot 64-Bit Tiered Compilers"/>
    <property name="java.runtime.version" value="18.0.2+9-61"/>
    <property name="user.name" value="GaD.Alex"/>
    <property name="path.separator" value=";"/>
    <property name="os.version" value="10.0"/>
    <property name="java.runtime.name" value="Java(TM) SE Runtime Environment"/>
    <property name="file.encoding" value="UTF-8"/>
    <property name="java.vm.name" value="Java HotSpot(TM) 64-Bit Server VM"/>
    <property name="localRepository" value="C:\Users\GaD.Alex\.m2\repository"/>
    <property name="java.vendor.url.bug" value="https://bugreport.java.com/bugreport/"/>
    <property name="java.io.tmpdir" value="C:\Users\GAD~1.ALE\AppData\Local\Temp\"/>
    <property name="idea.version" value="2022.2.1"/>
    <property name="java.version" value="18.0.2"/>
    <property name="user.dir" value="D:\Users\GaD.Alex\Projects\aws-image-upload"/>
    <property name="os.arch" value="amd64"/>
    <property name="java.vm.specification.name" value="Java Virtual Machine Specification"/>
    <property name="user.language.format" value="el"/>
    <property name="sun.os.patch.level" value=""/>
    <property name="native.encoding" value="Cp1253"/>
    <property name="java.library.path" value="C:\Program Files\Java\jdk-18.0.2\bin;C:\WINDOWS\Sun\Java\bin;C:\WINDOWS\system32;C:\WINDOWS;C:\Program Files\Common Files\Oracle\Java\javapath;C:\Program Files (x86)\Common Files\Oracle\Java\javapath;C:\WINDOWS\system32;C:\WINDOWS;C:\WINDOWS\System32\Wbem;C:\WINDOWS\System32\WindowsPowerShell\v1.0\;C:\WINDOWS\System32\OpenSSH\;D:\Programs\Brackets\command;C:\Program Files\dotnet\;C:\Program Files\nodejs\;C:\Program Files\Git\cmd;D:\Programs\apache-maven-3.8.6\bin;C:\Progra~1\Java\jdk-17.0.3.1\bin;C:\Program Files\PostgreSQL\14\bin;C:\Program Files\PostgreSQL\14\lib;;C:\Program Files\Docker\Docker\resources\bin;C:\ProgramData\DockerDesktop\version-bin;C:\Users\GaD.Alex\AppData\Local\Microsoft\WindowsApps;C:\Users\GaD.Alex\.dotnet\tools;C:\Users\GaD.Alex\AppData\Roaming\npm;C:\Program Files\PostgreSQL\10\bin;C:\Program Files\PostgreSQL\10\lib;;D:\Programs\Microsoft VS Code\bin;."/>
    <property name="java.vm.info" value="mixed mode, sharing"/>
    <property name="java.vendor" value="Oracle Corporation"/>
    <property name="java.vm.version" value="18.0.2+9-61"/>
    <property name="sun.io.unicode.encoding" value="UnicodeLittle"/>
    <property name="java.class.version" value="62.0"/>
  </properties>
  <testcase name="contextLoads" classname="com.example.awsimageupload.MainTests" time="0.137">
    <error message="Failed to load ApplicationContext" type="java.lang.IllegalStateException">java.lang.IllegalStateException: Failed to load ApplicationContext
Caused by: org.springframework.beans.factory.UnsatisfiedDependencyException: Error creating bean with name 'userProfileController' defined in file [D:\Users\GaD.Alex\Projects\aws-image-upload\target\classes\com\example\awsimageupload\profile\UserProfileController.class]: Unsatisfied dependency expressed through constructor parameter 0; nested exception is org.springframework.beans.factory.UnsatisfiedDependencyException: Error creating bean with name 'userProfileService' defined in file [D:\Users\GaD.Alex\Projects\aws-image-upload\target\classes\com\example\awsimageupload\profile\UserProfileService.class]: Unsatisfied dependency expressed through constructor parameter 0; nested exception is org.springframework.beans.factory.BeanCreationException: Error creating bean with name 'userProfileRepository' defined in com.example.awsimageupload.datastore.UserProfileRepository defined in @EnableMongoRepositories declared on MongoRepositoriesRegistrar.EnableMongoRepositoriesConfiguration: Invocation of init method failed; nested exception is org.springframework.data.repository.query.QueryCreationException: Could not create query for public abstract java.util.Optional com.example.awsimageupload.datastore.UserProfileRepository.selectUserProfileById(java.util.UUID); Reason: No property 'selectUserProfileById' found for type 'UserProfile'; nested exception is org.springframework.data.mapping.PropertyReferenceException: No property 'selectUserProfileById' found for type 'UserProfile'
Caused by: org.springframework.beans.factory.UnsatisfiedDependencyException: Error creating bean with name 'userProfileService' defined in file [D:\Users\GaD.Alex\Projects\aws-image-upload\target\classes\com\example\awsimageupload\profile\UserProfileService.class]: Unsatisfied dependency expressed through constructor parameter 0; nested exception is org.springframework.beans.factory.BeanCreationException: Error creating bean with name 'userProfileRepository' defined in com.example.awsimageupload.datastore.UserProfileRepository defined in @EnableMongoRepositories declared on MongoRepositoriesRegistrar.EnableMongoRepositoriesConfiguration: Invocation of init method failed; nested exception is org.springframework.data.repository.query.QueryCreationException: Could not create query for public abstract java.util.Optional com.example.awsimageupload.datastore.UserProfileRepository.selectUserProfileById(java.util.UUID); Reason: No property 'selectUserProfileById' found for type 'UserProfile'; nested exception is org.springframework.data.mapping.PropertyReferenceException: No property 'selectUserProfileById' found for type 'UserProfile'
Caused by: org.springframework.beans.factory.BeanCreationException: Error creating bean with name 'userProfileRepository' defined in com.example.awsimageupload.datastore.UserProfileRepository defined in @EnableMongoRepositories declared on MongoRepositoriesRegistrar.EnableMongoRepositoriesConfiguration: Invocation of init method failed; nested exception is org.springframework.data.repository.query.QueryCreationException: Could not create query for public abstract java.util.Optional com.example.awsimageupload.datastore.UserProfileRepository.selectUserProfileById(java.util.UUID); Reason: No property 'selectUserProfileById' found for type 'UserProfile'; nested exception is org.springframework.data.mapping.PropertyReferenceException: No property 'selectUserProfileById' found for type 'UserProfile'
Caused by: org.springframework.data.repository.query.QueryCreationException: Could not create query for public abstract java.util.Optional com.example.awsimageupload.datastore.UserProfileRepository.selectUserProfileById(java.util.UUID); Reason: No property 'selectUserProfileById' found for type 'UserProfile'; nested exception is org.springframework.data.mapping.PropertyReferenceException: No property 'selectUserProfileById' found for type 'UserProfile'
Caused by: org.springframework.data.mapping.PropertyReferenceException: No property 'selectUserProfileById' found for type 'UserProfile'
</error>
    <system-out><![CDATA[21:45:06.443 [main] DEBUG org.springframework.test.context.BootstrapUtils - Instantiating CacheAwareContextLoaderDelegate from class [org.springframework.test.context.cache.DefaultCacheAwareContextLoaderDelegate]
21:45:06.460 [main] DEBUG org.springframework.test.context.BootstrapUtils - Instantiating BootstrapContext using constructor [public org.springframework.test.context.support.DefaultBootstrapContext(java.lang.Class,org.springframework.test.context.CacheAwareContextLoaderDelegate)]
21:45:06.525 [main] DEBUG org.springframework.test.context.BootstrapUtils - Instantiating TestContextBootstrapper for test class [com.example.awsimageupload.MainTests] from class [org.springframework.boot.test.context.SpringBootTestContextBootstrapper]
21:45:06.555 [main] INFO org.springframework.boot.test.context.SpringBootTestContextBootstrapper - Neither @ContextConfiguration nor @ContextHierarchy found for test class [com.example.awsimageupload.MainTests], using SpringBootContextLoader
21:45:06.578 [main] DEBUG org.springframework.test.context.support.AbstractContextLoader - Did not detect default resource location for test class [com.example.awsimageupload.MainTests]: class path resource [com/example/awsimageupload/MainTests-context.xml] does not exist
21:45:06.580 [main] DEBUG org.springframework.test.context.support.AbstractContextLoader - Did not detect default resource location for test class [com.example.awsimageupload.MainTests]: class path resource [com/example/awsimageupload/MainTestsContext.groovy] does not exist
21:45:06.581 [main] INFO org.springframework.test.context.support.AbstractContextLoader - Could not detect default resource locations for test class [com.example.awsimageupload.MainTests]: no resource found for suffixes {-context.xml, Context.groovy}.
21:45:06.584 [main] INFO org.springframework.test.context.support.AnnotationConfigContextLoaderUtils - Could not detect default configuration classes for test class [com.example.awsimageupload.MainTests]: MainTests does not declare any static, non-private, non-final, nested classes annotated with @Configuration.
21:45:06.690 [main] DEBUG org.springframework.test.context.support.ActiveProfilesUtils - Could not find an 'annotation declaring class' for annotation type [org.springframework.test.context.ActiveProfiles] and class [com.example.awsimageupload.MainTests]
21:45:06.850 [main] DEBUG org.springframework.context.annotation.ClassPathScanningCandidateComponentProvider - Identified candidate component class: file [D:\Users\GaD.Alex\Projects\aws-image-upload\target\classes\com\example\awsimageupload\Main.class]
21:45:06.853 [main] INFO org.springframework.boot.test.context.SpringBootTestContextBootstrapper - Found @SpringBootConfiguration com.example.awsimageupload.Main for test class com.example.awsimageupload.MainTests
21:45:07.178 [main] DEBUG org.springframework.boot.test.context.SpringBootTestContextBootstrapper - @TestExecutionListeners is not present for class [com.example.awsimageupload.MainTests]: using defaults.
21:45:07.179 [main] INFO org.springframework.boot.test.context.SpringBootTestContextBootstrapper - Loaded default TestExecutionListener class names from location [META-INF/spring.factories]: [org.springframework.boot.test.mock.mockito.MockitoTestExecutionListener, org.springframework.boot.test.mock.mockito.ResetMocksTestExecutionListener, org.springframework.boot.test.autoconfigure.restdocs.RestDocsTestExecutionListener, org.springframework.boot.test.autoconfigure.web.client.MockRestServiceServerResetTestExecutionListener, org.springframework.boot.test.autoconfigure.web.servlet.MockMvcPrintOnlyOnFailureTestExecutionListener, org.springframework.boot.test.autoconfigure.web.servlet.WebDriverTestExecutionListener, org.springframework.boot.test.autoconfigure.webservices.client.MockWebServiceServerTestExecutionListener, org.springframework.test.context.web.ServletTestExecutionListener, org.springframework.test.context.support.DirtiesContextBeforeModesTestExecutionListener, org.springframework.test.context.event.ApplicationEventsTestExecutionListener, org.springframework.test.context.support.DependencyInjectionTestExecutionListener, org.springframework.test.context.support.DirtiesContextTestExecutionListener, org.springframework.test.context.transaction.TransactionalTestExecutionListener, org.springframework.test.context.jdbc.SqlScriptsTestExecutionListener, org.springframework.test.context.event.EventPublishingTestExecutionListener]
21:45:07.249 [main] INFO org.springframework.boot.test.context.SpringBootTestContextBootstrapper - Using TestExecutionListeners: [org.springframework.test.context.web.ServletTestExecutionListener@4218500f, org.springframework.test.context.support.DirtiesContextBeforeModesTestExecutionListener@4bff64c2, org.springframework.test.context.event.ApplicationEventsTestExecutionListener@1b2c4efb, org.springframework.boot.test.mock.mockito.MockitoTestExecutionListener@c35172e, org.springframework.boot.test.autoconfigure.SpringBootDependencyInjectionTestExecutionListener@c2db68f, org.springframework.test.context.support.DirtiesContextTestExecutionListener@3cc41abc, org.springframework.test.context.transaction.TransactionalTestExecutionListener@4566d049, org.springframework.test.context.jdbc.SqlScriptsTestExecutionListener@61ce23ac, org.springframework.test.context.event.EventPublishingTestExecutionListener@3668d4, org.springframework.boot.test.mock.mockito.ResetMocksTestExecutionListener@1c3b9394, org.springframework.boot.test.autoconfigure.restdocs.RestDocsTestExecutionListener@6f2cfcc2, org.springframework.boot.test.autoconfigure.web.client.MockRestServiceServerResetTestExecutionListener@7f6f61c8, org.springframework.boot.test.autoconfigure.web.servlet.MockMvcPrintOnlyOnFailureTestExecutionListener@4c2cc639, org.springframework.boot.test.autoconfigure.web.servlet.WebDriverTestExecutionListener@ccb4b1b, org.springframework.boot.test.autoconfigure.webservices.client.MockWebServiceServerTestExecutionListener@4097cac]
21:45:07.262 [main] DEBUG org.springframework.test.context.support.AbstractDirtiesContextTestExecutionListener - Before test class: context [DefaultTestContext@3c9bfddc testClass = MainTests, testInstance = [null], testMethod = [null], testException = [null], mergedContextConfiguration = [WebMergedContextConfiguration@1a9c38eb testClass = MainTests, locations = '{}', classes = '{class com.example.awsimageupload.Main}', contextInitializerClasses = '[]', activeProfiles = '{}', propertySourceLocations = '{}', propertySourceProperties = '{org.springframework.boot.test.context.SpringBootTestContextBootstrapper=true}', contextCustomizers = set[org.springframework.boot.test.context.filter.ExcludeFilterContextCustomizer@7bbc8656, org.springframework.boot.test.json.DuplicateJsonObjectContextCustomizerFactory$DuplicateJsonObjectContextCustomizer@169bb4dd, org.springframework.boot.test.mock.mockito.MockitoContextCustomizer@0, org.springframework.boot.test.web.client.TestRestTemplateContextCustomizer@1df8da7a, org.springframework.boot.test.autoconfigure.actuate.metrics.MetricsExportContextCustomizerFactory$DisableMetricExportContextCustomizer@69ee81fc, org.springframework.boot.test.autoconfigure.properties.PropertyMappingContextCustomizer@0, org.springframework.boot.test.autoconfigure.web.servlet.WebDriverContextCustomizerFactory$Customizer@36804139, org.springframework.boot.test.context.SpringBootTestArgs@1, org.springframework.boot.test.context.SpringBootTestWebEnvironment@1d082e88], resourceBasePath = 'src/main/webapp', contextLoader = 'org.springframework.boot.test.context.SpringBootContextLoader', parent = [null]], attributes = map['org.springframework.test.context.web.ServletTestExecutionListener.activateListener' -> true]], class annotated with @DirtiesContext [false] with mode [null].

  .   ____          _            __ _ _
 /\\ / ___'_ __ _ _(_)_ __  __ _ \ \ \ \
( ( )\___ | '_ | '_| | '_ \/ _` | \ \ \ \
 \\/  ___)| |_)| | | | | || (_| |  ) ) ) )
  '  |____| .__|_| |_|_| |_\__, | / / / /
 =========|_|==============|___/=/_/_/_/
 :: Spring Boot ::                (v2.7.3)

2022-09-19 21:45:08.083  INFO 11480 --- [           main] com.example.awsimageupload.MainTests     : Starting MainTests using Java 18.0.2 on DESKTOP-E22SSTH with PID 11480 (started by GaD.Alex in D:\Users\GaD.Alex\Projects\aws-image-upload)
2022-09-19 21:45:08.084  INFO 11480 --- [           main] com.example.awsimageupload.MainTests     : No active profile set, falling back to 1 default profile: "default"
2022-09-19 21:45:09.724  INFO 11480 --- [           main] .s.d.r.c.RepositoryConfigurationDelegate : Multiple Spring Data modules found, entering strict repository configuration mode
2022-09-19 21:45:09.729  INFO 11480 --- [           main] .s.d.r.c.RepositoryConfigurationDelegate : Bootstrapping Spring Data MongoDB repositories in DEFAULT mode.
2022-09-19 21:45:09.846  INFO 11480 --- [           main] .s.d.r.c.RepositoryConfigurationDelegate : Finished Spring Data repository scanning in 105 ms. Found 1 MongoDB repository interfaces.
2022-09-19 21:45:12.910  INFO 11480 --- [localhost:27017] org.mongodb.driver.cluster               : Exception in monitor thread while connecting to server localhost:27017

com.mongodb.MongoSocketOpenException: Exception opening socket
	at com.mongodb.internal.connection.SocketStream.open(SocketStream.java:70) ~[mongodb-driver-core-4.6.1.jar:na]
	at com.mongodb.internal.connection.InternalStreamConnection.open(InternalStreamConnection.java:180) ~[mongodb-driver-core-4.6.1.jar:na]
	at com.mongodb.internal.connection.DefaultServerMonitor$ServerMonitorRunnable.lookupServerDescription(DefaultServerMonitor.java:193) ~[mongodb-driver-core-4.6.1.jar:na]
	at com.mongodb.internal.connection.DefaultServerMonitor$ServerMonitorRunnable.run(DefaultServerMonitor.java:157) ~[mongodb-driver-core-4.6.1.jar:na]
	at java.base/java.lang.Thread.run(Thread.java:833) ~[na:na]
Caused by: java.net.ConnectException: Connection refused: no further information
	at java.base/sun.nio.ch.Net.pollConnect(Native Method) ~[na:na]
	at java.base/sun.nio.ch.Net.pollConnectNow(Net.java:672) ~[na:na]
	at java.base/sun.nio.ch.NioSocketImpl.timedFinishConnect(NioSocketImpl.java:539) ~[na:na]
	at java.base/sun.nio.ch.NioSocketImpl.connect(NioSocketImpl.java:594) ~[na:na]
	at java.base/java.net.SocksSocketImpl.connect(SocksSocketImpl.java:327) ~[na:na]
	at java.base/java.net.Socket.connect(Socket.java:633) ~[na:na]
	at com.mongodb.internal.connection.SocketStreamHelper.initialize(SocketStreamHelper.java:107) ~[mongodb-driver-core-4.6.1.jar:na]
	at com.mongodb.internal.connection.SocketStream.initializeSocket(SocketStream.java:79) ~[mongodb-driver-core-4.6.1.jar:na]
	at com.mongodb.internal.connection.SocketStream.open(SocketStream.java:65) ~[mongodb-driver-core-4.6.1.jar:na]
	... 4 common frames omitted

2022-09-19 21:45:12.922  INFO 11480 --- [           main] org.mongodb.driver.client                : MongoClient with metadata {"driver": {"name": "mongo-java-driver|sync|spring-boot", "version": "4.6.1"}, "os": {"type": "Windows", "name": "Windows 10", "architecture": "amd64", "version": "10.0"}, "platform": "Java/Oracle Corporation/18.0.2+9-61"} created with settings MongoClientSettings{readPreference=primary, writeConcern=WriteConcern{w=null, wTimeout=null ms, journal=null}, retryWrites=true, retryReads=true, readConcern=ReadConcern{level=null}, credential=MongoCredential{mechanism=null, userName='rootuser', source='admin', password=<hidden>, mechanismProperties=<hidden>}, streamFactoryFactory=null, commandListeners=[], codecRegistry=ProvidersCodecRegistry{codecProviders=[ValueCodecProvider{}, BsonValueCodecProvider{}, DBRefCodecProvider{}, DBObjectCodecProvider{}, DocumentCodecProvider{}, IterableCodecProvider{}, MapCodecProvider{}, GeoJsonCodecProvider{}, GridFSFileCodecProvider{}, Jsr310CodecProvider{}, JsonObjectCodecProvider{}, BsonCodecProvider{}, EnumCodecProvider{}, com.mongodb.Jep395RecordCodecProvider@7994a0d1]}, clusterSettings={hosts=[localhost:27017], srvServiceName=mongodb, mode=SINGLE, requiredClusterType=UNKNOWN, requiredReplicaSetName='null', serverSelector='null', clusterListeners='[]', serverSelectionTimeout='30000 ms', localThreshold='30000 ms'}, socketSettings=SocketSettings{connectTimeoutMS=10000, readTimeoutMS=0, receiveBufferSize=0, sendBufferSize=0}, heartbeatSocketSettings=SocketSettings{connectTimeoutMS=10000, readTimeoutMS=10000, receiveBufferSize=0, sendBufferSize=0}, connectionPoolSettings=ConnectionPoolSettings{maxSize=100, minSize=0, maxWaitTimeMS=120000, maxConnectionLifeTimeMS=0, maxConnectionIdleTimeMS=0, maintenanceInitialDelayMS=0, maintenanceFrequencyMS=60000, connectionPoolListeners=[], maxConnecting=2}, serverSettings=ServerSettings{heartbeatFrequencyMS=10000, minHeartbeatFrequencyMS=500, serverListeners='[]', serverMonitorListeners='[]'}, sslSettings=SslSettings{enabled=false, invalidHostNameAllowed=false, context=null}, applicationName='null', compressorList=[], uuidRepresentation=JAVA_LEGACY, serverApi=null, autoEncryptionSettings=null, contextProvider=null}
2022-09-19 21:45:13.096  WARN 11480 --- [           main] o.s.data.convert.CustomConversions       : Registering converter from class java.time.LocalDateTime to class org.joda.time.LocalDateTime as reading converter although it doesn't convert from a store-supported type; You might want to check your annotation setup at the converter implementation
2022-09-19 21:45:13.529  WARN 11480 --- [           main] o.s.data.convert.CustomConversions       : Registering converter from class java.time.LocalDateTime to class org.joda.time.LocalDateTime as reading converter although it doesn't convert from a store-supported type; You might want to check your annotation setup at the converter implementation
2022-09-19 21:45:14.420  WARN 11480 --- [           main] o.s.w.c.s.GenericWebApplicationContext   : Exception encountered during context initialization - cancelling refresh attempt: org.springframework.beans.factory.UnsatisfiedDependencyException: Error creating bean with name 'userProfileController' defined in file [D:\Users\GaD.Alex\Projects\aws-image-upload\target\classes\com\example\awsimageupload\profile\UserProfileController.class]: Unsatisfied dependency expressed through constructor parameter 0; nested exception is org.springframework.beans.factory.UnsatisfiedDependencyException: Error creating bean with name 'userProfileService' defined in file [D:\Users\GaD.Alex\Projects\aws-image-upload\target\classes\com\example\awsimageupload\profile\UserProfileService.class]: Unsatisfied dependency expressed through constructor parameter 0; nested exception is org.springframework.beans.factory.BeanCreationException: Error creating bean with name 'userProfileRepository' defined in com.example.awsimageupload.datastore.UserProfileRepository defined in @EnableMongoRepositories declared on MongoRepositoriesRegistrar.EnableMongoRepositoriesConfiguration: Invocation of init method failed; nested exception is org.springframework.data.repository.query.QueryCreationException: Could not create query for public abstract java.util.Optional com.example.awsimageupload.datastore.UserProfileRepository.selectUserProfileById(java.util.UUID); Reason: No property 'selectUserProfileById' found for type 'UserProfile'; nested exception is org.springframework.data.mapping.PropertyReferenceException: No property 'selectUserProfileById' found for type 'UserProfile'
2022-09-19 21:45:14.459  INFO 11480 --- [           main] ConditionEvaluationReportLoggingListener : 

Error starting ApplicationContext. To display the conditions report re-run your application with 'debug' enabled.
2022-09-19 21:45:14.537 ERROR 11480 --- [           main] o.s.boot.SpringApplication               : Application run failed

org.springframework.beans.factory.UnsatisfiedDependencyException: Error creating bean with name 'userProfileController' defined in file [D:\Users\GaD.Alex\Projects\aws-image-upload\target\classes\com\example\awsimageupload\profile\UserProfileController.class]: Unsatisfied dependency expressed through constructor parameter 0; nested exception is org.springframework.beans.factory.UnsatisfiedDependencyException: Error creating bean with name 'userProfileService' defined in file [D:\Users\GaD.Alex\Projects\aws-image-upload\target\classes\com\example\awsimageupload\profile\UserProfileService.class]: Unsatisfied dependency expressed through constructor parameter 0; nested exception is org.springframework.beans.factory.BeanCreationException: Error creating bean with name 'userProfileRepository' defined in com.example.awsimageupload.datastore.UserProfileRepository defined in @EnableMongoRepositories declared on MongoRepositoriesRegistrar.EnableMongoRepositoriesConfiguration: Invocation of init method failed; nested exception is org.springframework.data.repository.query.QueryCreationException: Could not create query for public abstract java.util.Optional com.example.awsimageupload.datastore.UserProfileRepository.selectUserProfileById(java.util.UUID); Reason: No property 'selectUserProfileById' found for type 'UserProfile'; nested exception is org.springframework.data.mapping.PropertyReferenceException: No property 'selectUserProfileById' found for type 'UserProfile'
	at org.springframework.beans.factory.support.ConstructorResolver.createArgumentArray(ConstructorResolver.java:800) ~[spring-beans-5.3.22.jar:5.3.22]
	at org.springframework.beans.factory.support.ConstructorResolver.autowireConstructor(ConstructorResolver.java:229) ~[spring-beans-5.3.22.jar:5.3.22]
	at org.springframework.beans.factory.support.AbstractAutowireCapableBeanFactory.autowireConstructor(AbstractAutowireCapableBeanFactory.java:1372) ~[spring-beans-5.3.22.jar:5.3.22]
	at org.springframework.beans.factory.support.AbstractAutowireCapableBeanFactory.createBeanInstance(AbstractAutowireCapableBeanFactory.java:1222) ~[spring-beans-5.3.22.jar:5.3.22]
	at org.springframework.beans.factory.support.AbstractAutowireCapableBeanFactory.doCreateBean(AbstractAutowireCapableBeanFactory.java:582) ~[spring-beans-5.3.22.jar:5.3.22]
	at org.springframework.beans.factory.support.AbstractAutowireCapableBeanFactory.createBean(AbstractAutowireCapableBeanFactory.java:542) ~[spring-beans-5.3.22.jar:5.3.22]
	at org.springframework.beans.factory.support.AbstractBeanFactory.lambda$doGetBean$0(AbstractBeanFactory.java:335) ~[spring-beans-5.3.22.jar:5.3.22]
	at org.springframework.beans.factory.support.DefaultSingletonBeanRegistry.getSingleton(DefaultSingletonBeanRegistry.java:234) ~[spring-beans-5.3.22.jar:5.3.22]
	at org.springframework.beans.factory.support.AbstractBeanFactory.doGetBean(AbstractBeanFactory.java:333) ~[spring-beans-5.3.22.jar:5.3.22]
	at org.springframework.beans.factory.support.AbstractBeanFactory.getBean(AbstractBeanFactory.java:208) ~[spring-beans-5.3.22.jar:5.3.22]
	at org.springframework.beans.factory.support.DefaultListableBeanFactory.preInstantiateSingletons(DefaultListableBeanFactory.java:955) ~[spring-beans-5.3.22.jar:5.3.22]
	at org.springframework.context.support.AbstractApplicationContext.finishBeanFactoryInitialization(AbstractApplicationContext.java:918) ~[spring-context-5.3.22.jar:5.3.22]
	at org.springframework.context.support.AbstractApplicationContext.refresh(AbstractApplicationContext.java:583) ~[spring-context-5.3.22.jar:5.3.22]
	at org.springframework.boot.SpringApplication.refresh(SpringApplication.java:734) ~[spring-boot-2.7.3.jar:2.7.3]
	at org.springframework.boot.SpringApplication.refreshContext(SpringApplication.java:408) ~[spring-boot-2.7.3.jar:2.7.3]
	at org.springframework.boot.SpringApplication.run(SpringApplication.java:308) ~[spring-boot-2.7.3.jar:2.7.3]
	at org.springframework.boot.test.context.SpringBootContextLoader.loadContext(SpringBootContextLoader.java:132) ~[spring-boot-test-2.7.3.jar:2.7.3]
	at org.springframework.test.context.cache.DefaultCacheAwareContextLoaderDelegate.loadContextInternal(DefaultCacheAwareContextLoaderDelegate.java:99) ~[spring-test-5.3.22.jar:5.3.22]
	at org.springframework.test.context.cache.DefaultCacheAwareContextLoaderDelegate.loadContext(DefaultCacheAwareContextLoaderDelegate.java:124) ~[spring-test-5.3.22.jar:5.3.22]
	at org.springframework.test.context.support.DefaultTestContext.getApplicationContext(DefaultTestContext.java:124) ~[spring-test-5.3.22.jar:5.3.22]
	at org.springframework.test.context.web.ServletTestExecutionListener.setUpRequestContextIfNecessary(ServletTestExecutionListener.java:190) ~[spring-test-5.3.22.jar:5.3.22]
	at org.springframework.test.context.web.ServletTestExecutionListener.prepareTestInstance(ServletTestExecutionListener.java:132) ~[spring-test-5.3.22.jar:5.3.22]
	at org.springframework.test.context.TestContextManager.prepareTestInstance(TestContextManager.java:248) ~[spring-test-5.3.22.jar:5.3.22]
	at org.springframework.test.context.junit.jupiter.SpringExtension.postProcessTestInstance(SpringExtension.java:138) ~[spring-test-5.3.22.jar:5.3.22]
	at org.junit.jupiter.engine.descriptor.ClassBasedTestDescriptor.lambda$invokeTestInstancePostProcessors$8(ClassBasedTestDescriptor.java:363) ~[junit-jupiter-engine-5.8.2.jar:5.8.2]
	at org.junit.jupiter.engine.descriptor.ClassBasedTestDescriptor.executeAndMaskThrowable(ClassBasedTestDescriptor.java:368) ~[junit-jupiter-engine-5.8.2.jar:5.8.2]
	at org.junit.jupiter.engine.descriptor.ClassBasedTestDescriptor.lambda$invokeTestInstancePostProcessors$9(ClassBasedTestDescriptor.java:363) ~[junit-jupiter-engine-5.8.2.jar:5.8.2]
	at java.base/java.util.stream.ReferencePipeline$3$1.accept(ReferencePipeline.java:197) ~[na:na]
	at java.base/java.util.stream.ReferencePipeline$2$1.accept(ReferencePipeline.java:179) ~[na:na]
	at java.base/java.util.ArrayList$ArrayListSpliterator.forEachRemaining(ArrayList.java:1625) ~[na:na]
	at java.base/java.util.stream.AbstractPipeline.copyInto(AbstractPipeline.java:509) ~[na:na]
	at java.base/java.util.stream.AbstractPipeline.wrapAndCopyInto(AbstractPipeline.java:499) ~[na:na]
	at java.base/java.util.stream.StreamSpliterators$WrappingSpliterator.forEachRemaining(StreamSpliterators.java:310) ~[na:na]
	at java.base/java.util.stream.Streams$ConcatSpliterator.forEachRemaining(Streams.java:735) ~[na:na]
	at java.base/java.util.stream.Streams$ConcatSpliterator.forEachRemaining(Streams.java:734) ~[na:na]
	at java.base/java.util.stream.ReferencePipeline$Head.forEach(ReferencePipeline.java:762) ~[na:na]
	at org.junit.jupiter.engine.descriptor.ClassBasedTestDescriptor.invokeTestInstancePostProcessors(ClassBasedTestDescriptor.java:362) ~[junit-jupiter-engine-5.8.2.jar:5.8.2]
	at org.junit.jupiter.engine.descriptor.ClassBasedTestDescriptor.lambda$instantiateAndPostProcessTestInstance$6(ClassBasedTestDescriptor.java:283) ~[junit-jupiter-engine-5.8.2.jar:5.8.2]
	at org.junit.platform.engine.support.hierarchical.ThrowableCollector.execute(ThrowableCollector.java:73) ~[junit-platform-engine-1.8.2.jar:1.8.2]
	at org.junit.jupiter.engine.descriptor.ClassBasedTestDescriptor.instantiateAndPostProcessTestInstance(ClassBasedTestDescriptor.java:282) ~[junit-jupiter-engine-5.8.2.jar:5.8.2]
	at org.junit.jupiter.engine.descriptor.ClassBasedTestDescriptor.lambda$testInstancesProvider$4(ClassBasedTestDescriptor.java:272) ~[junit-jupiter-engine-5.8.2.jar:5.8.2]
	at java.base/java.util.Optional.orElseGet(Optional.java:364) ~[na:na]
	at org.junit.jupiter.engine.descriptor.ClassBasedTestDescriptor.lambda$testInstancesProvider$5(ClassBasedTestDescriptor.java:271) ~[junit-jupiter-engine-5.8.2.jar:5.8.2]
	at org.junit.jupiter.engine.execution.TestInstancesProvider.getTestInstances(TestInstancesProvider.java:31) ~[junit-jupiter-engine-5.8.2.jar:5.8.2]
	at org.junit.jupiter.engine.descriptor.TestMethodTestDescriptor.lambda$prepare$0(TestMethodTestDescriptor.java:102) ~[junit-jupiter-engine-5.8.2.jar:5.8.2]
	at org.junit.platform.engine.support.hierarchical.ThrowableCollector.execute(ThrowableCollector.java:73) ~[junit-platform-engine-1.8.2.jar:1.8.2]
	at org.junit.jupiter.engine.descriptor.TestMethodTestDescriptor.prepare(TestMethodTestDescriptor.java:101) ~[junit-jupiter-engine-5.8.2.jar:5.8.2]
	at org.junit.jupiter.engine.descriptor.TestMethodTestDescriptor.prepare(TestMethodTestDescriptor.java:66) ~[junit-jupiter-engine-5.8.2.jar:5.8.2]
	at org.junit.platform.engine.support.hierarchical.NodeTestTask.lambda$prepare$2(NodeTestTask.java:123) ~[junit-platform-engine-1.8.2.jar:1.8.2]
	at org.junit.platform.engine.support.hierarchical.ThrowableCollector.execute(ThrowableCollector.java:73) ~[junit-platform-engine-1.8.2.jar:1.8.2]
	at org.junit.platform.engine.support.hierarchical.NodeTestTask.prepare(NodeTestTask.java:123) ~[junit-platform-engine-1.8.2.jar:1.8.2]
	at org.junit.platform.engine.support.hierarchical.NodeTestTask.execute(NodeTestTask.java:90) ~[junit-platform-engine-1.8.2.jar:1.8.2]
	at java.base/java.util.ArrayList.forEach(ArrayList.java:1511) ~[na:na]
	at org.junit.platform.engine.support.hierarchical.SameThreadHierarchicalTestExecutorService.invokeAll(SameThreadHierarchicalTestExecutorService.java:41) ~[junit-platform-engine-1.8.2.jar:1.8.2]
	at org.junit.platform.engine.support.hierarchical.NodeTestTask.lambda$executeRecursively$6(NodeTestTask.java:155) ~[junit-platform-engine-1.8.2.jar:1.8.2]
	at org.junit.platform.engine.support.hierarchical.ThrowableCollector.execute(ThrowableCollector.java:73) ~[junit-platform-engine-1.8.2.jar:1.8.2]
	at org.junit.platform.engine.support.hierarchical.NodeTestTask.lambda$executeRecursively$8(NodeTestTask.java:141) ~[junit-platform-engine-1.8.2.jar:1.8.2]
	at org.junit.platform.engine.support.hierarchical.Node.around(Node.java:137) ~[junit-platform-engine-1.8.2.jar:1.8.2]
	at org.junit.platform.engine.support.hierarchical.NodeTestTask.lambda$executeRecursively$9(NodeTestTask.java:139) ~[junit-platform-engine-1.8.2.jar:1.8.2]
	at org.junit.platform.engine.support.hierarchical.ThrowableCollector.execute(ThrowableCollector.java:73) ~[junit-platform-engine-1.8.2.jar:1.8.2]
	at org.junit.platform.engine.support.hierarchical.NodeTestTask.executeRecursively(NodeTestTask.java:138) ~[junit-platform-engine-1.8.2.jar:1.8.2]
	at org.junit.platform.engine.support.hierarchical.NodeTestTask.execute(NodeTestTask.java:95) ~[junit-platform-engine-1.8.2.jar:1.8.2]
	at java.base/java.util.ArrayList.forEach(ArrayList.java:1511) ~[na:na]
	at org.junit.platform.engine.support.hierarchical.SameThreadHierarchicalTestExecutorService.invokeAll(SameThreadHierarchicalTestExecutorService.java:41) ~[junit-platform-engine-1.8.2.jar:1.8.2]
	at org.junit.platform.engine.support.hierarchical.NodeTestTask.lambda$executeRecursively$6(NodeTestTask.java:155) ~[junit-platform-engine-1.8.2.jar:1.8.2]
	at org.junit.platform.engine.support.hierarchical.ThrowableCollector.execute(ThrowableCollector.java:73) ~[junit-platform-engine-1.8.2.jar:1.8.2]
	at org.junit.platform.engine.support.hierarchical.NodeTestTask.lambda$executeRecursively$8(NodeTestTask.java:141) ~[junit-platform-engine-1.8.2.jar:1.8.2]
	at org.junit.platform.engine.support.hierarchical.Node.around(Node.java:137) ~[junit-platform-engine-1.8.2.jar:1.8.2]
	at org.junit.platform.engine.support.hierarchical.NodeTestTask.lambda$executeRecursively$9(NodeTestTask.java:139) ~[junit-platform-engine-1.8.2.jar:1.8.2]
	at org.junit.platform.engine.support.hierarchical.ThrowableCollector.execute(ThrowableCollector.java:73) ~[junit-platform-engine-1.8.2.jar:1.8.2]
	at org.junit.platform.engine.support.hierarchical.NodeTestTask.executeRecursively(NodeTestTask.java:138) ~[junit-platform-engine-1.8.2.jar:1.8.2]
	at org.junit.platform.engine.support.hierarchical.NodeTestTask.execute(NodeTestTask.java:95) ~[junit-platform-engine-1.8.2.jar:1.8.2]
	at org.junit.platform.engine.support.hierarchical.SameThreadHierarchicalTestExecutorService.submit(SameThreadHierarchicalTestExecutorService.java:35) ~[junit-platform-engine-1.8.2.jar:1.8.2]
	at org.junit.platform.engine.support.hierarchical.HierarchicalTestExecutor.execute(HierarchicalTestExecutor.java:57) ~[junit-platform-engine-1.8.2.jar:1.8.2]
	at org.junit.platform.engine.support.hierarchical.HierarchicalTestEngine.execute(HierarchicalTestEngine.java:54) ~[junit-platform-engine-1.8.2.jar:1.8.2]
	at org.junit.platform.launcher.core.DefaultLauncher.execute(DefaultLauncher.java:220) ~[junit-platform-launcher-1.3.1.jar:1.3.1]
	at org.junit.platform.launcher.core.DefaultLauncher.lambda$execute$6(DefaultLauncher.java:188) ~[junit-platform-launcher-1.3.1.jar:1.3.1]
	at org.junit.platform.launcher.core.DefaultLauncher.withInterceptedStreams(DefaultLauncher.java:202) ~[junit-platform-launcher-1.3.1.jar:1.3.1]
	at org.junit.platform.launcher.core.DefaultLauncher.execute(DefaultLauncher.java:181) ~[junit-platform-launcher-1.3.1.jar:1.3.1]
	at org.junit.platform.launcher.core.DefaultLauncher.execute(DefaultLauncher.java:128) ~[junit-platform-launcher-1.3.1.jar:1.3.1]
	at org.apache.maven.surefire.junitplatform.JUnitPlatformProvider.invokeAllTests(JUnitPlatformProvider.java:150) ~[surefire-junit-platform-2.22.2.jar:2.22.2]
	at org.apache.maven.surefire.junitplatform.JUnitPlatformProvider.invoke(JUnitPlatformProvider.java:124) ~[surefire-junit-platform-2.22.2.jar:2.22.2]
	at org.apache.maven.surefire.booter.ForkedBooter.invokeProviderInSameClassLoader(ForkedBooter.java:384) ~[surefire-booter-2.22.2.jar:2.22.2]
	at org.apache.maven.surefire.booter.ForkedBooter.runSuitesInProcess(ForkedBooter.java:345) ~[surefire-booter-2.22.2.jar:2.22.2]
	at org.apache.maven.surefire.booter.ForkedBooter.execute(ForkedBooter.java:126) ~[surefire-booter-2.22.2.jar:2.22.2]
	at org.apache.maven.surefire.booter.ForkedBooter.main(ForkedBooter.java:418) ~[surefire-booter-2.22.2.jar:2.22.2]
Caused by: org.springframework.beans.factory.UnsatisfiedDependencyException: Error creating bean with name 'userProfileService' defined in file [D:\Users\GaD.Alex\Projects\aws-image-upload\target\classes\com\example\awsimageupload\profile\UserProfileService.class]: Unsatisfied dependency expressed through constructor parameter 0; nested exception is org.springframework.beans.factory.BeanCreationException: Error creating bean with name 'userProfileRepository' defined in com.example.awsimageupload.datastore.UserProfileRepository defined in @EnableMongoRepositories declared on MongoRepositoriesRegistrar.EnableMongoRepositoriesConfiguration: Invocation of init method failed; nested exception is org.springframework.data.repository.query.QueryCreationException: Could not create query for public abstract java.util.Optional com.example.awsimageupload.datastore.UserProfileRepository.selectUserProfileById(java.util.UUID); Reason: No property 'selectUserProfileById' found for type 'UserProfile'; nested exception is org.springframework.data.mapping.PropertyReferenceException: No property 'selectUserProfileById' found for type 'UserProfile'
	at org.springframework.beans.factory.support.ConstructorResolver.createArgumentArray(ConstructorResolver.java:800) ~[spring-beans-5.3.22.jar:5.3.22]
	at org.springframework.beans.factory.support.ConstructorResolver.autowireConstructor(ConstructorResolver.java:229) ~[spring-beans-5.3.22.jar:5.3.22]
	at org.springframework.beans.factory.support.AbstractAutowireCapableBeanFactory.autowireConstructor(AbstractAutowireCapableBeanFactory.java:1372) ~[spring-beans-5.3.22.jar:5.3.22]
	at org.springframework.beans.factory.support.AbstractAutowireCapableBeanFactory.createBeanInstance(AbstractAutowireCapableBeanFactory.java:1222) ~[spring-beans-5.3.22.jar:5.3.22]
	at org.springframework.beans.factory.support.AbstractAutowireCapableBeanFactory.doCreateBean(AbstractAutowireCapableBeanFactory.java:582) ~[spring-beans-5.3.22.jar:5.3.22]
	at org.springframework.beans.factory.support.AbstractAutowireCapableBeanFactory.createBean(AbstractAutowireCapableBeanFactory.java:542) ~[spring-beans-5.3.22.jar:5.3.22]
	at org.springframework.beans.factory.support.AbstractBeanFactory.lambda$doGetBean$0(AbstractBeanFactory.java:335) ~[spring-beans-5.3.22.jar:5.3.22]
	at org.springframework.beans.factory.support.DefaultSingletonBeanRegistry.getSingleton(DefaultSingletonBeanRegistry.java:234) ~[spring-beans-5.3.22.jar:5.3.22]
	at org.springframework.beans.factory.support.AbstractBeanFactory.doGetBean(AbstractBeanFactory.java:333) ~[spring-beans-5.3.22.jar:5.3.22]
	at org.springframework.beans.factory.support.AbstractBeanFactory.getBean(AbstractBeanFactory.java:208) ~[spring-beans-5.3.22.jar:5.3.22]
	at org.springframework.beans.factory.config.DependencyDescriptor.resolveCandidate(DependencyDescriptor.java:276) ~[spring-beans-5.3.22.jar:5.3.22]
	at org.springframework.beans.factory.support.DefaultListableBeanFactory.doResolveDependency(DefaultListableBeanFactory.java:1391) ~[spring-beans-5.3.22.jar:5.3.22]
	at org.springframework.beans.factory.support.DefaultListableBeanFactory.resolveDependency(DefaultListableBeanFactory.java:1311) ~[spring-beans-5.3.22.jar:5.3.22]
	at org.springframework.beans.factory.support.ConstructorResolver.resolveAutowiredArgument(ConstructorResolver.java:887) ~[spring-beans-5.3.22.jar:5.3.22]
	at org.springframework.beans.factory.support.ConstructorResolver.createArgumentArray(ConstructorResolver.java:791) ~[spring-beans-5.3.22.jar:5.3.22]
	... 85 common frames omitted
Caused by: org.springframework.beans.factory.BeanCreationException: Error creating bean with name 'userProfileRepository' defined in com.example.awsimageupload.datastore.UserProfileRepository defined in @EnableMongoRepositories declared on MongoRepositoriesRegistrar.EnableMongoRepositoriesConfiguration: Invocation of init method failed; nested exception is org.springframework.data.repository.query.QueryCreationException: Could not create query for public abstract java.util.Optional com.example.awsimageupload.datastore.UserProfileRepository.selectUserProfileById(java.util.UUID); Reason: No property 'selectUserProfileById' found for type 'UserProfile'; nested exception is org.springframework.data.mapping.PropertyReferenceException: No property 'selectUserProfileById' found for type 'UserProfile'
	at org.springframework.beans.factory.support.AbstractAutowireCapableBeanFactory.initializeBean(AbstractAutowireCapableBeanFactory.java:1804) ~[spring-beans-5.3.22.jar:5.3.22]
	at org.springframework.beans.factory.support.AbstractAutowireCapableBeanFactory.doCreateBean(AbstractAutowireCapableBeanFactory.java:620) ~[spring-beans-5.3.22.jar:5.3.22]
	at org.springframework.beans.factory.support.AbstractAutowireCapableBeanFactory.createBean(AbstractAutowireCapableBeanFactory.java:542) ~[spring-beans-5.3.22.jar:5.3.22]
	at org.springframework.beans.factory.support.AbstractBeanFactory.lambda$doGetBean$0(AbstractBeanFactory.java:335) ~[spring-beans-5.3.22.jar:5.3.22]
	at org.springframework.beans.factory.support.DefaultSingletonBeanRegistry.getSingleton(DefaultSingletonBeanRegistry.java:234) ~[spring-beans-5.3.22.jar:5.3.22]
	at org.springframework.beans.factory.support.AbstractBeanFactory.doGetBean(AbstractBeanFactory.java:333) ~[spring-beans-5.3.22.jar:5.3.22]
	at org.springframework.beans.factory.support.AbstractBeanFactory.getBean(AbstractBeanFactory.java:208) ~[spring-beans-5.3.22.jar:5.3.22]
	at org.springframework.beans.factory.config.DependencyDescriptor.resolveCandidate(DependencyDescriptor.java:276) ~[spring-beans-5.3.22.jar:5.3.22]
	at org.springframework.beans.factory.support.DefaultListableBeanFactory.doResolveDependency(DefaultListableBeanFactory.java:1391) ~[spring-beans-5.3.22.jar:5.3.22]
	at org.springframework.beans.factory.support.DefaultListableBeanFactory.resolveDependency(DefaultListableBeanFactory.java:1311) ~[spring-beans-5.3.22.jar:5.3.22]
	at org.springframework.beans.factory.support.ConstructorResolver.resolveAutowiredArgument(ConstructorResolver.java:887) ~[spring-beans-5.3.22.jar:5.3.22]
	at org.springframework.beans.factory.support.ConstructorResolver.createArgumentArray(ConstructorResolver.java:791) ~[spring-beans-5.3.22.jar:5.3.22]
	... 99 common frames omitted
Caused by: org.springframework.data.repository.query.QueryCreationException: Could not create query for public abstract java.util.Optional com.example.awsimageupload.datastore.UserProfileRepository.selectUserProfileById(java.util.UUID); Reason: No property 'selectUserProfileById' found for type 'UserProfile'; nested exception is org.springframework.data.mapping.PropertyReferenceException: No property 'selectUserProfileById' found for type 'UserProfile'
	at org.springframework.data.repository.query.QueryCreationException.create(QueryCreationException.java:101) ~[spring-data-commons-2.7.2.jar:2.7.2]
	at org.springframework.data.repository.core.support.QueryExecutorMethodInterceptor.lookupQuery(QueryExecutorMethodInterceptor.java:107) ~[spring-data-commons-2.7.2.jar:2.7.2]
	at org.springframework.data.repository.core.support.QueryExecutorMethodInterceptor.lambda$mapMethodsToQuery$1(QueryExecutorMethodInterceptor.java:95) ~[spring-data-commons-2.7.2.jar:2.7.2]
	at java.base/java.util.stream.ReferencePipeline$3$1.accept(ReferencePipeline.java:197) ~[na:na]
	at java.base/java.util.Iterator.forEachRemaining(Iterator.java:133) ~[na:na]
	at java.base/java.util.Collections$UnmodifiableCollection$1.forEachRemaining(Collections.java:1061) ~[na:na]
	at java.base/java.util.Spliterators$IteratorSpliterator.forEachRemaining(Spliterators.java:1845) ~[na:na]
	at java.base/java.util.stream.AbstractPipeline.copyInto(AbstractPipeline.java:509) ~[na:na]
	at java.base/java.util.stream.AbstractPipeline.wrapAndCopyInto(AbstractPipeline.java:499) ~[na:na]
	at java.base/java.util.stream.ReduceOps$ReduceOp.evaluateSequential(ReduceOps.java:921) ~[na:na]
	at java.base/java.util.stream.AbstractPipeline.evaluate(AbstractPipeline.java:234) ~[na:na]
	at java.base/java.util.stream.ReferencePipeline.collect(ReferencePipeline.java:682) ~[na:na]
	at org.springframework.data.repository.core.support.QueryExecutorMethodInterceptor.mapMethodsToQuery(QueryExecutorMethodInterceptor.java:97) ~[spring-data-commons-2.7.2.jar:2.7.2]
	at org.springframework.data.repository.core.support.QueryExecutorMethodInterceptor.lambda$new$0(QueryExecutorMethodInterceptor.java:87) ~[spring-data-commons-2.7.2.jar:2.7.2]
	at java.base/java.util.Optional.map(Optional.java:260) ~[na:na]
	at org.springframework.data.repository.core.support.QueryExecutorMethodInterceptor.<init>(QueryExecutorMethodInterceptor.java:87) ~[spring-data-commons-2.7.2.jar:2.7.2]
	at org.springframework.data.repository.core.support.RepositoryFactorySupport.getRepository(RepositoryFactorySupport.java:365) ~[spring-data-commons-2.7.2.jar:2.7.2]
	at org.springframework.data.repository.core.support.RepositoryFactoryBeanSupport.lambda$afterPropertiesSet$5(RepositoryFactoryBeanSupport.java:323) ~[spring-data-commons-2.7.2.jar:2.7.2]
	at org.springframework.data.util.Lazy.getNullable(Lazy.java:231) ~[spring-data-commons-2.7.2.jar:2.7.2]
	at org.springframework.data.util.Lazy.get(Lazy.java:115) ~[spring-data-commons-2.7.2.jar:2.7.2]
	at org.springframework.data.repository.core.support.RepositoryFactoryBeanSupport.afterPropertiesSet(RepositoryFactoryBeanSupport.java:329) ~[spring-data-commons-2.7.2.jar:2.7.2]
	at org.springframework.data.mongodb.repository.support.MongoRepositoryFactoryBean.afterPropertiesSet(MongoRepositoryFactoryBean.java:119) ~[spring-data-mongodb-3.4.2.jar:3.4.2]
	at org.springframework.beans.factory.support.AbstractAutowireCapableBeanFactory.invokeInitMethods(AbstractAutowireCapableBeanFactory.java:1863) ~[spring-beans-5.3.22.jar:5.3.22]
	at org.springframework.beans.factory.support.AbstractAutowireCapableBeanFactory.initializeBean(AbstractAutowireCapableBeanFactory.java:1800) ~[spring-beans-5.3.22.jar:5.3.22]
	... 110 common frames omitted
Caused by: org.springframework.data.mapping.PropertyReferenceException: No property 'selectUserProfileById' found for type 'UserProfile'
	at org.springframework.data.mapping.PropertyPath.<init>(PropertyPath.java:91) ~[spring-data-commons-2.7.2.jar:2.7.2]
	at org.springframework.data.mapping.PropertyPath.create(PropertyPath.java:438) ~[spring-data-commons-2.7.2.jar:2.7.2]
	at org.springframework.data.mapping.PropertyPath.create(PropertyPath.java:414) ~[spring-data-commons-2.7.2.jar:2.7.2]
	at org.springframework.data.mapping.PropertyPath.lambda$from$0(PropertyPath.java:367) ~[spring-data-commons-2.7.2.jar:2.7.2]
	at java.base/java.util.concurrent.ConcurrentMap.computeIfAbsent(ConcurrentMap.java:330) ~[na:na]
	at org.springframework.data.mapping.PropertyPath.from(PropertyPath.java:349) ~[spring-data-commons-2.7.2.jar:2.7.2]
	at org.springframework.data.mapping.PropertyPath.from(PropertyPath.java:332) ~[spring-data-commons-2.7.2.jar:2.7.2]
	at org.springframework.data.repository.query.parser.Part.<init>(Part.java:81) ~[spring-data-commons-2.7.2.jar:2.7.2]
	at org.springframework.data.repository.query.parser.PartTree$OrPart.lambda$new$0(PartTree.java:250) ~[spring-data-commons-2.7.2.jar:2.7.2]
	at java.base/java.util.stream.ReferencePipeline$3$1.accept(ReferencePipeline.java:197) ~[na:na]
	at java.base/java.util.stream.ReferencePipeline$2$1.accept(ReferencePipeline.java:179) ~[na:na]
	at java.base/java.util.Spliterators$ArraySpliterator.forEachRemaining(Spliterators.java:992) ~[na:na]
	at java.base/java.util.stream.AbstractPipeline.copyInto(AbstractPipeline.java:509) ~[na:na]
	at java.base/java.util.stream.AbstractPipeline.wrapAndCopyInto(AbstractPipeline.java:499) ~[na:na]
	at java.base/java.util.stream.ReduceOps$ReduceOp.evaluateSequential(ReduceOps.java:921) ~[na:na]
	at java.base/java.util.stream.AbstractPipeline.evaluate(AbstractPipeline.java:234) ~[na:na]
	at java.base/java.util.stream.ReferencePipeline.collect(ReferencePipeline.java:682) ~[na:na]
	at org.springframework.data.repository.query.parser.PartTree$OrPart.<init>(PartTree.java:251) ~[spring-data-commons-2.7.2.jar:2.7.2]
	at org.springframework.data.repository.query.parser.PartTree$Predicate.lambda$new$0(PartTree.java:384) ~[spring-data-commons-2.7.2.jar:2.7.2]
	at java.base/java.util.stream.ReferencePipeline$3$1.accept(ReferencePipeline.java:197) ~[na:na]
	at java.base/java.util.stream.ReferencePipeline$2$1.accept(ReferencePipeline.java:179) ~[na:na]
	at java.base/java.util.Spliterators$ArraySpliterator.forEachRemaining(Spliterators.java:992) ~[na:na]
	at java.base/java.util.stream.AbstractPipeline.copyInto(AbstractPipeline.java:509) ~[na:na]
	at java.base/java.util.stream.AbstractPipeline.wrapAndCopyInto(AbstractPipeline.java:499) ~[na:na]
	at java.base/java.util.stream.ReduceOps$ReduceOp.evaluateSequential(ReduceOps.java:921) ~[na:na]
	at java.base/java.util.stream.AbstractPipeline.evaluate(AbstractPipeline.java:234) ~[na:na]
	at java.base/java.util.stream.ReferencePipeline.collect(ReferencePipeline.java:682) ~[na:na]
	at org.springframework.data.repository.query.parser.PartTree$Predicate.<init>(PartTree.java:385) ~[spring-data-commons-2.7.2.jar:2.7.2]
	at org.springframework.data.repository.query.parser.PartTree.<init>(PartTree.java:93) ~[spring-data-commons-2.7.2.jar:2.7.2]
	at org.springframework.data.mongodb.repository.query.PartTreeMongoQuery.<init>(PartTreeMongoQuery.java:67) ~[spring-data-mongodb-3.4.2.jar:3.4.2]
	at org.springframework.data.mongodb.repository.support.MongoRepositoryFactory$MongoQueryLookupStrategy.resolveQuery(MongoRepositoryFactory.java:215) ~[spring-data-mongodb-3.4.2.jar:3.4.2]
	at org.springframework.data.repository.core.support.QueryExecutorMethodInterceptor.lookupQuery(QueryExecutorMethodInterceptor.java:103) ~[spring-data-commons-2.7.2.jar:2.7.2]
	... 132 common frames omitted

2022-09-19 21:45:14.543 ERROR 11480 --- [           main] o.s.test.context.TestContextManager      : Caught exception while allowing TestExecutionListener [org.springframework.test.context.web.ServletTestExecutionListener@4218500f] to prepare test instance [com.example.awsimageupload.MainTests@2513155a]

java.lang.IllegalStateException: Failed to load ApplicationContext
	at org.springframework.test.context.cache.DefaultCacheAwareContextLoaderDelegate.loadContext(DefaultCacheAwareContextLoaderDelegate.java:132) ~[spring-test-5.3.22.jar:5.3.22]
	at org.springframework.test.context.support.DefaultTestContext.getApplicationContext(DefaultTestContext.java:124) ~[spring-test-5.3.22.jar:5.3.22]
	at org.springframework.test.context.web.ServletTestExecutionListener.setUpRequestContextIfNecessary(ServletTestExecutionListener.java:190) ~[spring-test-5.3.22.jar:5.3.22]
	at org.springframework.test.context.web.ServletTestExecutionListener.prepareTestInstance(ServletTestExecutionListener.java:132) ~[spring-test-5.3.22.jar:5.3.22]
	at org.springframework.test.context.TestContextManager.prepareTestInstance(TestContextManager.java:248) ~[spring-test-5.3.22.jar:5.3.22]
	at org.springframework.test.context.junit.jupiter.SpringExtension.postProcessTestInstance(SpringExtension.java:138) ~[spring-test-5.3.22.jar:5.3.22]
	at org.junit.jupiter.engine.descriptor.ClassBasedTestDescriptor.lambda$invokeTestInstancePostProcessors$8(ClassBasedTestDescriptor.java:363) ~[junit-jupiter-engine-5.8.2.jar:5.8.2]
	at org.junit.jupiter.engine.descriptor.ClassBasedTestDescriptor.executeAndMaskThrowable(ClassBasedTestDescriptor.java:368) ~[junit-jupiter-engine-5.8.2.jar:5.8.2]
	at org.junit.jupiter.engine.descriptor.ClassBasedTestDescriptor.lambda$invokeTestInstancePostProcessors$9(ClassBasedTestDescriptor.java:363) ~[junit-jupiter-engine-5.8.2.jar:5.8.2]
	at java.base/java.util.stream.ReferencePipeline$3$1.accept(ReferencePipeline.java:197) ~[na:na]
	at java.base/java.util.stream.ReferencePipeline$2$1.accept(ReferencePipeline.java:179) ~[na:na]
	at java.base/java.util.ArrayList$ArrayListSpliterator.forEachRemaining(ArrayList.java:1625) ~[na:na]
	at java.base/java.util.stream.AbstractPipeline.copyInto(AbstractPipeline.java:509) ~[na:na]
	at java.base/java.util.stream.AbstractPipeline.wrapAndCopyInto(AbstractPipeline.java:499) ~[na:na]
	at java.base/java.util.stream.StreamSpliterators$WrappingSpliterator.forEachRemaining(StreamSpliterators.java:310) ~[na:na]
	at java.base/java.util.stream.Streams$ConcatSpliterator.forEachRemaining(Streams.java:735) ~[na:na]
	at java.base/java.util.stream.Streams$ConcatSpliterator.forEachRemaining(Streams.java:734) ~[na:na]
	at java.base/java.util.stream.ReferencePipeline$Head.forEach(ReferencePipeline.java:762) ~[na:na]
	at org.junit.jupiter.engine.descriptor.ClassBasedTestDescriptor.invokeTestInstancePostProcessors(ClassBasedTestDescriptor.java:362) ~[junit-jupiter-engine-5.8.2.jar:5.8.2]
	at org.junit.jupiter.engine.descriptor.ClassBasedTestDescriptor.lambda$instantiateAndPostProcessTestInstance$6(ClassBasedTestDescriptor.java:283) ~[junit-jupiter-engine-5.8.2.jar:5.8.2]
	at org.junit.platform.engine.support.hierarchical.ThrowableCollector.execute(ThrowableCollector.java:73) ~[junit-platform-engine-1.8.2.jar:1.8.2]
	at org.junit.jupiter.engine.descriptor.ClassBasedTestDescriptor.instantiateAndPostProcessTestInstance(ClassBasedTestDescriptor.java:282) ~[junit-jupiter-engine-5.8.2.jar:5.8.2]
	at org.junit.jupiter.engine.descriptor.ClassBasedTestDescriptor.lambda$testInstancesProvider$4(ClassBasedTestDescriptor.java:272) ~[junit-jupiter-engine-5.8.2.jar:5.8.2]
	at java.base/java.util.Optional.orElseGet(Optional.java:364) ~[na:na]
	at org.junit.jupiter.engine.descriptor.ClassBasedTestDescriptor.lambda$testInstancesProvider$5(ClassBasedTestDescriptor.java:271) ~[junit-jupiter-engine-5.8.2.jar:5.8.2]
	at org.junit.jupiter.engine.execution.TestInstancesProvider.getTestInstances(TestInstancesProvider.java:31) ~[junit-jupiter-engine-5.8.2.jar:5.8.2]
	at org.junit.jupiter.engine.descriptor.TestMethodTestDescriptor.lambda$prepare$0(TestMethodTestDescriptor.java:102) ~[junit-jupiter-engine-5.8.2.jar:5.8.2]
	at org.junit.platform.engine.support.hierarchical.ThrowableCollector.execute(ThrowableCollector.java:73) ~[junit-platform-engine-1.8.2.jar:1.8.2]
	at org.junit.jupiter.engine.descriptor.TestMethodTestDescriptor.prepare(TestMethodTestDescriptor.java:101) ~[junit-jupiter-engine-5.8.2.jar:5.8.2]
	at org.junit.jupiter.engine.descriptor.TestMethodTestDescriptor.prepare(TestMethodTestDescriptor.java:66) ~[junit-jupiter-engine-5.8.2.jar:5.8.2]
	at org.junit.platform.engine.support.hierarchical.NodeTestTask.lambda$prepare$2(NodeTestTask.java:123) ~[junit-platform-engine-1.8.2.jar:1.8.2]
	at org.junit.platform.engine.support.hierarchical.ThrowableCollector.execute(ThrowableCollector.java:73) ~[junit-platform-engine-1.8.2.jar:1.8.2]
	at org.junit.platform.engine.support.hierarchical.NodeTestTask.prepare(NodeTestTask.java:123) ~[junit-platform-engine-1.8.2.jar:1.8.2]
	at org.junit.platform.engine.support.hierarchical.NodeTestTask.execute(NodeTestTask.java:90) ~[junit-platform-engine-1.8.2.jar:1.8.2]
	at java.base/java.util.ArrayList.forEach(ArrayList.java:1511) ~[na:na]
	at org.junit.platform.engine.support.hierarchical.SameThreadHierarchicalTestExecutorService.invokeAll(SameThreadHierarchicalTestExecutorService.java:41) ~[junit-platform-engine-1.8.2.jar:1.8.2]
	at org.junit.platform.engine.support.hierarchical.NodeTestTask.lambda$executeRecursively$6(NodeTestTask.java:155) ~[junit-platform-engine-1.8.2.jar:1.8.2]
	at org.junit.platform.engine.support.hierarchical.ThrowableCollector.execute(ThrowableCollector.java:73) ~[junit-platform-engine-1.8.2.jar:1.8.2]
	at org.junit.platform.engine.support.hierarchical.NodeTestTask.lambda$executeRecursively$8(NodeTestTask.java:141) ~[junit-platform-engine-1.8.2.jar:1.8.2]
	at org.junit.platform.engine.support.hierarchical.Node.around(Node.java:137) ~[junit-platform-engine-1.8.2.jar:1.8.2]
	at org.junit.platform.engine.support.hierarchical.NodeTestTask.lambda$executeRecursively$9(NodeTestTask.java:139) ~[junit-platform-engine-1.8.2.jar:1.8.2]
	at org.junit.platform.engine.support.hierarchical.ThrowableCollector.execute(ThrowableCollector.java:73) ~[junit-platform-engine-1.8.2.jar:1.8.2]
	at org.junit.platform.engine.support.hierarchical.NodeTestTask.executeRecursively(NodeTestTask.java:138) ~[junit-platform-engine-1.8.2.jar:1.8.2]
	at org.junit.platform.engine.support.hierarchical.NodeTestTask.execute(NodeTestTask.java:95) ~[junit-platform-engine-1.8.2.jar:1.8.2]
	at java.base/java.util.ArrayList.forEach(ArrayList.java:1511) ~[na:na]
	at org.junit.platform.engine.support.hierarchical.SameThreadHierarchicalTestExecutorService.invokeAll(SameThreadHierarchicalTestExecutorService.java:41) ~[junit-platform-engine-1.8.2.jar:1.8.2]
	at org.junit.platform.engine.support.hierarchical.NodeTestTask.lambda$executeRecursively$6(NodeTestTask.java:155) ~[junit-platform-engine-1.8.2.jar:1.8.2]
	at org.junit.platform.engine.support.hierarchical.ThrowableCollector.execute(ThrowableCollector.java:73) ~[junit-platform-engine-1.8.2.jar:1.8.2]
	at org.junit.platform.engine.support.hierarchical.NodeTestTask.lambda$executeRecursively$8(NodeTestTask.java:141) ~[junit-platform-engine-1.8.2.jar:1.8.2]
	at org.junit.platform.engine.support.hierarchical.Node.around(Node.java:137) ~[junit-platform-engine-1.8.2.jar:1.8.2]
	at org.junit.platform.engine.support.hierarchical.NodeTestTask.lambda$executeRecursively$9(NodeTestTask.java:139) ~[junit-platform-engine-1.8.2.jar:1.8.2]
	at org.junit.platform.engine.support.hierarchical.ThrowableCollector.execute(ThrowableCollector.java:73) ~[junit-platform-engine-1.8.2.jar:1.8.2]
	at org.junit.platform.engine.support.hierarchical.NodeTestTask.executeRecursively(NodeTestTask.java:138) ~[junit-platform-engine-1.8.2.jar:1.8.2]
	at org.junit.platform.engine.support.hierarchical.NodeTestTask.execute(NodeTestTask.java:95) ~[junit-platform-engine-1.8.2.jar:1.8.2]
	at org.junit.platform.engine.support.hierarchical.SameThreadHierarchicalTestExecutorService.submit(SameThreadHierarchicalTestExecutorService.java:35) ~[junit-platform-engine-1.8.2.jar:1.8.2]
	at org.junit.platform.engine.support.hierarchical.HierarchicalTestExecutor.execute(HierarchicalTestExecutor.java:57) ~[junit-platform-engine-1.8.2.jar:1.8.2]
	at org.junit.platform.engine.support.hierarchical.HierarchicalTestEngine.execute(HierarchicalTestEngine.java:54) ~[junit-platform-engine-1.8.2.jar:1.8.2]
	at org.junit.platform.launcher.core.DefaultLauncher.execute(DefaultLauncher.java:220) ~[junit-platform-launcher-1.3.1.jar:1.3.1]
	at org.junit.platform.launcher.core.DefaultLauncher.lambda$execute$6(DefaultLauncher.java:188) ~[junit-platform-launcher-1.3.1.jar:1.3.1]
	at org.junit.platform.launcher.core.DefaultLauncher.withInterceptedStreams(DefaultLauncher.java:202) ~[junit-platform-launcher-1.3.1.jar:1.3.1]
	at org.junit.platform.launcher.core.DefaultLauncher.execute(DefaultLauncher.java:181) ~[junit-platform-launcher-1.3.1.jar:1.3.1]
	at org.junit.platform.launcher.core.DefaultLauncher.execute(DefaultLauncher.java:128) ~[junit-platform-launcher-1.3.1.jar:1.3.1]
	at org.apache.maven.surefire.junitplatform.JUnitPlatformProvider.invokeAllTests(JUnitPlatformProvider.java:150) ~[surefire-junit-platform-2.22.2.jar:2.22.2]
	at org.apache.maven.surefire.junitplatform.JUnitPlatformProvider.invoke(JUnitPlatformProvider.java:124) ~[surefire-junit-platform-2.22.2.jar:2.22.2]
	at org.apache.maven.surefire.booter.ForkedBooter.invokeProviderInSameClassLoader(ForkedBooter.java:384) ~[surefire-booter-2.22.2.jar:2.22.2]
	at org.apache.maven.surefire.booter.ForkedBooter.runSuitesInProcess(ForkedBooter.java:345) ~[surefire-booter-2.22.2.jar:2.22.2]
	at org.apache.maven.surefire.booter.ForkedBooter.execute(ForkedBooter.java:126) ~[surefire-booter-2.22.2.jar:2.22.2]
	at org.apache.maven.surefire.booter.ForkedBooter.main(ForkedBooter.java:418) ~[surefire-booter-2.22.2.jar:2.22.2]
Caused by: org.springframework.beans.factory.UnsatisfiedDependencyException: Error creating bean with name 'userProfileController' defined in file [D:\Users\GaD.Alex\Projects\aws-image-upload\target\classes\com\example\awsimageupload\profile\UserProfileController.class]: Unsatisfied dependency expressed through constructor parameter 0; nested exception is org.springframework.beans.factory.UnsatisfiedDependencyException: Error creating bean with name 'userProfileService' defined in file [D:\Users\GaD.Alex\Projects\aws-image-upload\target\classes\com\example\awsimageupload\profile\UserProfileService.class]: Unsatisfied dependency expressed through constructor parameter 0; nested exception is org.springframework.beans.factory.BeanCreationException: Error creating bean with name 'userProfileRepository' defined in com.example.awsimageupload.datastore.UserProfileRepository defined in @EnableMongoRepositories declared on MongoRepositoriesRegistrar.EnableMongoRepositoriesConfiguration: Invocation of init method failed; nested exception is org.springframework.data.repository.query.QueryCreationException: Could not create query for public abstract java.util.Optional com.example.awsimageupload.datastore.UserProfileRepository.selectUserProfileById(java.util.UUID); Reason: No property 'selectUserProfileById' found for type 'UserProfile'; nested exception is org.springframework.data.mapping.PropertyReferenceException: No property 'selectUserProfileById' found for type 'UserProfile'
	at org.springframework.beans.factory.support.ConstructorResolver.createArgumentArray(ConstructorResolver.java:800) ~[spring-beans-5.3.22.jar:5.3.22]
	at org.springframework.beans.factory.support.ConstructorResolver.autowireConstructor(ConstructorResolver.java:229) ~[spring-beans-5.3.22.jar:5.3.22]
	at org.springframework.beans.factory.support.AbstractAutowireCapableBeanFactory.autowireConstructor(AbstractAutowireCapableBeanFactory.java:1372) ~[spring-beans-5.3.22.jar:5.3.22]
	at org.springframework.beans.factory.support.AbstractAutowireCapableBeanFactory.createBeanInstance(AbstractAutowireCapableBeanFactory.java:1222) ~[spring-beans-5.3.22.jar:5.3.22]
	at org.springframework.beans.factory.support.AbstractAutowireCapableBeanFactory.doCreateBean(AbstractAutowireCapableBeanFactory.java:582) ~[spring-beans-5.3.22.jar:5.3.22]
	at org.springframework.beans.factory.support.AbstractAutowireCapableBeanFactory.createBean(AbstractAutowireCapableBeanFactory.java:542) ~[spring-beans-5.3.22.jar:5.3.22]
	at org.springframework.beans.factory.support.AbstractBeanFactory.lambda$doGetBean$0(AbstractBeanFactory.java:335) ~[spring-beans-5.3.22.jar:5.3.22]
	at org.springframework.beans.factory.support.DefaultSingletonBeanRegistry.getSingleton(DefaultSingletonBeanRegistry.java:234) ~[spring-beans-5.3.22.jar:5.3.22]
	at org.springframework.beans.factory.support.AbstractBeanFactory.doGetBean(AbstractBeanFactory.java:333) ~[spring-beans-5.3.22.jar:5.3.22]
	at org.springframework.beans.factory.support.AbstractBeanFactory.getBean(AbstractBeanFactory.java:208) ~[spring-beans-5.3.22.jar:5.3.22]
	at org.springframework.beans.factory.support.DefaultListableBeanFactory.preInstantiateSingletons(DefaultListableBeanFactory.java:955) ~[spring-beans-5.3.22.jar:5.3.22]
	at org.springframework.context.support.AbstractApplicationContext.finishBeanFactoryInitialization(AbstractApplicationContext.java:918) ~[spring-context-5.3.22.jar:5.3.22]
	at org.springframework.context.support.AbstractApplicationContext.refresh(AbstractApplicationContext.java:583) ~[spring-context-5.3.22.jar:5.3.22]
	at org.springframework.boot.SpringApplication.refresh(SpringApplication.java:734) ~[spring-boot-2.7.3.jar:2.7.3]
	at org.springframework.boot.SpringApplication.refreshContext(SpringApplication.java:408) ~[spring-boot-2.7.3.jar:2.7.3]
	at org.springframework.boot.SpringApplication.run(SpringApplication.java:308) ~[spring-boot-2.7.3.jar:2.7.3]
	at org.springframework.boot.test.context.SpringBootContextLoader.loadContext(SpringBootContextLoader.java:132) ~[spring-boot-test-2.7.3.jar:2.7.3]
	at org.springframework.test.context.cache.DefaultCacheAwareContextLoaderDelegate.loadContextInternal(DefaultCacheAwareContextLoaderDelegate.java:99) ~[spring-test-5.3.22.jar:5.3.22]
	at org.springframework.test.context.cache.DefaultCacheAwareContextLoaderDelegate.loadContext(DefaultCacheAwareContextLoaderDelegate.java:124) ~[spring-test-5.3.22.jar:5.3.22]
	... 67 common frames omitted
Caused by: org.springframework.beans.factory.UnsatisfiedDependencyException: Error creating bean with name 'userProfileService' defined in file [D:\Users\GaD.Alex\Projects\aws-image-upload\target\classes\com\example\awsimageupload\profile\UserProfileService.class]: Unsatisfied dependency expressed through constructor parameter 0; nested exception is org.springframework.beans.factory.BeanCreationException: Error creating bean with name 'userProfileRepository' defined in com.example.awsimageupload.datastore.UserProfileRepository defined in @EnableMongoRepositories declared on MongoRepositoriesRegistrar.EnableMongoRepositoriesConfiguration: Invocation of init method failed; nested exception is org.springframework.data.repository.query.QueryCreationException: Could not create query for public abstract java.util.Optional com.example.awsimageupload.datastore.UserProfileRepository.selectUserProfileById(java.util.UUID); Reason: No property 'selectUserProfileById' found for type 'UserProfile'; nested exception is org.springframework.data.mapping.PropertyReferenceException: No property 'selectUserProfileById' found for type 'UserProfile'
	at org.springframework.beans.factory.support.ConstructorResolver.createArgumentArray(ConstructorResolver.java:800) ~[spring-beans-5.3.22.jar:5.3.22]
	at org.springframework.beans.factory.support.ConstructorResolver.autowireConstructor(ConstructorResolver.java:229) ~[spring-beans-5.3.22.jar:5.3.22]
	at org.springframework.beans.factory.support.AbstractAutowireCapableBeanFactory.autowireConstructor(AbstractAutowireCapableBeanFactory.java:1372) ~[spring-beans-5.3.22.jar:5.3.22]
	at org.springframework.beans.factory.support.AbstractAutowireCapableBeanFactory.createBeanInstance(AbstractAutowireCapableBeanFactory.java:1222) ~[spring-beans-5.3.22.jar:5.3.22]
	at org.springframework.beans.factory.support.AbstractAutowireCapableBeanFactory.doCreateBean(AbstractAutowireCapableBeanFactory.java:582) ~[spring-beans-5.3.22.jar:5.3.22]
	at org.springframework.beans.factory.support.AbstractAutowireCapableBeanFactory.createBean(AbstractAutowireCapableBeanFactory.java:542) ~[spring-beans-5.3.22.jar:5.3.22]
	at org.springframework.beans.factory.support.AbstractBeanFactory.lambda$doGetBean$0(AbstractBeanFactory.java:335) ~[spring-beans-5.3.22.jar:5.3.22]
	at org.springframework.beans.factory.support.DefaultSingletonBeanRegistry.getSingleton(DefaultSingletonBeanRegistry.java:234) ~[spring-beans-5.3.22.jar:5.3.22]
	at org.springframework.beans.factory.support.AbstractBeanFactory.doGetBean(AbstractBeanFactory.java:333) ~[spring-beans-5.3.22.jar:5.3.22]
	at org.springframework.beans.factory.support.AbstractBeanFactory.getBean(AbstractBeanFactory.java:208) ~[spring-beans-5.3.22.jar:5.3.22]
	at org.springframework.beans.factory.config.DependencyDescriptor.resolveCandidate(DependencyDescriptor.java:276) ~[spring-beans-5.3.22.jar:5.3.22]
	at org.springframework.beans.factory.support.DefaultListableBeanFactory.doResolveDependency(DefaultListableBeanFactory.java:1391) ~[spring-beans-5.3.22.jar:5.3.22]
	at org.springframework.beans.factory.support.DefaultListableBeanFactory.resolveDependency(DefaultListableBeanFactory.java:1311) ~[spring-beans-5.3.22.jar:5.3.22]
	at org.springframework.beans.factory.support.ConstructorResolver.resolveAutowiredArgument(ConstructorResolver.java:887) ~[spring-beans-5.3.22.jar:5.3.22]
	at org.springframework.beans.factory.support.ConstructorResolver.createArgumentArray(ConstructorResolver.java:791) ~[spring-beans-5.3.22.jar:5.3.22]
	... 85 common frames omitted
Caused by: org.springframework.beans.factory.BeanCreationException: Error creating bean with name 'userProfileRepository' defined in com.example.awsimageupload.datastore.UserProfileRepository defined in @EnableMongoRepositories declared on MongoRepositoriesRegistrar.EnableMongoRepositoriesConfiguration: Invocation of init method failed; nested exception is org.springframework.data.repository.query.QueryCreationException: Could not create query for public abstract java.util.Optional com.example.awsimageupload.datastore.UserProfileRepository.selectUserProfileById(java.util.UUID); Reason: No property 'selectUserProfileById' found for type 'UserProfile'; nested exception is org.springframework.data.mapping.PropertyReferenceException: No property 'selectUserProfileById' found for type 'UserProfile'
	at org.springframework.beans.factory.support.AbstractAutowireCapableBeanFactory.initializeBean(AbstractAutowireCapableBeanFactory.java:1804) ~[spring-beans-5.3.22.jar:5.3.22]
	at org.springframework.beans.factory.support.AbstractAutowireCapableBeanFactory.doCreateBean(AbstractAutowireCapableBeanFactory.java:620) ~[spring-beans-5.3.22.jar:5.3.22]
	at org.springframework.beans.factory.support.AbstractAutowireCapableBeanFactory.createBean(AbstractAutowireCapableBeanFactory.java:542) ~[spring-beans-5.3.22.jar:5.3.22]
	at org.springframework.beans.factory.support.AbstractBeanFactory.lambda$doGetBean$0(AbstractBeanFactory.java:335) ~[spring-beans-5.3.22.jar:5.3.22]
	at org.springframework.beans.factory.support.DefaultSingletonBeanRegistry.getSingleton(DefaultSingletonBeanRegistry.java:234) ~[spring-beans-5.3.22.jar:5.3.22]
	at org.springframework.beans.factory.support.AbstractBeanFactory.doGetBean(AbstractBeanFactory.java:333) ~[spring-beans-5.3.22.jar:5.3.22]
	at org.springframework.beans.factory.support.AbstractBeanFactory.getBean(AbstractBeanFactory.java:208) ~[spring-beans-5.3.22.jar:5.3.22]
	at org.springframework.beans.factory.config.DependencyDescriptor.resolveCandidate(DependencyDescriptor.java:276) ~[spring-beans-5.3.22.jar:5.3.22]
	at org.springframework.beans.factory.support.DefaultListableBeanFactory.doResolveDependency(DefaultListableBeanFactory.java:1391) ~[spring-beans-5.3.22.jar:5.3.22]
	at org.springframework.beans.factory.support.DefaultListableBeanFactory.resolveDependency(DefaultListableBeanFactory.java:1311) ~[spring-beans-5.3.22.jar:5.3.22]
	at org.springframework.beans.factory.support.ConstructorResolver.resolveAutowiredArgument(ConstructorResolver.java:887) ~[spring-beans-5.3.22.jar:5.3.22]
	at org.springframework.beans.factory.support.ConstructorResolver.createArgumentArray(ConstructorResolver.java:791) ~[spring-beans-5.3.22.jar:5.3.22]
	... 99 common frames omitted
Caused by: org.springframework.data.repository.query.QueryCreationException: Could not create query for public abstract java.util.Optional com.example.awsimageupload.datastore.UserProfileRepository.selectUserProfileById(java.util.UUID); Reason: No property 'selectUserProfileById' found for type 'UserProfile'; nested exception is org.springframework.data.mapping.PropertyReferenceException: No property 'selectUserProfileById' found for type 'UserProfile'
	at org.springframework.data.repository.query.QueryCreationException.create(QueryCreationException.java:101) ~[spring-data-commons-2.7.2.jar:2.7.2]
	at org.springframework.data.repository.core.support.QueryExecutorMethodInterceptor.lookupQuery(QueryExecutorMethodInterceptor.java:107) ~[spring-data-commons-2.7.2.jar:2.7.2]
	at org.springframework.data.repository.core.support.QueryExecutorMethodInterceptor.lambda$mapMethodsToQuery$1(QueryExecutorMethodInterceptor.java:95) ~[spring-data-commons-2.7.2.jar:2.7.2]
	at java.base/java.util.stream.ReferencePipeline$3$1.accept(ReferencePipeline.java:197) ~[na:na]
	at java.base/java.util.Iterator.forEachRemaining(Iterator.java:133) ~[na:na]
	at java.base/java.util.Collections$UnmodifiableCollection$1.forEachRemaining(Collections.java:1061) ~[na:na]
	at java.base/java.util.Spliterators$IteratorSpliterator.forEachRemaining(Spliterators.java:1845) ~[na:na]
	at java.base/java.util.stream.AbstractPipeline.copyInto(AbstractPipeline.java:509) ~[na:na]
	at java.base/java.util.stream.AbstractPipeline.wrapAndCopyInto(AbstractPipeline.java:499) ~[na:na]
	at java.base/java.util.stream.ReduceOps$ReduceOp.evaluateSequential(ReduceOps.java:921) ~[na:na]
	at java.base/java.util.stream.AbstractPipeline.evaluate(AbstractPipeline.java:234) ~[na:na]
	at java.base/java.util.stream.ReferencePipeline.collect(ReferencePipeline.java:682) ~[na:na]
	at org.springframework.data.repository.core.support.QueryExecutorMethodInterceptor.mapMethodsToQuery(QueryExecutorMethodInterceptor.java:97) ~[spring-data-commons-2.7.2.jar:2.7.2]
	at org.springframework.data.repository.core.support.QueryExecutorMethodInterceptor.lambda$new$0(QueryExecutorMethodInterceptor.java:87) ~[spring-data-commons-2.7.2.jar:2.7.2]
	at java.base/java.util.Optional.map(Optional.java:260) ~[na:na]
	at org.springframework.data.repository.core.support.QueryExecutorMethodInterceptor.<init>(QueryExecutorMethodInterceptor.java:87) ~[spring-data-commons-2.7.2.jar:2.7.2]
	at org.springframework.data.repository.core.support.RepositoryFactorySupport.getRepository(RepositoryFactorySupport.java:365) ~[spring-data-commons-2.7.2.jar:2.7.2]
	at org.springframework.data.repository.core.support.RepositoryFactoryBeanSupport.lambda$afterPropertiesSet$5(RepositoryFactoryBeanSupport.java:323) ~[spring-data-commons-2.7.2.jar:2.7.2]
	at org.springframework.data.util.Lazy.getNullable(Lazy.java:231) ~[spring-data-commons-2.7.2.jar:2.7.2]
	at org.springframework.data.util.Lazy.get(Lazy.java:115) ~[spring-data-commons-2.7.2.jar:2.7.2]
	at org.springframework.data.repository.core.support.RepositoryFactoryBeanSupport.afterPropertiesSet(RepositoryFactoryBeanSupport.java:329) ~[spring-data-commons-2.7.2.jar:2.7.2]
	at org.springframework.data.mongodb.repository.support.MongoRepositoryFactoryBean.afterPropertiesSet(MongoRepositoryFactoryBean.java:119) ~[spring-data-mongodb-3.4.2.jar:3.4.2]
	at org.springframework.beans.factory.support.AbstractAutowireCapableBeanFactory.invokeInitMethods(AbstractAutowireCapableBeanFactory.java:1863) ~[spring-beans-5.3.22.jar:5.3.22]
	at org.springframework.beans.factory.support.AbstractAutowireCapableBeanFactory.initializeBean(AbstractAutowireCapableBeanFactory.java:1800) ~[spring-beans-5.3.22.jar:5.3.22]
	... 110 common frames omitted
Caused by: org.springframework.data.mapping.PropertyReferenceException: No property 'selectUserProfileById' found for type 'UserProfile'
	at org.springframework.data.mapping.PropertyPath.<init>(PropertyPath.java:91) ~[spring-data-commons-2.7.2.jar:2.7.2]
	at org.springframework.data.mapping.PropertyPath.create(PropertyPath.java:438) ~[spring-data-commons-2.7.2.jar:2.7.2]
	at org.springframework.data.mapping.PropertyPath.create(PropertyPath.java:414) ~[spring-data-commons-2.7.2.jar:2.7.2]
	at org.springframework.data.mapping.PropertyPath.lambda$from$0(PropertyPath.java:367) ~[spring-data-commons-2.7.2.jar:2.7.2]
	at java.base/java.util.concurrent.ConcurrentMap.computeIfAbsent(ConcurrentMap.java:330) ~[na:na]
	at org.springframework.data.mapping.PropertyPath.from(PropertyPath.java:349) ~[spring-data-commons-2.7.2.jar:2.7.2]
	at org.springframework.data.mapping.PropertyPath.from(PropertyPath.java:332) ~[spring-data-commons-2.7.2.jar:2.7.2]
	at org.springframework.data.repository.query.parser.Part.<init>(Part.java:81) ~[spring-data-commons-2.7.2.jar:2.7.2]
	at org.springframework.data.repository.query.parser.PartTree$OrPart.lambda$new$0(PartTree.java:250) ~[spring-data-commons-2.7.2.jar:2.7.2]
	at java.base/java.util.stream.ReferencePipeline$3$1.accept(ReferencePipeline.java:197) ~[na:na]
	at java.base/java.util.stream.ReferencePipeline$2$1.accept(ReferencePipeline.java:179) ~[na:na]
	at java.base/java.util.Spliterators$ArraySpliterator.forEachRemaining(Spliterators.java:992) ~[na:na]
	at java.base/java.util.stream.AbstractPipeline.copyInto(AbstractPipeline.java:509) ~[na:na]
	at java.base/java.util.stream.AbstractPipeline.wrapAndCopyInto(AbstractPipeline.java:499) ~[na:na]
	at java.base/java.util.stream.ReduceOps$ReduceOp.evaluateSequential(ReduceOps.java:921) ~[na:na]
	at java.base/java.util.stream.AbstractPipeline.evaluate(AbstractPipeline.java:234) ~[na:na]
	at java.base/java.util.stream.ReferencePipeline.collect(ReferencePipeline.java:682) ~[na:na]
	at org.springframework.data.repository.query.parser.PartTree$OrPart.<init>(PartTree.java:251) ~[spring-data-commons-2.7.2.jar:2.7.2]
	at org.springframework.data.repository.query.parser.PartTree$Predicate.lambda$new$0(PartTree.java:384) ~[spring-data-commons-2.7.2.jar:2.7.2]
	at java.base/java.util.stream.ReferencePipeline$3$1.accept(ReferencePipeline.java:197) ~[na:na]
	at java.base/java.util.stream.ReferencePipeline$2$1.accept(ReferencePipeline.java:179) ~[na:na]
	at java.base/java.util.Spliterators$ArraySpliterator.forEachRemaining(Spliterators.java:992) ~[na:na]
	at java.base/java.util.stream.AbstractPipeline.copyInto(AbstractPipeline.java:509) ~[na:na]
	at java.base/java.util.stream.AbstractPipeline.wrapAndCopyInto(AbstractPipeline.java:499) ~[na:na]
	at java.base/java.util.stream.ReduceOps$ReduceOp.evaluateSequential(ReduceOps.java:921) ~[na:na]
	at java.base/java.util.stream.AbstractPipeline.evaluate(AbstractPipeline.java:234) ~[na:na]
	at java.base/java.util.stream.ReferencePipeline.collect(ReferencePipeline.java:682) ~[na:na]
	at org.springframework.data.repository.query.parser.PartTree$Predicate.<init>(PartTree.java:385) ~[spring-data-commons-2.7.2.jar:2.7.2]
	at org.springframework.data.repository.query.parser.PartTree.<init>(PartTree.java:93) ~[spring-data-commons-2.7.2.jar:2.7.2]
	at org.springframework.data.mongodb.repository.query.PartTreeMongoQuery.<init>(PartTreeMongoQuery.java:67) ~[spring-data-mongodb-3.4.2.jar:3.4.2]
	at org.springframework.data.mongodb.repository.support.MongoRepositoryFactory$MongoQueryLookupStrategy.resolveQuery(MongoRepositoryFactory.java:215) ~[spring-data-mongodb-3.4.2.jar:3.4.2]
	at org.springframework.data.repository.core.support.QueryExecutorMethodInterceptor.lookupQuery(QueryExecutorMethodInterceptor.java:103) ~[spring-data-commons-2.7.2.jar:2.7.2]
	... 132 common frames omitted

]]></system-out>
  </testcase>
</testsuite>